Copyright 1986-2022 Xilinx, Inc. All Rights Reserved.
------------------------------------------------------------------------------------------
| Tool Version : Vivado v.2022.2 (lin64) Build 3671981 Fri Oct 14 04:59:54 MDT 2022
| Date         : Fri Mar 31 13:40:28 2023
| Host         : yavin running 64-bit Ubuntu 20.04.5 LTS
| Command      : report_timing_summary -file ./report/fixed_to_float_top_timing_synth.rpt
| Design       : bd_0_wrapper
| Device       : 7z020-clg400
| Speed File   : -1  PRODUCTION 1.12 2019-11-22
------------------------------------------------------------------------------------------

Timing Summary Report

------------------------------------------------------------------------------------------------
| Timer Settings
| --------------
------------------------------------------------------------------------------------------------

  Enable Multi Corner Analysis               :  Yes
  Enable Pessimism Removal                   :  Yes
  Pessimism Removal Resolution               :  Nearest Common Node
  Enable Input Delay Default Clock           :  No
  Enable Preset / Clear Arcs                 :  No
  Disable Flight Delays                      :  No
  Ignore I/O Paths                           :  No
  Timing Early Launch at Borrowing Latches   :  No
  Borrow Time for Max Delay Exceptions       :  Yes
  Merge Timing Exceptions                    :  Yes

  Corner  Analyze    Analyze    
  Name    Max Paths  Min Paths  
  ------  ---------  ---------  
  Slow    Yes        Yes        
  Fast    Yes        Yes        


------------------------------------------------------------------------------------------------
| Report Methodology
| ------------------
------------------------------------------------------------------------------------------------

No report available as report_methodology has not been run prior. Run report_methodology on the current design for the summary of methodology violations.



check_timing report

Table of Contents
-----------------
1. checking no_clock (0)
2. checking constant_clock (0)
3. checking pulse_width_clock (0)
4. checking unconstrained_internal_endpoints (0)
5. checking no_input_delay (66)
6. checking no_output_delay (68)
7. checking multiple_clock (0)
8. checking generated_clocks (0)
9. checking loops (0)
10. checking partial_input_delay (0)
11. checking partial_output_delay (0)
12. checking latch_loops (0)

1. checking no_clock (0)
------------------------
 There are 0 register/latch pins with no clock.


2. checking constant_clock (0)
------------------------------
 There are 0 register/latch pins with constant_clock.


3. checking pulse_width_clock (0)
---------------------------------
 There are 0 register/latch pins which need pulse_width check


4. checking unconstrained_internal_endpoints (0)
------------------------------------------------
 There are 0 pins that are not constrained for maximum delay.

 There are 0 pins that are not constrained for maximum delay due to constant clock.


5. checking no_input_delay (66)
-------------------------------
 There are 66 input ports with no input delay specified. (HIGH)

 There are 0 input ports with no input delay but user has a false path constraint.


6. checking no_output_delay (68)
--------------------------------
 There are 68 ports with no output delay specified. (HIGH)

 There are 0 ports with no output delay but user has a false path constraint

 There are 0 ports with no output delay but with a timing clock defined on it or propagating through it


7. checking multiple_clock (0)
------------------------------
 There are 0 register/latch pins with multiple clocks.


8. checking generated_clocks (0)
--------------------------------
 There are 0 generated clocks that are not connected to a clock source.


9. checking loops (0)
---------------------
 There are 0 combinational loops in the design.


10. checking partial_input_delay (0)
------------------------------------
 There are 0 input ports with partial input delay specified.


11. checking partial_output_delay (0)
-------------------------------------
 There are 0 ports with partial output delay specified.


12. checking latch_loops (0)
----------------------------
 There are 0 combinational latch loops in the design through latch input



------------------------------------------------------------------------------------------------
| Design Timing Summary
| ---------------------
------------------------------------------------------------------------------------------------

    WNS(ns)      TNS(ns)  TNS Failing Endpoints  TNS Total Endpoints      WHS(ns)      THS(ns)  THS Failing Endpoints  THS Total Endpoints     WPWS(ns)     TPWS(ns)  TPWS Failing Endpoints  TPWS Total Endpoints  
    -------      -------  ---------------------  -------------------      -------      -------  ---------------------  -------------------     --------     --------  ----------------------  --------------------  
     39.324        0.000                      0                  315        0.262        0.000                      0                  315       24.500        0.000                       0                   189  


All user specified timing constraints are met.


------------------------------------------------------------------------------------------------
| Clock Summary
| -------------
------------------------------------------------------------------------------------------------

Clock   Waveform(ns)       Period(ns)      Frequency(MHz)
-----   ------------       ----------      --------------
ap_clk  {0.000 25.000}     50.000          20.000          


------------------------------------------------------------------------------------------------
| Intra Clock Table
| -----------------
------------------------------------------------------------------------------------------------

Clock             WNS(ns)      TNS(ns)  TNS Failing Endpoints  TNS Total Endpoints      WHS(ns)      THS(ns)  THS Failing Endpoints  THS Total Endpoints     WPWS(ns)     TPWS(ns)  TPWS Failing Endpoints  TPWS Total Endpoints  
-----             -------      -------  ---------------------  -------------------      -------      -------  ---------------------  -------------------     --------     --------  ----------------------  --------------------  
ap_clk             39.324        0.000                      0                  315        0.262        0.000                      0                  315       24.500        0.000                       0                   189  


------------------------------------------------------------------------------------------------
| Inter Clock Table
| -----------------
------------------------------------------------------------------------------------------------

From Clock    To Clock          WNS(ns)      TNS(ns)  TNS Failing Endpoints  TNS Total Endpoints      WHS(ns)      THS(ns)  THS Failing Endpoints  THS Total Endpoints  
----------    --------          -------      -------  ---------------------  -------------------      -------      -------  ---------------------  -------------------  


------------------------------------------------------------------------------------------------
| Other Path Groups Table
| -----------------------
------------------------------------------------------------------------------------------------

Path Group    From Clock    To Clock          WNS(ns)      TNS(ns)  TNS Failing Endpoints  TNS Total Endpoints      WHS(ns)      THS(ns)  THS Failing Endpoints  THS Total Endpoints  
----------    ----------    --------          -------      -------  ---------------------  -------------------      -------      -------  ---------------------  -------------------  


------------------------------------------------------------------------------------------------
| Timing Details
| --------------
------------------------------------------------------------------------------------------------


---------------------------------------------------------------------------------------------------
From Clock:  ap_clk
  To Clock:  ap_clk

Setup :            0  Failing Endpoints,  Worst Slack       39.324ns,  Total Violation        0.000ns
Hold  :            0  Failing Endpoints,  Worst Slack        0.262ns,  Total Violation        0.000ns
PW    :            0  Failing Endpoints,  Worst Slack       24.500ns,  Total Violation        0.000ns
---------------------------------------------------------------------------------------------------


Max Delay Paths
--------------------------------------------------------------------------------------
Slack (MET) :             39.324ns  (required time - arrival time)
  Source:                 bd_0_i/hls_inst/inst/grp_convert_ac_fixed_ac_float_25_2_8_0_s_fu_41/phi_ln2142_reg_123_reg[1]/C
                            (rising edge-triggered cell FDRE clocked by ap_clk  {rise@0.000ns fall@25.000ns period=50.000ns})
  Destination:            bd_0_i/hls_inst/inst/grp_convert_ac_fixed_ac_float_25_2_8_0_s_fu_41/ap_return_preg_reg[64]/D
                            (rising edge-triggered cell FDRE clocked by ap_clk  {rise@0.000ns fall@25.000ns period=50.000ns})
  Path Group:             ap_clk
  Path Type:              Setup (Max at Slow Process Corner)
  Requirement:            50.000ns  (ap_clk rise@50.000ns - ap_clk rise@0.000ns)
  Data Path Delay:        10.669ns  (logic 1.929ns (18.080%)  route 8.740ns (81.920%))
  Logic Levels:           10  (LUT4=2 LUT5=2 LUT6=6)
  Clock Path Skew:        -0.049ns (DCD - SCD + CPR)
    Destination Clock Delay (DCD):    0.924ns = ( 50.924 - 50.000 ) 
    Source Clock Delay      (SCD):    0.973ns
    Clock Pessimism Removal (CPR):    0.000ns
  Clock Uncertainty:      0.035ns  ((TSJ^2 + TIJ^2)^1/2 + DJ) / 2 + PE
    Total System Jitter     (TSJ):    0.071ns
    Total Input Jitter      (TIJ):    0.000ns
    Discrete Jitter          (DJ):    0.000ns
    Phase Error              (PE):    0.000ns

    Location             Delay type                Incr(ns)  Path(ns)    Netlist Resource(s)
  -------------------------------------------------------------------    -------------------
                         (clock ap_clk rise edge)     0.000     0.000 r  
                                                      0.000     0.000 r  ap_clk (IN)
                         net (fo=188, unset)          0.973     0.973    bd_0_i/hls_inst/inst/grp_convert_ac_fixed_ac_float_25_2_8_0_s_fu_41/ap_clk
                         FDRE                                         r  bd_0_i/hls_inst/inst/grp_convert_ac_fixed_ac_float_25_2_8_0_s_fu_41/phi_ln2142_reg_123_reg[1]/C
  -------------------------------------------------------------------    -------------------
                         FDRE (Prop_fdre_C_Q)         0.518     1.491 f  bd_0_i/hls_inst/inst/grp_convert_ac_fixed_ac_float_25_2_8_0_s_fu_41/phi_ln2142_reg_123_reg[1]/Q
                         net (fo=20, unplaced)        0.866     2.357    bd_0_i/hls_inst/inst/grp_convert_ac_fixed_ac_float_25_2_8_0_s_fu_41/tab_U/phi_ln2142_reg_123_reg[5]_0[1]
                         LUT5 (Prop_lut5_I0_O)        0.295     2.652 f  bd_0_i/hls_inst/inst/grp_convert_ac_fixed_ac_float_25_2_8_0_s_fu_41/tab_U/flopo[65]_INST_0_i_1/O
                         net (fo=32, unplaced)        0.973     3.625    bd_0_i/hls_inst/inst/grp_convert_ac_fixed_ac_float_25_2_8_0_s_fu_41/tab_U/phi_ln2142_reg_123_reg[1]
                         LUT6 (Prop_lut6_I0_O)        0.124     3.749 r  bd_0_i/hls_inst/inst/grp_convert_ac_fixed_ac_float_25_2_8_0_s_fu_41/tab_U/flopo[1]_INST_0_i_8/O
                         net (fo=37, unplaced)        0.977     4.726    bd_0_i/hls_inst/inst/grp_convert_ac_fixed_ac_float_25_2_8_0_s_fu_41/tab_U/flopo[1]_INST_0_i_8_n_0
                         LUT6 (Prop_lut6_I2_O)        0.124     4.850 r  bd_0_i/hls_inst/inst/grp_convert_ac_fixed_ac_float_25_2_8_0_s_fu_41/tab_U/flopo[5]_INST_0_i_25/O
                         net (fo=2, unplaced)         1.122     5.972    bd_0_i/hls_inst/inst/grp_convert_ac_fixed_ac_float_25_2_8_0_s_fu_41/tab_U/flopo[5]_INST_0_i_25_n_0
                         LUT5 (Prop_lut5_I0_O)        0.124     6.096 r  bd_0_i/hls_inst/inst/grp_convert_ac_fixed_ac_float_25_2_8_0_s_fu_41/tab_U/f_m_v_v_reg_134[59]_i_8/O
                         net (fo=4, unplaced)         0.926     7.022    bd_0_i/hls_inst/inst/grp_convert_ac_fixed_ac_float_25_2_8_0_s_fu_41/tab_U/f_m_v_v_reg_134[59]_i_8_n_0
                         LUT6 (Prop_lut6_I1_O)        0.124     7.146 r  bd_0_i/hls_inst/inst/grp_convert_ac_fixed_ac_float_25_2_8_0_s_fu_41/tab_U/f_m_v_v_reg_134[57]_i_2/O
                         net (fo=2, unplaced)         0.676     7.822    bd_0_i/hls_inst/inst/grp_convert_ac_fixed_ac_float_25_2_8_0_s_fu_41/tab_U/f_m_v_v_reg_134[57]_i_2_n_0
                         LUT6 (Prop_lut6_I0_O)        0.124     7.946 r  bd_0_i/hls_inst/inst/grp_convert_ac_fixed_ac_float_25_2_8_0_s_fu_41/tab_U/f_m_v_v_reg_134[57]_i_1/O
                         net (fo=2, unplaced)         0.460     8.406    bd_0_i/hls_inst/inst/grp_convert_ac_fixed_ac_float_25_2_8_0_s_fu_41/tab_U/phi_ln2142_reg_123_reg[1]_2
                         LUT4 (Prop_lut4_I3_O)        0.124     8.530 r  bd_0_i/hls_inst/inst/grp_convert_ac_fixed_ac_float_25_2_8_0_s_fu_41/tab_U/flopo[18]_INST_0_i_1/O
                         net (fo=3, unplaced)         1.129     9.659    bd_0_i/hls_inst/inst/grp_convert_ac_fixed_ac_float_25_2_8_0_s_fu_41/tab_U/value_6_reg_143_reg[6][18]
                         LUT6 (Prop_lut6_I1_O)        0.124     9.783 f  bd_0_i/hls_inst/inst/grp_convert_ac_fixed_ac_float_25_2_8_0_s_fu_41/tab_U/flopo[70]_INST_0_i_5/O
                         net (fo=1, unplaced)         1.111    10.894    bd_0_i/hls_inst/inst/grp_convert_ac_fixed_ac_float_25_2_8_0_s_fu_41/tab_U/flopo[70]_INST_0_i_5_n_0
                         LUT6 (Prop_lut6_I1_O)        0.124    11.018 f  bd_0_i/hls_inst/inst/grp_convert_ac_fixed_ac_float_25_2_8_0_s_fu_41/tab_U/flopo[70]_INST_0_i_2/O
                         net (fo=14, unplaced)        0.500    11.518    bd_0_i/hls_inst/inst/grp_convert_ac_fixed_ac_float_25_2_8_0_s_fu_41/tab_U/flopo[70]_INST_0_i_2_n_0
                         LUT4 (Prop_lut4_I3_O)        0.124    11.642 r  bd_0_i/hls_inst/inst/grp_convert_ac_fixed_ac_float_25_2_8_0_s_fu_41/tab_U/ap_return_preg[64]_i_1/O
                         net (fo=1, unplaced)         0.000    11.642    bd_0_i/hls_inst/inst/grp_convert_ac_fixed_ac_float_25_2_8_0_s_fu_41/select_ln346_fu_546_p3[0]
                         FDRE                                         r  bd_0_i/hls_inst/inst/grp_convert_ac_fixed_ac_float_25_2_8_0_s_fu_41/ap_return_preg_reg[64]/D
  -------------------------------------------------------------------    -------------------

                         (clock ap_clk rise edge)    50.000    50.000 r  
                                                      0.000    50.000 r  ap_clk (IN)
                         net (fo=188, unset)          0.924    50.924    bd_0_i/hls_inst/inst/grp_convert_ac_fixed_ac_float_25_2_8_0_s_fu_41/ap_clk
                         FDRE                                         r  bd_0_i/hls_inst/inst/grp_convert_ac_fixed_ac_float_25_2_8_0_s_fu_41/ap_return_preg_reg[64]/C
                         clock pessimism              0.000    50.924    
                         clock uncertainty           -0.035    50.889    
                         FDRE (Setup_fdre_C_D)        0.077    50.966    bd_0_i/hls_inst/inst/grp_convert_ac_fixed_ac_float_25_2_8_0_s_fu_41/ap_return_preg_reg[64]
  -------------------------------------------------------------------
                         required time                         50.966    
                         arrival time                         -11.642    
  -------------------------------------------------------------------
                         slack                                 39.324    





Min Delay Paths
--------------------------------------------------------------------------------------
Slack (MET) :             0.262ns  (arrival time - required time)
  Source:                 bd_0_i/hls_inst/inst/ap_CS_fsm_reg[0]/C
                            (rising edge-triggered cell FDSE clocked by ap_clk  {rise@0.000ns fall@25.000ns period=50.000ns})
  Destination:            bd_0_i/hls_inst/inst/ap_CS_fsm_reg[1]/D
                            (rising edge-triggered cell FDRE clocked by ap_clk  {rise@0.000ns fall@25.000ns period=50.000ns})
  Path Group:             ap_clk
  Path Type:              Hold (Min at Fast Process Corner)
  Requirement:            0.000ns  (ap_clk rise@0.000ns - ap_clk rise@0.000ns)
  Data Path Delay:        0.403ns  (logic 0.262ns (64.979%)  route 0.141ns (35.021%))
  Logic Levels:           1  (LUT6=1)
  Clock Path Skew:        0.022ns (DCD - SCD - CPR)
    Destination Clock Delay (DCD):    0.432ns
    Source Clock Delay      (SCD):    0.410ns
    Clock Pessimism Removal (CPR):    -0.000ns

    Location             Delay type                Incr(ns)  Path(ns)    Netlist Resource(s)
  -------------------------------------------------------------------    -------------------
                         (clock ap_clk rise edge)     0.000     0.000 r  
                                                      0.000     0.000 r  ap_clk (IN)
                         net (fo=188, unset)          0.410     0.410    bd_0_i/hls_inst/inst/ap_clk
                         FDSE                                         r  bd_0_i/hls_inst/inst/ap_CS_fsm_reg[0]/C
  -------------------------------------------------------------------    -------------------
                         FDSE (Prop_fdse_C_Q)         0.164     0.574 r  bd_0_i/hls_inst/inst/ap_CS_fsm_reg[0]/Q
                         net (fo=4, unplaced)         0.141     0.715    bd_0_i/hls_inst/inst/grp_convert_ac_fixed_ac_float_25_2_8_0_s_fu_41/Q[0]
                         LUT6 (Prop_lut6_I5_O)        0.098     0.813 r  bd_0_i/hls_inst/inst/grp_convert_ac_fixed_ac_float_25_2_8_0_s_fu_41/ap_CS_fsm[1]_i_1__0/O
                         net (fo=1, unplaced)         0.000     0.813    bd_0_i/hls_inst/inst/ap_NS_fsm[1]
                         FDRE                                         r  bd_0_i/hls_inst/inst/ap_CS_fsm_reg[1]/D
  -------------------------------------------------------------------    -------------------

                         (clock ap_clk rise edge)     0.000     0.000 r  
                                                      0.000     0.000 r  ap_clk (IN)
                         net (fo=188, unset)          0.432     0.432    bd_0_i/hls_inst/inst/ap_clk
                         FDRE                                         r  bd_0_i/hls_inst/inst/ap_CS_fsm_reg[1]/C
                         clock pessimism              0.000     0.432    
                         FDRE (Hold_fdre_C_D)         0.120     0.552    bd_0_i/hls_inst/inst/ap_CS_fsm_reg[1]
  -------------------------------------------------------------------
                         required time                         -0.552    
                         arrival time                           0.813    
  -------------------------------------------------------------------
                         slack                                  0.262    





Pulse Width Checks
--------------------------------------------------------------------------------------
Clock Name:         ap_clk
Waveform(ns):       { 0.000 25.000 }
Period(ns):         50.000
Sources:            { ap_clk }

Check Type        Corner  Lib Pin  Reference Pin  Required(ns)  Actual(ns)  Slack(ns)  Location  Pin
Min Period        n/a     FDSE/C   n/a            1.000         50.000      49.000               bd_0_i/hls_inst/inst/ap_CS_fsm_reg[0]/C
Low Pulse Width   Slow    FDSE/C   n/a            0.500         25.000      24.500               bd_0_i/hls_inst/inst/ap_CS_fsm_reg[0]/C
High Pulse Width  Slow    FDSE/C   n/a            0.500         25.000      24.500               bd_0_i/hls_inst/inst/ap_CS_fsm_reg[0]/C



