#-----------------------------------------------------------
# xsim v2022.2 (64-bit)
# SW Build 3671981 on Fri Oct 14 04:59:54 MDT 2022
# IP Build 3669848 on Fri Oct 14 08:30:02 MDT 2022
# Start of session at: Fri Mar 31 13:38:14 2023
# Process ID: 3584632
# Current directory: /home/nghielme/PycharmProjects/thesis-project/addmul/fixed_to_float/fixed_to_float_xilinx/fixed_to_float_xilinx_solution/sim/verilog
# Command line: xsim -mode tcl -source {xsim.dir/fixed_to_float_top/xsim_script.tcl}
# Log file: /home/nghielme/PycharmProjects/thesis-project/addmul/fixed_to_float/fixed_to_float_xilinx/fixed_to_float_xilinx_solution/sim/verilog/xsim.log
# Journal file: /home/nghielme/PycharmProjects/thesis-project/addmul/fixed_to_float/fixed_to_float_xilinx/fixed_to_float_xilinx_solution/sim/verilog/xsim.jou
# Running On: yavin, OS: Linux, CPU Frequency: 4600.001 MHz, CPU Physical cores: 8, Host memory: 67273 MB
#-----------------------------------------------------------
source xsim.dir/fixed_to_float_top/xsim_script.tcl
# xsim {fixed_to_float_top} -autoloadwcfg -tclbatch {fixed_to_float_top.tcl}
Time resolution is 1 ps
source fixed_to_float_top.tcl
## run all
////////////////////////////////////////////////////////////////////////////////////
// Inter-Transaction Progress: Completed Transaction / Total Transaction
// Intra-Transaction Progress: Measured Latency / Latency Estimation * 100%
//
// RTL Simulation : "Inter-Transaction Progress" ["Intra-Transaction Progress"] @ "Simulation Time"
////////////////////////////////////////////////////////////////////////////////////
// RTL Simulation : 0 / 1 [0.00%] @ "225000"
// RTL Simulation : 1 / 1 [100.00%] @ "525000"
////////////////////////////////////////////////////////////////////////////////////
$finish called at time : 825 ns : File "/home/nghielme/PycharmProjects/thesis-project/addmul/fixed_to_float/fixed_to_float_xilinx/fixed_to_float_xilinx_solution/sim/verilog/fixed_to_float_top.autotb.v" Line 281
## quit
INFO: [Common 17-206] Exiting xsim at Fri Mar 31 13:38:16 2023...
