
*** Running vivado
    with args -log bd_0_wrapper.vdi -applog -m64 -product Vivado -messageDb vivado.pb -mode batch -source bd_0_wrapper.tcl -notrace


****** Vivado v2022.2 (64-bit)
  **** SW Build 3671981 on Fri Oct 14 04:59:54 MDT 2022
  **** IP Build 3669848 on Fri Oct 14 08:30:02 MDT 2022
    ** Copyright 1986-2022 Xilinx, Inc. All Rights Reserved.

source bd_0_wrapper.tcl -notrace
INFO: Dispatch client connection id - 37975
Command: open_checkpoint /home/nghielme/PycharmProjects/thesis-project/addmul/mul_fixed/mul_fixed_xilinx/mul_fixed_xilinx_solution/impl/verilog/project.runs/impl_1/bd_0_wrapper.dcp
INFO: [Device 21-403] Loading part xc7z020clg400-1
Netlist sorting complete. Time (s): cpu = 00:00:00.2 ; elapsed = 00:00:00.21 . Memory (MB): peak = 2132.438 ; gain = 0.000 ; free physical = 41213 ; free virtual = 56334
INFO: [Netlist 29-17] Analyzing 7684 Unisim elements for replacement
INFO: [Netlist 29-28] Unisim Transformation completed in 0 CPU seconds
INFO: [Project 1-479] Netlist was created with Vivado 2022.2
INFO: [Project 1-570] Preparing netlist for logic optimization
INFO: [Timing 38-478] Restoring timing data from binary archive.
INFO: [Timing 38-479] Binary timing data restore complete.
INFO: [Project 1-856] Restoring constraints from binary archive.
INFO: [Project 1-853] Binary constraint restore complete.
Netlist sorting complete. Time (s): cpu = 00:00:00 ; elapsed = 00:00:00.01 . Memory (MB): peak = 2878.957 ; gain = 0.000 ; free physical = 40579 ; free virtual = 55677
INFO: [Project 1-111] Unisim Transformation Summary:
No Unisim elements were transformed.

INFO: [Project 1-604] Checkpoint was created with Vivado v2022.2 (64-bit) build 3671981
OpenCheckpoint Checksum | Checksum: 731a9a0a
----- Checksum: PlaceDB: 00000000 ShapeSum: 731a9a0a RouteDB: 00000000 
open_checkpoint: Time (s): cpu = 00:00:15 ; elapsed = 00:00:15 . Memory (MB): peak = 2878.957 ; gain = 1214.004 ; free physical = 40579 ; free virtual = 55677
INFO: [IP_Flow 19-234] Refreshing IP repositories
INFO: [IP_Flow 19-1700] Loaded user IP repository '/home/nghielme/PycharmProjects/thesis-project/addmul/mul_fixed/mul_fixed_xilinx/mul_fixed_xilinx_solution/impl/ip'.
INFO: [IP_Flow 19-2313] Loaded Vivado IP repository '/opt/Xilinx/Vivado/2022.2/data/ip'.
Command: opt_design
Attempting to get a license for feature 'Implementation' and/or device 'xc7z020'
INFO: [Common 17-349] Got license for feature 'Implementation' and/or device 'xc7z020'
Running DRC as a precondition to command opt_design

Starting DRC Task
INFO: [DRC 23-27] Running DRC with 8 threads
INFO: [Project 1-461] DRC finished with 0 Errors
INFO: [Project 1-462] Please refer to the DRC report (report_drc) for more information.

Time (s): cpu = 00:00:01 ; elapsed = 00:00:00.48 . Memory (MB): peak = 2988.582 ; gain = 103.688 ; free physical = 40567 ; free virtual = 55666

Starting Cache Timing Information Task
Ending Cache Timing Information Task | Checksum: d9d9d89b

Time (s): cpu = 00:00:00.04 ; elapsed = 00:00:00.03 . Memory (MB): peak = 2988.582 ; gain = 0.000 ; free physical = 40419 ; free virtual = 55668

Starting Logic Optimization Task

Phase 1 Retarget
INFO: [Opt 31-138] Pushed 0 inverter(s) to 0 load pin(s).
INFO: [Opt 31-49] Retargeted 0 cell(s).
Phase 1 Retarget | Checksum: d9d9d89b

Time (s): cpu = 00:00:02 ; elapsed = 00:00:01 . Memory (MB): peak = 3193.520 ; gain = 0.000 ; free physical = 40468 ; free virtual = 55564
INFO: [Opt 31-389] Phase Retarget created 0 cells and removed 0 cells

Phase 2 Constant propagation
INFO: [Opt 31-138] Pushed 0 inverter(s) to 0 load pin(s).
Phase 2 Constant propagation | Checksum: d4371958

Time (s): cpu = 00:00:04 ; elapsed = 00:00:03 . Memory (MB): peak = 3193.520 ; gain = 0.000 ; free physical = 40468 ; free virtual = 55563
INFO: [Opt 31-389] Phase Constant propagation created 3832 cells and removed 7198 cells

Phase 3 Sweep
Phase 3 Sweep | Checksum: 16c456cd0

Time (s): cpu = 00:00:05 ; elapsed = 00:00:04 . Memory (MB): peak = 3193.520 ; gain = 0.000 ; free physical = 40463 ; free virtual = 55558
INFO: [Opt 31-389] Phase Sweep created 0 cells and removed 0 cells

Phase 4 BUFG optimization
Phase 4 BUFG optimization | Checksum: 16c456cd0

Time (s): cpu = 00:00:05 ; elapsed = 00:00:04 . Memory (MB): peak = 3193.520 ; gain = 0.000 ; free physical = 40461 ; free virtual = 55557
INFO: [Opt 31-662] Phase BUFG optimization created 0 cells of which 0 are BUFGs and removed 0 cells.

Phase 5 Shift Register Optimization
INFO: [Opt 31-1064] SRL Remap converted 0 SRLs to 0 registers and converted 0 registers of register chains to 0 SRLs
Phase 5 Shift Register Optimization | Checksum: 16c456cd0

Time (s): cpu = 00:00:05 ; elapsed = 00:00:04 . Memory (MB): peak = 3193.520 ; gain = 0.000 ; free physical = 40461 ; free virtual = 55557
INFO: [Opt 31-389] Phase Shift Register Optimization created 0 cells and removed 0 cells

Phase 6 Post Processing Netlist
Phase 6 Post Processing Netlist | Checksum: 16c456cd0

Time (s): cpu = 00:00:05 ; elapsed = 00:00:04 . Memory (MB): peak = 3193.520 ; gain = 0.000 ; free physical = 40461 ; free virtual = 55557
INFO: [Opt 31-389] Phase Post Processing Netlist created 0 cells and removed 0 cells
Opt_design Change Summary
=========================


-------------------------------------------------------------------------------------------------------------------------
|  Phase                        |  #Cells created  |  #Cells Removed  |  #Constrained objects preventing optimizations  |
-------------------------------------------------------------------------------------------------------------------------
|  Retarget                     |               0  |               0  |                                              0  |
|  Constant propagation         |            3832  |            7198  |                                              0  |
|  Sweep                        |               0  |               0  |                                              0  |
|  BUFG optimization            |               0  |               0  |                                              0  |
|  Shift Register Optimization  |               0  |               0  |                                              0  |
|  Post Processing Netlist      |               0  |               0  |                                              0  |
-------------------------------------------------------------------------------------------------------------------------



Starting Connectivity Check Task

Time (s): cpu = 00:00:00.06 ; elapsed = 00:00:00.05 . Memory (MB): peak = 3217.531 ; gain = 0.000 ; free physical = 40449 ; free virtual = 55544
Ending Logic Optimization Task | Checksum: e85fe3c2

Time (s): cpu = 00:00:07 ; elapsed = 00:00:06 . Memory (MB): peak = 3217.531 ; gain = 24.012 ; free physical = 40449 ; free virtual = 55544

Starting Power Optimization Task
INFO: [Pwropt 34-132] Skipping clock gating for clocks with a period < 2.00 ns.
INFO: [Timing 38-35] Done setting XDC timing constraints.
INFO: [Pwropt 34-9] Applying IDT optimizations ...
INFO: [Pwropt 34-10] Applying ODC optimizations ...
Running Vector-less Activity Propagation...

Finished Running Vector-less Activity Propagation


Starting PowerOpt Patch Enables Task
INFO: [Pwropt 34-162] WRITE_MODE attribute of 0 BRAM(s) out of a total of 1 has been updated to save power. Run report_power_opt to get a complete listing of the BRAMs updated.
INFO: [Pwropt 34-201] Structural ODC has moved 0 WE to EN ports
Number of BRAM Ports augmented: 0 newly gated: 0 Total Ports: 2
Ending PowerOpt Patch Enables Task | Checksum: e85fe3c2

Time (s): cpu = 00:00:00.07 ; elapsed = 00:00:00.08 . Memory (MB): peak = 3526.773 ; gain = 0.000 ; free physical = 40389 ; free virtual = 55484
Ending Power Optimization Task | Checksum: e85fe3c2

Time (s): cpu = 00:00:08 ; elapsed = 00:00:02 . Memory (MB): peak = 3526.773 ; gain = 309.242 ; free physical = 40428 ; free virtual = 55524

Starting Final Cleanup Task
Ending Final Cleanup Task | Checksum: e85fe3c2

Time (s): cpu = 00:00:00.01 ; elapsed = 00:00:00.01 . Memory (MB): peak = 3526.773 ; gain = 0.000 ; free physical = 40428 ; free virtual = 55524

Starting Netlist Obfuscation Task
Netlist sorting complete. Time (s): cpu = 00:00:00 ; elapsed = 00:00:00 . Memory (MB): peak = 3526.773 ; gain = 0.000 ; free physical = 40428 ; free virtual = 55524
Ending Netlist Obfuscation Task | Checksum: e85fe3c2

Time (s): cpu = 00:00:00 ; elapsed = 00:00:00 . Memory (MB): peak = 3526.773 ; gain = 0.000 ; free physical = 40428 ; free virtual = 55524
INFO: [Common 17-83] Releasing license: Implementation
35 Infos, 0 Warnings, 0 Critical Warnings and 0 Errors encountered.
opt_design completed successfully
opt_design: Time (s): cpu = 00:00:18 ; elapsed = 00:00:10 . Memory (MB): peak = 3526.773 ; gain = 641.879 ; free physical = 40427 ; free virtual = 55523
INFO: [Timing 38-35] Done setting XDC timing constraints.
INFO: [Timing 38-480] Writing timing data to binary archive.
INFO: [Common 17-1381] The checkpoint '/home/nghielme/PycharmProjects/thesis-project/addmul/mul_fixed/mul_fixed_xilinx/mul_fixed_xilinx_solution/impl/verilog/project.runs/impl_1/bd_0_wrapper_opt.dcp' has been generated.
INFO: [runtcl-4] Executing : report_drc -file bd_0_wrapper_drc_opted.rpt -pb bd_0_wrapper_drc_opted.pb -rpx bd_0_wrapper_drc_opted.rpx
Command: report_drc -file bd_0_wrapper_drc_opted.rpt -pb bd_0_wrapper_drc_opted.pb -rpx bd_0_wrapper_drc_opted.rpx
INFO: [IP_Flow 19-1839] IP Catalog is up to date.
INFO: [DRC 23-27] Running DRC with 8 threads
INFO: [Vivado_Tcl 2-168] The results of DRC are in file /home/nghielme/PycharmProjects/thesis-project/addmul/mul_fixed/mul_fixed_xilinx/mul_fixed_xilinx_solution/impl/verilog/project.runs/impl_1/bd_0_wrapper_drc_opted.rpt.
report_drc completed successfully
Command: place_design
Attempting to get a license for feature 'Implementation' and/or device 'xc7z020'
INFO: [Common 17-349] Got license for feature 'Implementation' and/or device 'xc7z020'
INFO: [DRC 23-27] Running DRC with 8 threads
INFO: [Vivado_Tcl 4-198] DRC finished with 0 Errors
INFO: [Vivado_Tcl 4-199] Please refer to the DRC report (report_drc) for more information.
Running DRC as a precondition to command place_design
INFO: [DRC 23-27] Running DRC with 8 threads
INFO: [Vivado_Tcl 4-198] DRC finished with 0 Errors
INFO: [Vivado_Tcl 4-199] Please refer to the DRC report (report_drc) for more information.

Starting Placer Task
INFO: [Place 30-611] Multithreading enabled for place_design using a maximum of 8 CPUs

Phase 1 Placer Initialization

Phase 1.1 Placer Initialization Netlist Sorting
Netlist sorting complete. Time (s): cpu = 00:00:00.01 ; elapsed = 00:00:00.01 . Memory (MB): peak = 3526.773 ; gain = 0.000 ; free physical = 40307 ; free virtual = 55431
Phase 1.1 Placer Initialization Netlist Sorting | Checksum: 95df04aa

Time (s): cpu = 00:00:00.02 ; elapsed = 00:00:00.04 . Memory (MB): peak = 3526.773 ; gain = 0.000 ; free physical = 40307 ; free virtual = 55431
Netlist sorting complete. Time (s): cpu = 00:00:00 ; elapsed = 00:00:00.01 . Memory (MB): peak = 3526.773 ; gain = 0.000 ; free physical = 40307 ; free virtual = 55431

Phase 1.2 IO Placement/ Clock Placement/ Build Placer Device
Phase 1.2 IO Placement/ Clock Placement/ Build Placer Device | Checksum: e92f82e7

Time (s): cpu = 00:00:01 ; elapsed = 00:00:00.76 . Memory (MB): peak = 3526.773 ; gain = 0.000 ; free physical = 40291 ; free virtual = 55415

Phase 1.3 Build Placer Netlist Model
Phase 1.3 Build Placer Netlist Model | Checksum: 11cac6c55

Time (s): cpu = 00:00:12 ; elapsed = 00:00:06 . Memory (MB): peak = 3526.773 ; gain = 0.000 ; free physical = 40273 ; free virtual = 55386

Phase 1.4 Constrain Clocks/Macros
Phase 1.4 Constrain Clocks/Macros | Checksum: 11cac6c55

Time (s): cpu = 00:00:12 ; elapsed = 00:00:06 . Memory (MB): peak = 3526.773 ; gain = 0.000 ; free physical = 40273 ; free virtual = 55386
Phase 1 Placer Initialization | Checksum: 11cac6c55

Time (s): cpu = 00:00:12 ; elapsed = 00:00:06 . Memory (MB): peak = 3526.773 ; gain = 0.000 ; free physical = 40271 ; free virtual = 55384

Phase 2 Global Placement

Phase 2.1 Floorplanning
Phase 2.1 Floorplanning | Checksum: 1a61c3ab8

Time (s): cpu = 00:00:16 ; elapsed = 00:00:07 . Memory (MB): peak = 3526.773 ; gain = 0.000 ; free physical = 40246 ; free virtual = 55359

Phase 2.2 Update Timing before SLR Path Opt
Phase 2.2 Update Timing before SLR Path Opt | Checksum: 19f46ffeb

Time (s): cpu = 00:00:19 ; elapsed = 00:00:08 . Memory (MB): peak = 3526.773 ; gain = 0.000 ; free physical = 40242 ; free virtual = 55355

Phase 2.3 Post-Processing in Floorplanning
Phase 2.3 Post-Processing in Floorplanning | Checksum: 19f46ffeb

Time (s): cpu = 00:00:19 ; elapsed = 00:00:08 . Memory (MB): peak = 3526.773 ; gain = 0.000 ; free physical = 40241 ; free virtual = 55354

Phase 2.4 Global Placement Core

Phase 2.4.1 UpdateTiming Before Physical Synthesis
Phase 2.4.1 UpdateTiming Before Physical Synthesis | Checksum: 24c55fd70

Time (s): cpu = 00:00:53 ; elapsed = 00:00:18 . Memory (MB): peak = 3526.773 ; gain = 0.000 ; free physical = 40208 ; free virtual = 55331

Phase 2.4.2 Physical Synthesis In Placer
INFO: [Physopt 32-1035] Found 0 LUTNM shape to break, 883 LUT instances to create LUTNM shape
INFO: [Physopt 32-1044] Break lutnm for timing: one critical 0, two critical 0, total 0, new lutff created 0
INFO: [Physopt 32-1138] End 1 Pass. Optimized 428 nets or LUTs. Breaked 0 LUT, combined 428 existing LUTs and moved 0 existing LUT
INFO: [Physopt 32-65] No nets found for high-fanout optimization.
INFO: [Physopt 32-232] Optimized 0 net. Created 0 new instance.
INFO: [Physopt 32-775] End 1 Pass. Optimized 0 net or cell. Created 0 new cell, deleted 0 existing cell and moved 0 existing cell
INFO: [Physopt 32-670] No setup violation found.  DSP Register Optimization was not performed.
INFO: [Physopt 32-670] No setup violation found.  Shift Register to Pipeline Optimization was not performed.
INFO: [Physopt 32-670] No setup violation found.  Shift Register Optimization was not performed.
INFO: [Physopt 32-670] No setup violation found.  BRAM Register Optimization was not performed.
INFO: [Physopt 32-670] No setup violation found.  URAM Register Optimization was not performed.
INFO: [Physopt 32-949] No candidate nets found for dynamic/static region interface net replication
INFO: [Physopt 32-775] End 1 Pass. Optimized 0 net or cell. Created 0 new cell, deleted 0 existing cell and moved 0 existing cell
Netlist sorting complete. Time (s): cpu = 00:00:00.01 ; elapsed = 00:00:00 . Memory (MB): peak = 3526.773 ; gain = 0.000 ; free physical = 40203 ; free virtual = 55326

Summary of Physical Synthesis Optimizations
============================================


-----------------------------------------------------------------------------------------------------------------------------------------------------------
|  Optimization                                     |  Added Cells  |  Removed Cells  |  Optimized Cells/Nets  |  Dont Touch  |  Iterations  |  Elapsed   |
-----------------------------------------------------------------------------------------------------------------------------------------------------------
|  LUT Combining                                    |            0  |            428  |                   428  |           0  |           1  |  00:00:01  |
|  Retime                                           |            0  |              0  |                     0  |           0  |           1  |  00:00:00  |
|  Very High Fanout                                 |            0  |              0  |                     0  |           0  |           1  |  00:00:00  |
|  DSP Register                                     |            0  |              0  |                     0  |           0  |           0  |  00:00:00  |
|  Shift Register to Pipeline                       |            0  |              0  |                     0  |           0  |           0  |  00:00:00  |
|  Shift Register                                   |            0  |              0  |                     0  |           0  |           0  |  00:00:00  |
|  BRAM Register                                    |            0  |              0  |                     0  |           0  |           0  |  00:00:00  |
|  URAM Register                                    |            0  |              0  |                     0  |           0  |           0  |  00:00:00  |
|  Dynamic/Static Region Interface Net Replication  |            0  |              0  |                     0  |           0  |           1  |  00:00:00  |
|  Total                                            |            0  |            428  |                   428  |           0  |           4  |  00:00:01  |
-----------------------------------------------------------------------------------------------------------------------------------------------------------


Phase 2.4.2 Physical Synthesis In Placer | Checksum: 17125985b

Time (s): cpu = 00:00:58 ; elapsed = 00:00:21 . Memory (MB): peak = 3526.773 ; gain = 0.000 ; free physical = 40240 ; free virtual = 55348
Phase 2.4 Global Placement Core | Checksum: f25fa6ba

Time (s): cpu = 00:01:01 ; elapsed = 00:00:22 . Memory (MB): peak = 3526.773 ; gain = 0.000 ; free physical = 40218 ; free virtual = 55325
Phase 2 Global Placement | Checksum: f25fa6ba

Time (s): cpu = 00:01:01 ; elapsed = 00:00:22 . Memory (MB): peak = 3526.773 ; gain = 0.000 ; free physical = 40223 ; free virtual = 55330

Phase 3 Detail Placement

Phase 3.1 Commit Multi Column Macros
Phase 3.1 Commit Multi Column Macros | Checksum: 103089552

Time (s): cpu = 00:01:05 ; elapsed = 00:00:23 . Memory (MB): peak = 3526.773 ; gain = 0.000 ; free physical = 40219 ; free virtual = 55325

Phase 3.2 Commit Most Macros & LUTRAMs
Phase 3.2 Commit Most Macros & LUTRAMs | Checksum: 9a7b9716

Time (s): cpu = 00:01:17 ; elapsed = 00:00:29 . Memory (MB): peak = 3526.773 ; gain = 0.000 ; free physical = 40203 ; free virtual = 55310

Phase 3.3 Area Swap Optimization
Phase 3.3 Area Swap Optimization | Checksum: dc76e121

Time (s): cpu = 00:01:18 ; elapsed = 00:00:29 . Memory (MB): peak = 3526.773 ; gain = 0.000 ; free physical = 40203 ; free virtual = 55309

Phase 3.4 Pipeline Register Optimization
Phase 3.4 Pipeline Register Optimization | Checksum: fdd645d3

Time (s): cpu = 00:01:18 ; elapsed = 00:00:30 . Memory (MB): peak = 3526.773 ; gain = 0.000 ; free physical = 40202 ; free virtual = 55309

Phase 3.5 Small Shape Detail Placement
Phase 3.5 Small Shape Detail Placement | Checksum: 1b00a205c

Time (s): cpu = 00:01:21 ; elapsed = 00:00:32 . Memory (MB): peak = 3526.773 ; gain = 0.000 ; free physical = 40192 ; free virtual = 55298

Phase 3.6 Re-assign LUT pins
Phase 3.6 Re-assign LUT pins | Checksum: 165ecad44

Time (s): cpu = 00:01:23 ; elapsed = 00:00:34 . Memory (MB): peak = 3526.773 ; gain = 0.000 ; free physical = 40186 ; free virtual = 55290

Phase 3.7 Pipeline Register Optimization
Phase 3.7 Pipeline Register Optimization | Checksum: 13b4bca7e

Time (s): cpu = 00:01:23 ; elapsed = 00:00:34 . Memory (MB): peak = 3526.773 ; gain = 0.000 ; free physical = 40186 ; free virtual = 55290
Phase 3 Detail Placement | Checksum: 13b4bca7e

Time (s): cpu = 00:01:23 ; elapsed = 00:00:34 . Memory (MB): peak = 3526.773 ; gain = 0.000 ; free physical = 40186 ; free virtual = 55292

Phase 4 Post Placement Optimization and Clean-Up

Phase 4.1 Post Commit Optimization
INFO: [Timing 38-35] Done setting XDC timing constraints.

Phase 4.1.1 Post Placement Optimization
Post Placement Optimization Initialization | Checksum: 14cc2a82b

Phase 4.1.1.1 BUFG Insertion

Starting Physical Synthesis Task

Phase 1 Physical Synthesis Initialization
INFO: [Physopt 32-721] Multithreading enabled for phys_opt_design using a maximum of 8 CPUs
INFO: [Physopt 32-619] Estimated Timing Summary | WNS=16.024 | TNS=0.000 |
Phase 1 Physical Synthesis Initialization | Checksum: fe5f63be

Time (s): cpu = 00:00:01 ; elapsed = 00:00:00.23 . Memory (MB): peak = 3526.773 ; gain = 0.000 ; free physical = 40169 ; free virtual = 55275
INFO: [Place 46-56] BUFG insertion identified 0 candidate nets. Inserted BUFG: 0, Replicated BUFG Driver: 0, Skipped due to Placement/Routing Conflicts: 0, Skipped due to Timing Degradation: 0, Skipped due to Illegal Netlist: 0.
Ending Physical Synthesis Task | Checksum: 1356162d0

Time (s): cpu = 00:00:02 ; elapsed = 00:00:00.59 . Memory (MB): peak = 3526.773 ; gain = 0.000 ; free physical = 40169 ; free virtual = 55275
Phase 4.1.1.1 BUFG Insertion | Checksum: 14cc2a82b

Time (s): cpu = 00:01:36 ; elapsed = 00:00:38 . Memory (MB): peak = 3526.773 ; gain = 0.000 ; free physical = 40152 ; free virtual = 55258

Phase 4.1.1.2 Post Placement Timing Optimization
INFO: [Place 30-746] Post Placement Timing Summary WNS=16.024. For the most accurate timing information please run report_timing.
Phase 4.1.1.2 Post Placement Timing Optimization | Checksum: f5e6d3b6

Time (s): cpu = 00:01:36 ; elapsed = 00:00:38 . Memory (MB): peak = 3526.773 ; gain = 0.000 ; free physical = 40169 ; free virtual = 55275

Time (s): cpu = 00:01:36 ; elapsed = 00:00:38 . Memory (MB): peak = 3526.773 ; gain = 0.000 ; free physical = 40169 ; free virtual = 55275
Phase 4.1 Post Commit Optimization | Checksum: f5e6d3b6

Time (s): cpu = 00:01:36 ; elapsed = 00:00:38 . Memory (MB): peak = 3526.773 ; gain = 0.000 ; free physical = 40169 ; free virtual = 55275

Phase 4.2 Post Placement Cleanup
Phase 4.2 Post Placement Cleanup | Checksum: f5e6d3b6

Time (s): cpu = 00:01:37 ; elapsed = 00:00:39 . Memory (MB): peak = 3526.773 ; gain = 0.000 ; free physical = 40170 ; free virtual = 55276

Phase 4.3 Placer Reporting

Phase 4.3.1 Print Estimated Congestion
INFO: [Place 30-612] Post-Placement Estimated Congestion 
 ____________________________________________________
|           | Global Congestion | Short Congestion  |
| Direction | Region Size       | Region Size       |
|___________|___________________|___________________|
|      North|                2x2|                4x4|
|___________|___________________|___________________|
|      South|                2x2|                4x4|
|___________|___________________|___________________|
|       East|                1x1|                2x2|
|___________|___________________|___________________|
|       West|                1x1|                2x2|
|___________|___________________|___________________|

Phase 4.3.1 Print Estimated Congestion | Checksum: f5e6d3b6

Time (s): cpu = 00:01:37 ; elapsed = 00:00:39 . Memory (MB): peak = 3526.773 ; gain = 0.000 ; free physical = 40171 ; free virtual = 55277
Phase 4.3 Placer Reporting | Checksum: f5e6d3b6

Time (s): cpu = 00:01:37 ; elapsed = 00:00:39 . Memory (MB): peak = 3526.773 ; gain = 0.000 ; free physical = 40171 ; free virtual = 55277

Phase 4.4 Final Placement Cleanup
Netlist sorting complete. Time (s): cpu = 00:00:00 ; elapsed = 00:00:00 . Memory (MB): peak = 3526.773 ; gain = 0.000 ; free physical = 40171 ; free virtual = 55277

Time (s): cpu = 00:01:37 ; elapsed = 00:00:39 . Memory (MB): peak = 3526.773 ; gain = 0.000 ; free physical = 40171 ; free virtual = 55277
Phase 4 Post Placement Optimization and Clean-Up | Checksum: 17ce296e2

Time (s): cpu = 00:01:37 ; elapsed = 00:00:39 . Memory (MB): peak = 3526.773 ; gain = 0.000 ; free physical = 40171 ; free virtual = 55277
Ending Placer Task | Checksum: 169dc46e4

Time (s): cpu = 00:01:37 ; elapsed = 00:00:39 . Memory (MB): peak = 3526.773 ; gain = 0.000 ; free physical = 40171 ; free virtual = 55277
INFO: [Common 17-83] Releasing license: Implementation
70 Infos, 0 Warnings, 0 Critical Warnings and 0 Errors encountered.
place_design completed successfully
place_design: Time (s): cpu = 00:01:39 ; elapsed = 00:00:40 . Memory (MB): peak = 3526.773 ; gain = 0.000 ; free physical = 40221 ; free virtual = 55327
INFO: [Timing 38-480] Writing timing data to binary archive.
Writing XDEF routing.
Writing XDEF routing logical nets.
Writing XDEF routing special nets.
Write XDEF Complete: Time (s): cpu = 00:00:05 ; elapsed = 00:00:02 . Memory (MB): peak = 3526.773 ; gain = 0.000 ; free physical = 40118 ; free virtual = 55306
INFO: [Common 17-1381] The checkpoint '/home/nghielme/PycharmProjects/thesis-project/addmul/mul_fixed/mul_fixed_xilinx/mul_fixed_xilinx_solution/impl/verilog/project.runs/impl_1/bd_0_wrapper_placed.dcp' has been generated.
INFO: [runtcl-4] Executing : report_io -file bd_0_wrapper_io_placed.rpt
report_io: Time (s): cpu = 00:00:00.1 ; elapsed = 00:00:00.15 . Memory (MB): peak = 3526.773 ; gain = 0.000 ; free physical = 40147 ; free virtual = 55286
INFO: [runtcl-4] Executing : report_utilization -file bd_0_wrapper_utilization_placed.rpt -pb bd_0_wrapper_utilization_placed.pb
INFO: [runtcl-4] Executing : report_control_sets -verbose -file bd_0_wrapper_control_sets_placed.rpt
report_control_sets: Time (s): cpu = 00:00:00.05 ; elapsed = 00:00:00.11 . Memory (MB): peak = 3526.773 ; gain = 0.000 ; free physical = 40161 ; free virtual = 55300
Command: phys_opt_design
Attempting to get a license for feature 'Implementation' and/or device 'xc7z020'
INFO: [Common 17-349] Got license for feature 'Implementation' and/or device 'xc7z020'

Starting Initial Update Timing Task
WARNING: [Timing 38-242] The property HD.CLK_SRC of clock port "ap_clk" is not set. In out-of-context mode, this prevents timing estimation for clock delay/skew
Resolution: Set the HD.CLK_SRC property of the out-of-context port to the location of the clock buffer instance in the top-level design

Time (s): cpu = 00:00:07 ; elapsed = 00:00:02 . Memory (MB): peak = 3526.773 ; gain = 0.000 ; free physical = 40129 ; free virtual = 55267
INFO: [Vivado_Tcl 4-383] Design worst setup slack (WNS) is greater than or equal to 0.000 ns. Skipping all physical synthesis optimizations.
INFO: [Vivado_Tcl 4-232] No setup violation found. The netlist was not modified.
INFO: [Common 17-83] Releasing license: Implementation
79 Infos, 1 Warnings, 0 Critical Warnings and 0 Errors encountered.
phys_opt_design completed successfully
INFO: [Timing 38-480] Writing timing data to binary archive.
Writing XDEF routing.
Writing XDEF routing logical nets.
Writing XDEF routing special nets.
Write XDEF Complete: Time (s): cpu = 00:00:05 ; elapsed = 00:00:02 . Memory (MB): peak = 3526.773 ; gain = 0.000 ; free physical = 40083 ; free virtual = 55276
INFO: [Common 17-1381] The checkpoint '/home/nghielme/PycharmProjects/thesis-project/addmul/mul_fixed/mul_fixed_xilinx/mul_fixed_xilinx_solution/impl/verilog/project.runs/impl_1/bd_0_wrapper_physopt.dcp' has been generated.
Command: route_design
Attempting to get a license for feature 'Implementation' and/or device 'xc7z020'
INFO: [Common 17-349] Got license for feature 'Implementation' and/or device 'xc7z020'
Running DRC as a precondition to command route_design
INFO: [DRC 23-27] Running DRC with 8 threads
INFO: [Vivado_Tcl 4-198] DRC finished with 0 Errors
INFO: [Vivado_Tcl 4-199] Please refer to the DRC report (report_drc) for more information.


Starting Routing Task
INFO: [Route 35-254] Multithreading enabled for route_design using a maximum of 8 CPUs

Phase 1 Build RT Design
Checksum: PlaceDB: a0e42385 ConstDB: 0 ShapeSum: c8f8235f RouteDB: 0
WARNING: [Route 35-198] Port "b[63]" does not have an associated HD.PARTPIN_LOCS, which will prevent the partial routing of the signal "b[63]". Without this partial route, timing analysis to/from this port will not be accurate, and no routing information for this port can be exported.
WARNING: [Route 35-198] Port "b[62]" does not have an associated HD.PARTPIN_LOCS, which will prevent the partial routing of the signal "b[62]". Without this partial route, timing analysis to/from this port will not be accurate, and no routing information for this port can be exported.
WARNING: [Route 35-198] Port "b[61]" does not have an associated HD.PARTPIN_LOCS, which will prevent the partial routing of the signal "b[61]". Without this partial route, timing analysis to/from this port will not be accurate, and no routing information for this port can be exported.
WARNING: [Route 35-198] Port "b[60]" does not have an associated HD.PARTPIN_LOCS, which will prevent the partial routing of the signal "b[60]". Without this partial route, timing analysis to/from this port will not be accurate, and no routing information for this port can be exported.
WARNING: [Route 35-198] Port "b[59]" does not have an associated HD.PARTPIN_LOCS, which will prevent the partial routing of the signal "b[59]". Without this partial route, timing analysis to/from this port will not be accurate, and no routing information for this port can be exported.
WARNING: [Route 35-198] Port "b[58]" does not have an associated HD.PARTPIN_LOCS, which will prevent the partial routing of the signal "b[58]". Without this partial route, timing analysis to/from this port will not be accurate, and no routing information for this port can be exported.
WARNING: [Route 35-198] Port "b[57]" does not have an associated HD.PARTPIN_LOCS, which will prevent the partial routing of the signal "b[57]". Without this partial route, timing analysis to/from this port will not be accurate, and no routing information for this port can be exported.
WARNING: [Route 35-198] Port "b[56]" does not have an associated HD.PARTPIN_LOCS, which will prevent the partial routing of the signal "b[56]". Without this partial route, timing analysis to/from this port will not be accurate, and no routing information for this port can be exported.
WARNING: [Route 35-198] Port "b[55]" does not have an associated HD.PARTPIN_LOCS, which will prevent the partial routing of the signal "b[55]". Without this partial route, timing analysis to/from this port will not be accurate, and no routing information for this port can be exported.
WARNING: [Route 35-198] Port "b[54]" does not have an associated HD.PARTPIN_LOCS, which will prevent the partial routing of the signal "b[54]". Without this partial route, timing analysis to/from this port will not be accurate, and no routing information for this port can be exported.
WARNING: [Route 35-198] Port "b[53]" does not have an associated HD.PARTPIN_LOCS, which will prevent the partial routing of the signal "b[53]". Without this partial route, timing analysis to/from this port will not be accurate, and no routing information for this port can be exported.
WARNING: [Route 35-198] Port "b[52]" does not have an associated HD.PARTPIN_LOCS, which will prevent the partial routing of the signal "b[52]". Without this partial route, timing analysis to/from this port will not be accurate, and no routing information for this port can be exported.
WARNING: [Route 35-198] Port "b[51]" does not have an associated HD.PARTPIN_LOCS, which will prevent the partial routing of the signal "b[51]". Without this partial route, timing analysis to/from this port will not be accurate, and no routing information for this port can be exported.
WARNING: [Route 35-198] Port "b[50]" does not have an associated HD.PARTPIN_LOCS, which will prevent the partial routing of the signal "b[50]". Without this partial route, timing analysis to/from this port will not be accurate, and no routing information for this port can be exported.
WARNING: [Route 35-198] Port "b[49]" does not have an associated HD.PARTPIN_LOCS, which will prevent the partial routing of the signal "b[49]". Without this partial route, timing analysis to/from this port will not be accurate, and no routing information for this port can be exported.
WARNING: [Route 35-197] Clock port "ap_clk" does not have an associated HD.CLK_SRC. Without this constraint, timing analysis may not be accurate and upstream checks cannot be done to ensure correct clock placement.
WARNING: [Route 35-198] Port "a[48]" does not have an associated HD.PARTPIN_LOCS, which will prevent the partial routing of the signal "a[48]". Without this partial route, timing analysis to/from this port will not be accurate, and no routing information for this port can be exported.
WARNING: [Route 35-198] Port "a[47]" does not have an associated HD.PARTPIN_LOCS, which will prevent the partial routing of the signal "a[47]". Without this partial route, timing analysis to/from this port will not be accurate, and no routing information for this port can be exported.
WARNING: [Route 35-198] Port "a[46]" does not have an associated HD.PARTPIN_LOCS, which will prevent the partial routing of the signal "a[46]". Without this partial route, timing analysis to/from this port will not be accurate, and no routing information for this port can be exported.
WARNING: [Route 35-198] Port "a[45]" does not have an associated HD.PARTPIN_LOCS, which will prevent the partial routing of the signal "a[45]". Without this partial route, timing analysis to/from this port will not be accurate, and no routing information for this port can be exported.
WARNING: [Route 35-198] Port "a[44]" does not have an associated HD.PARTPIN_LOCS, which will prevent the partial routing of the signal "a[44]". Without this partial route, timing analysis to/from this port will not be accurate, and no routing information for this port can be exported.
WARNING: [Route 35-198] Port "a[43]" does not have an associated HD.PARTPIN_LOCS, which will prevent the partial routing of the signal "a[43]". Without this partial route, timing analysis to/from this port will not be accurate, and no routing information for this port can be exported.
WARNING: [Route 35-198] Port "a[42]" does not have an associated HD.PARTPIN_LOCS, which will prevent the partial routing of the signal "a[42]". Without this partial route, timing analysis to/from this port will not be accurate, and no routing information for this port can be exported.
WARNING: [Route 35-198] Port "a[41]" does not have an associated HD.PARTPIN_LOCS, which will prevent the partial routing of the signal "a[41]". Without this partial route, timing analysis to/from this port will not be accurate, and no routing information for this port can be exported.
WARNING: [Route 35-198] Port "a[40]" does not have an associated HD.PARTPIN_LOCS, which will prevent the partial routing of the signal "a[40]". Without this partial route, timing analysis to/from this port will not be accurate, and no routing information for this port can be exported.
WARNING: [Route 35-198] Port "a[39]" does not have an associated HD.PARTPIN_LOCS, which will prevent the partial routing of the signal "a[39]". Without this partial route, timing analysis to/from this port will not be accurate, and no routing information for this port can be exported.
WARNING: [Route 35-198] Port "a[38]" does not have an associated HD.PARTPIN_LOCS, which will prevent the partial routing of the signal "a[38]". Without this partial route, timing analysis to/from this port will not be accurate, and no routing information for this port can be exported.
WARNING: [Route 35-198] Port "a[37]" does not have an associated HD.PARTPIN_LOCS, which will prevent the partial routing of the signal "a[37]". Without this partial route, timing analysis to/from this port will not be accurate, and no routing information for this port can be exported.
WARNING: [Route 35-198] Port "a[36]" does not have an associated HD.PARTPIN_LOCS, which will prevent the partial routing of the signal "a[36]". Without this partial route, timing analysis to/from this port will not be accurate, and no routing information for this port can be exported.
WARNING: [Route 35-198] Port "a[35]" does not have an associated HD.PARTPIN_LOCS, which will prevent the partial routing of the signal "a[35]". Without this partial route, timing analysis to/from this port will not be accurate, and no routing information for this port can be exported.
WARNING: [Route 35-198] Port "a[34]" does not have an associated HD.PARTPIN_LOCS, which will prevent the partial routing of the signal "a[34]". Without this partial route, timing analysis to/from this port will not be accurate, and no routing information for this port can be exported.
WARNING: [Route 35-198] Port "a[33]" does not have an associated HD.PARTPIN_LOCS, which will prevent the partial routing of the signal "a[33]". Without this partial route, timing analysis to/from this port will not be accurate, and no routing information for this port can be exported.
WARNING: [Route 35-198] Port "a[32]" does not have an associated HD.PARTPIN_LOCS, which will prevent the partial routing of the signal "a[32]". Without this partial route, timing analysis to/from this port will not be accurate, and no routing information for this port can be exported.
WARNING: [Route 35-198] Port "a[63]" does not have an associated HD.PARTPIN_LOCS, which will prevent the partial routing of the signal "a[63]". Without this partial route, timing analysis to/from this port will not be accurate, and no routing information for this port can be exported.
WARNING: [Route 35-198] Port "a[62]" does not have an associated HD.PARTPIN_LOCS, which will prevent the partial routing of the signal "a[62]". Without this partial route, timing analysis to/from this port will not be accurate, and no routing information for this port can be exported.
WARNING: [Route 35-198] Port "a[61]" does not have an associated HD.PARTPIN_LOCS, which will prevent the partial routing of the signal "a[61]". Without this partial route, timing analysis to/from this port will not be accurate, and no routing information for this port can be exported.
WARNING: [Route 35-198] Port "a[60]" does not have an associated HD.PARTPIN_LOCS, which will prevent the partial routing of the signal "a[60]". Without this partial route, timing analysis to/from this port will not be accurate, and no routing information for this port can be exported.
WARNING: [Route 35-198] Port "a[59]" does not have an associated HD.PARTPIN_LOCS, which will prevent the partial routing of the signal "a[59]". Without this partial route, timing analysis to/from this port will not be accurate, and no routing information for this port can be exported.
WARNING: [Route 35-198] Port "a[58]" does not have an associated HD.PARTPIN_LOCS, which will prevent the partial routing of the signal "a[58]". Without this partial route, timing analysis to/from this port will not be accurate, and no routing information for this port can be exported.
WARNING: [Route 35-198] Port "a[57]" does not have an associated HD.PARTPIN_LOCS, which will prevent the partial routing of the signal "a[57]". Without this partial route, timing analysis to/from this port will not be accurate, and no routing information for this port can be exported.
WARNING: [Route 35-198] Port "a[56]" does not have an associated HD.PARTPIN_LOCS, which will prevent the partial routing of the signal "a[56]". Without this partial route, timing analysis to/from this port will not be accurate, and no routing information for this port can be exported.
WARNING: [Route 35-198] Port "a[55]" does not have an associated HD.PARTPIN_LOCS, which will prevent the partial routing of the signal "a[55]". Without this partial route, timing analysis to/from this port will not be accurate, and no routing information for this port can be exported.
WARNING: [Route 35-198] Port "a[54]" does not have an associated HD.PARTPIN_LOCS, which will prevent the partial routing of the signal "a[54]". Without this partial route, timing analysis to/from this port will not be accurate, and no routing information for this port can be exported.
WARNING: [Route 35-198] Port "a[53]" does not have an associated HD.PARTPIN_LOCS, which will prevent the partial routing of the signal "a[53]". Without this partial route, timing analysis to/from this port will not be accurate, and no routing information for this port can be exported.
WARNING: [Route 35-198] Port "a[52]" does not have an associated HD.PARTPIN_LOCS, which will prevent the partial routing of the signal "a[52]". Without this partial route, timing analysis to/from this port will not be accurate, and no routing information for this port can be exported.
WARNING: [Route 35-198] Port "a[51]" does not have an associated HD.PARTPIN_LOCS, which will prevent the partial routing of the signal "a[51]". Without this partial route, timing analysis to/from this port will not be accurate, and no routing information for this port can be exported.
WARNING: [Route 35-198] Port "a[50]" does not have an associated HD.PARTPIN_LOCS, which will prevent the partial routing of the signal "a[50]". Without this partial route, timing analysis to/from this port will not be accurate, and no routing information for this port can be exported.
WARNING: [Route 35-198] Port "a[49]" does not have an associated HD.PARTPIN_LOCS, which will prevent the partial routing of the signal "a[49]". Without this partial route, timing analysis to/from this port will not be accurate, and no routing information for this port can be exported.
WARNING: [Route 35-198] Port "b[176]" does not have an associated HD.PARTPIN_LOCS, which will prevent the partial routing of the signal "b[176]". Without this partial route, timing analysis to/from this port will not be accurate, and no routing information for this port can be exported.
WARNING: [Route 35-198] Port "b[175]" does not have an associated HD.PARTPIN_LOCS, which will prevent the partial routing of the signal "b[175]". Without this partial route, timing analysis to/from this port will not be accurate, and no routing information for this port can be exported.
WARNING: [Route 35-198] Port "b[174]" does not have an associated HD.PARTPIN_LOCS, which will prevent the partial routing of the signal "b[174]". Without this partial route, timing analysis to/from this port will not be accurate, and no routing information for this port can be exported.
WARNING: [Route 35-198] Port "b[173]" does not have an associated HD.PARTPIN_LOCS, which will prevent the partial routing of the signal "b[173]". Without this partial route, timing analysis to/from this port will not be accurate, and no routing information for this port can be exported.
WARNING: [Route 35-198] Port "b[172]" does not have an associated HD.PARTPIN_LOCS, which will prevent the partial routing of the signal "b[172]". Without this partial route, timing analysis to/from this port will not be accurate, and no routing information for this port can be exported.
WARNING: [Route 35-198] Port "b[171]" does not have an associated HD.PARTPIN_LOCS, which will prevent the partial routing of the signal "b[171]". Without this partial route, timing analysis to/from this port will not be accurate, and no routing information for this port can be exported.
WARNING: [Route 35-198] Port "b[170]" does not have an associated HD.PARTPIN_LOCS, which will prevent the partial routing of the signal "b[170]". Without this partial route, timing analysis to/from this port will not be accurate, and no routing information for this port can be exported.
WARNING: [Route 35-198] Port "b[169]" does not have an associated HD.PARTPIN_LOCS, which will prevent the partial routing of the signal "b[169]". Without this partial route, timing analysis to/from this port will not be accurate, and no routing information for this port can be exported.
WARNING: [Route 35-198] Port "b[168]" does not have an associated HD.PARTPIN_LOCS, which will prevent the partial routing of the signal "b[168]". Without this partial route, timing analysis to/from this port will not be accurate, and no routing information for this port can be exported.
WARNING: [Route 35-198] Port "b[167]" does not have an associated HD.PARTPIN_LOCS, which will prevent the partial routing of the signal "b[167]". Without this partial route, timing analysis to/from this port will not be accurate, and no routing information for this port can be exported.
WARNING: [Route 35-198] Port "b[166]" does not have an associated HD.PARTPIN_LOCS, which will prevent the partial routing of the signal "b[166]". Without this partial route, timing analysis to/from this port will not be accurate, and no routing information for this port can be exported.
WARNING: [Route 35-198] Port "b[165]" does not have an associated HD.PARTPIN_LOCS, which will prevent the partial routing of the signal "b[165]". Without this partial route, timing analysis to/from this port will not be accurate, and no routing information for this port can be exported.
WARNING: [Route 35-198] Port "b[164]" does not have an associated HD.PARTPIN_LOCS, which will prevent the partial routing of the signal "b[164]". Without this partial route, timing analysis to/from this port will not be accurate, and no routing information for this port can be exported.
WARNING: [Route 35-198] Port "b[163]" does not have an associated HD.PARTPIN_LOCS, which will prevent the partial routing of the signal "b[163]". Without this partial route, timing analysis to/from this port will not be accurate, and no routing information for this port can be exported.
WARNING: [Route 35-198] Port "b[162]" does not have an associated HD.PARTPIN_LOCS, which will prevent the partial routing of the signal "b[162]". Without this partial route, timing analysis to/from this port will not be accurate, and no routing information for this port can be exported.
WARNING: [Route 35-198] Port "b[161]" does not have an associated HD.PARTPIN_LOCS, which will prevent the partial routing of the signal "b[161]". Without this partial route, timing analysis to/from this port will not be accurate, and no routing information for this port can be exported.
WARNING: [Route 35-198] Port "b[160]" does not have an associated HD.PARTPIN_LOCS, which will prevent the partial routing of the signal "b[160]". Without this partial route, timing analysis to/from this port will not be accurate, and no routing information for this port can be exported.
WARNING: [Route 35-198] Port "a[16]" does not have an associated HD.PARTPIN_LOCS, which will prevent the partial routing of the signal "a[16]". Without this partial route, timing analysis to/from this port will not be accurate, and no routing information for this port can be exported.
WARNING: [Route 35-198] Port "a[15]" does not have an associated HD.PARTPIN_LOCS, which will prevent the partial routing of the signal "a[15]". Without this partial route, timing analysis to/from this port will not be accurate, and no routing information for this port can be exported.
WARNING: [Route 35-198] Port "a[14]" does not have an associated HD.PARTPIN_LOCS, which will prevent the partial routing of the signal "a[14]". Without this partial route, timing analysis to/from this port will not be accurate, and no routing information for this port can be exported.
WARNING: [Route 35-198] Port "a[13]" does not have an associated HD.PARTPIN_LOCS, which will prevent the partial routing of the signal "a[13]". Without this partial route, timing analysis to/from this port will not be accurate, and no routing information for this port can be exported.
WARNING: [Route 35-198] Port "a[12]" does not have an associated HD.PARTPIN_LOCS, which will prevent the partial routing of the signal "a[12]". Without this partial route, timing analysis to/from this port will not be accurate, and no routing information for this port can be exported.
WARNING: [Route 35-198] Port "a[11]" does not have an associated HD.PARTPIN_LOCS, which will prevent the partial routing of the signal "a[11]". Without this partial route, timing analysis to/from this port will not be accurate, and no routing information for this port can be exported.
WARNING: [Route 35-198] Port "a[10]" does not have an associated HD.PARTPIN_LOCS, which will prevent the partial routing of the signal "a[10]". Without this partial route, timing analysis to/from this port will not be accurate, and no routing information for this port can be exported.
WARNING: [Route 35-198] Port "a[9]" does not have an associated HD.PARTPIN_LOCS, which will prevent the partial routing of the signal "a[9]". Without this partial route, timing analysis to/from this port will not be accurate, and no routing information for this port can be exported.
WARNING: [Route 35-198] Port "a[8]" does not have an associated HD.PARTPIN_LOCS, which will prevent the partial routing of the signal "a[8]". Without this partial route, timing analysis to/from this port will not be accurate, and no routing information for this port can be exported.
WARNING: [Route 35-198] Port "a[7]" does not have an associated HD.PARTPIN_LOCS, which will prevent the partial routing of the signal "a[7]". Without this partial route, timing analysis to/from this port will not be accurate, and no routing information for this port can be exported.
WARNING: [Route 35-198] Port "a[6]" does not have an associated HD.PARTPIN_LOCS, which will prevent the partial routing of the signal "a[6]". Without this partial route, timing analysis to/from this port will not be accurate, and no routing information for this port can be exported.
WARNING: [Route 35-198] Port "a[5]" does not have an associated HD.PARTPIN_LOCS, which will prevent the partial routing of the signal "a[5]". Without this partial route, timing analysis to/from this port will not be accurate, and no routing information for this port can be exported.
WARNING: [Route 35-198] Port "a[4]" does not have an associated HD.PARTPIN_LOCS, which will prevent the partial routing of the signal "a[4]". Without this partial route, timing analysis to/from this port will not be accurate, and no routing information for this port can be exported.
WARNING: [Route 35-198] Port "a[3]" does not have an associated HD.PARTPIN_LOCS, which will prevent the partial routing of the signal "a[3]". Without this partial route, timing analysis to/from this port will not be accurate, and no routing information for this port can be exported.
WARNING: [Route 35-198] Port "a[2]" does not have an associated HD.PARTPIN_LOCS, which will prevent the partial routing of the signal "a[2]". Without this partial route, timing analysis to/from this port will not be accurate, and no routing information for this port can be exported.
WARNING: [Route 35-198] Port "a[1]" does not have an associated HD.PARTPIN_LOCS, which will prevent the partial routing of the signal "a[1]". Without this partial route, timing analysis to/from this port will not be accurate, and no routing information for this port can be exported.
WARNING: [Route 35-198] Port "a[0]" does not have an associated HD.PARTPIN_LOCS, which will prevent the partial routing of the signal "a[0]". Without this partial route, timing analysis to/from this port will not be accurate, and no routing information for this port can be exported.
WARNING: [Route 35-198] Port "a[31]" does not have an associated HD.PARTPIN_LOCS, which will prevent the partial routing of the signal "a[31]". Without this partial route, timing analysis to/from this port will not be accurate, and no routing information for this port can be exported.
WARNING: [Route 35-198] Port "a[30]" does not have an associated HD.PARTPIN_LOCS, which will prevent the partial routing of the signal "a[30]". Without this partial route, timing analysis to/from this port will not be accurate, and no routing information for this port can be exported.
WARNING: [Route 35-198] Port "a[29]" does not have an associated HD.PARTPIN_LOCS, which will prevent the partial routing of the signal "a[29]". Without this partial route, timing analysis to/from this port will not be accurate, and no routing information for this port can be exported.
WARNING: [Route 35-198] Port "a[28]" does not have an associated HD.PARTPIN_LOCS, which will prevent the partial routing of the signal "a[28]". Without this partial route, timing analysis to/from this port will not be accurate, and no routing information for this port can be exported.
WARNING: [Route 35-198] Port "a[27]" does not have an associated HD.PARTPIN_LOCS, which will prevent the partial routing of the signal "a[27]". Without this partial route, timing analysis to/from this port will not be accurate, and no routing information for this port can be exported.
WARNING: [Route 35-198] Port "a[26]" does not have an associated HD.PARTPIN_LOCS, which will prevent the partial routing of the signal "a[26]". Without this partial route, timing analysis to/from this port will not be accurate, and no routing information for this port can be exported.
WARNING: [Route 35-198] Port "a[25]" does not have an associated HD.PARTPIN_LOCS, which will prevent the partial routing of the signal "a[25]". Without this partial route, timing analysis to/from this port will not be accurate, and no routing information for this port can be exported.
WARNING: [Route 35-198] Port "a[24]" does not have an associated HD.PARTPIN_LOCS, which will prevent the partial routing of the signal "a[24]". Without this partial route, timing analysis to/from this port will not be accurate, and no routing information for this port can be exported.
WARNING: [Route 35-198] Port "a[23]" does not have an associated HD.PARTPIN_LOCS, which will prevent the partial routing of the signal "a[23]". Without this partial route, timing analysis to/from this port will not be accurate, and no routing information for this port can be exported.
WARNING: [Route 35-198] Port "a[22]" does not have an associated HD.PARTPIN_LOCS, which will prevent the partial routing of the signal "a[22]". Without this partial route, timing analysis to/from this port will not be accurate, and no routing information for this port can be exported.
WARNING: [Route 35-198] Port "a[21]" does not have an associated HD.PARTPIN_LOCS, which will prevent the partial routing of the signal "a[21]". Without this partial route, timing analysis to/from this port will not be accurate, and no routing information for this port can be exported.
WARNING: [Route 35-198] Port "a[20]" does not have an associated HD.PARTPIN_LOCS, which will prevent the partial routing of the signal "a[20]". Without this partial route, timing analysis to/from this port will not be accurate, and no routing information for this port can be exported.
WARNING: [Route 35-198] Port "a[19]" does not have an associated HD.PARTPIN_LOCS, which will prevent the partial routing of the signal "a[19]". Without this partial route, timing analysis to/from this port will not be accurate, and no routing information for this port can be exported.
WARNING: [Route 35-198] Port "a[18]" does not have an associated HD.PARTPIN_LOCS, which will prevent the partial routing of the signal "a[18]". Without this partial route, timing analysis to/from this port will not be accurate, and no routing information for this port can be exported.
WARNING: [Route 35-198] Port "a[17]" does not have an associated HD.PARTPIN_LOCS, which will prevent the partial routing of the signal "a[17]". Without this partial route, timing analysis to/from this port will not be accurate, and no routing information for this port can be exported.
WARNING: [Route 35-198] Port "a[80]" does not have an associated HD.PARTPIN_LOCS, which will prevent the partial routing of the signal "a[80]". Without this partial route, timing analysis to/from this port will not be accurate, and no routing information for this port can be exported.
WARNING: [Route 35-198] Port "a[79]" does not have an associated HD.PARTPIN_LOCS, which will prevent the partial routing of the signal "a[79]". Without this partial route, timing analysis to/from this port will not be accurate, and no routing information for this port can be exported.
WARNING: [Route 35-198] Port "a[78]" does not have an associated HD.PARTPIN_LOCS, which will prevent the partial routing of the signal "a[78]". Without this partial route, timing analysis to/from this port will not be accurate, and no routing information for this port can be exported.
WARNING: [Route 35-198] Port "a[77]" does not have an associated HD.PARTPIN_LOCS, which will prevent the partial routing of the signal "a[77]". Without this partial route, timing analysis to/from this port will not be accurate, and no routing information for this port can be exported.
INFO: [Common 17-14] Message 'Route 35-198' appears 100 times and further instances of the messages will be disabled. Use the Tcl command set_msg_config to change the current settings.
Post Restoration Checksum: NetGraph: f5d4ba95 NumContArr: ffdab135 Constraints: 0 Timing: 0
Phase 1 Build RT Design | Checksum: 1f5af6bca

Time (s): cpu = 00:00:25 ; elapsed = 00:00:16 . Memory (MB): peak = 3572.758 ; gain = 23.543 ; free physical = 39993 ; free virtual = 55135

Phase 2 Router Initialization

Phase 2.1 Fix Topology Constraints
Phase 2.1 Fix Topology Constraints | Checksum: 1f5af6bca

Time (s): cpu = 00:00:25 ; elapsed = 00:00:16 . Memory (MB): peak = 3582.758 ; gain = 33.543 ; free physical = 39956 ; free virtual = 55097

Phase 2.2 Pre Route Cleanup
Phase 2.2 Pre Route Cleanup | Checksum: 1f5af6bca

Time (s): cpu = 00:00:26 ; elapsed = 00:00:16 . Memory (MB): peak = 3582.758 ; gain = 33.543 ; free physical = 39956 ; free virtual = 55097
 Number of Nodes with overlaps = 0

Phase 2.3 Update Timing
Phase 2.3 Update Timing | Checksum: 10a9464e0

Time (s): cpu = 00:00:34 ; elapsed = 00:00:19 . Memory (MB): peak = 3620.141 ; gain = 70.926 ; free physical = 39907 ; free virtual = 55054
INFO: [Route 35-416] Intermediate Timing Summary | WNS=16.364 | TNS=0.000  | WHS=0.140  | THS=0.000  |


Router Utilization Summary
  Global Vertical Routing Utilization    = 0 %
  Global Horizontal Routing Utilization  = 0 %
  Routable Net Status*
  *Does not include unroutable nets such as driverless and loadless.
  Run report_route_status for detailed report.
  Number of Failed Nets               = 58060
    (Failed Nets is the sum of unrouted and partially routed nets)
  Number of Unrouted Nets             = 58060
  Number of Partially Routed Nets     = 0
  Number of Node Overlaps             = 0

Phase 2 Router Initialization | Checksum: 11fad5653

Time (s): cpu = 00:00:42 ; elapsed = 00:00:21 . Memory (MB): peak = 3646.141 ; gain = 96.926 ; free physical = 39936 ; free virtual = 55084

Phase 3 Initial Routing

Phase 3.1 Global Routing
Phase 3.1 Global Routing | Checksum: 11fad5653

Time (s): cpu = 00:00:42 ; elapsed = 00:00:21 . Memory (MB): peak = 3646.141 ; gain = 96.926 ; free physical = 39936 ; free virtual = 55084
Phase 3 Initial Routing | Checksum: 18572ae29

Time (s): cpu = 00:00:50 ; elapsed = 00:00:23 . Memory (MB): peak = 3673.141 ; gain = 123.926 ; free physical = 39920 ; free virtual = 55059

Phase 4 Rip-up And Reroute

Phase 4.1 Global Iteration 0
 Number of Nodes with overlaps = 3932
 Number of Nodes with overlaps = 66
 Number of Nodes with overlaps = 3
 Number of Nodes with overlaps = 1
 Number of Nodes with overlaps = 1
 Number of Nodes with overlaps = 1
 Number of Nodes with overlaps = 0
INFO: [Route 35-416] Intermediate Timing Summary | WNS=13.637 | TNS=0.000  | WHS=N/A    | THS=N/A    |

Phase 4.1 Global Iteration 0 | Checksum: 219d91a26

Time (s): cpu = 00:01:10 ; elapsed = 00:00:35 . Memory (MB): peak = 3673.141 ; gain = 123.926 ; free physical = 39935 ; free virtual = 55068
Phase 4 Rip-up And Reroute | Checksum: 219d91a26

Time (s): cpu = 00:01:10 ; elapsed = 00:00:35 . Memory (MB): peak = 3673.141 ; gain = 123.926 ; free physical = 39935 ; free virtual = 55068

Phase 5 Delay and Skew Optimization

Phase 5.1 Delay CleanUp
Phase 5.1 Delay CleanUp | Checksum: 219d91a26

Time (s): cpu = 00:01:10 ; elapsed = 00:00:35 . Memory (MB): peak = 3673.141 ; gain = 123.926 ; free physical = 39935 ; free virtual = 55069

Phase 5.2 Clock Skew Optimization
Phase 5.2 Clock Skew Optimization | Checksum: 219d91a26

Time (s): cpu = 00:01:10 ; elapsed = 00:00:35 . Memory (MB): peak = 3673.141 ; gain = 123.926 ; free physical = 39929 ; free virtual = 55063
Phase 5 Delay and Skew Optimization | Checksum: 219d91a26

Time (s): cpu = 00:01:10 ; elapsed = 00:00:35 . Memory (MB): peak = 3673.141 ; gain = 123.926 ; free physical = 39937 ; free virtual = 55071

Phase 6 Post Hold Fix

Phase 6.1 Hold Fix Iter

Phase 6.1.1 Update Timing
Phase 6.1.1 Update Timing | Checksum: 1f4ac706d

Time (s): cpu = 00:01:13 ; elapsed = 00:00:36 . Memory (MB): peak = 3673.141 ; gain = 123.926 ; free physical = 39937 ; free virtual = 55071
INFO: [Route 35-416] Intermediate Timing Summary | WNS=13.637 | TNS=0.000  | WHS=0.128  | THS=0.000  |

Phase 6.1 Hold Fix Iter | Checksum: 1f4ac706d

Time (s): cpu = 00:01:13 ; elapsed = 00:00:37 . Memory (MB): peak = 3673.141 ; gain = 123.926 ; free physical = 39937 ; free virtual = 55071
Phase 6 Post Hold Fix | Checksum: 1f4ac706d

Time (s): cpu = 00:01:13 ; elapsed = 00:00:37 . Memory (MB): peak = 3673.141 ; gain = 123.926 ; free physical = 39937 ; free virtual = 55071

Phase 7 Route finalize

Router Utilization Summary
  Global Vertical Routing Utilization    = 17.1748 %
  Global Horizontal Routing Utilization  = 18.7164 %
  Routable Net Status*
  *Does not include unroutable nets such as driverless and loadless.
  Run report_route_status for detailed report.
  Number of Failed Nets               = 0
    (Failed Nets is the sum of unrouted and partially routed nets)
  Number of Unrouted Nets             = 0
  Number of Partially Routed Nets     = 0
  Number of Node Overlaps             = 0

Phase 7 Route finalize | Checksum: 277b4ef69

Time (s): cpu = 00:01:13 ; elapsed = 00:00:37 . Memory (MB): peak = 3673.141 ; gain = 123.926 ; free physical = 39934 ; free virtual = 55068

Phase 8 Verifying routed nets

 Verification completed successfully
Phase 8 Verifying routed nets | Checksum: 277b4ef69

Time (s): cpu = 00:01:13 ; elapsed = 00:00:37 . Memory (MB): peak = 3673.141 ; gain = 123.926 ; free physical = 39933 ; free virtual = 55067

Phase 9 Depositing Routes
Phase 9 Depositing Routes | Checksum: 24b543997

Time (s): cpu = 00:01:16 ; elapsed = 00:00:39 . Memory (MB): peak = 3689.148 ; gain = 139.934 ; free physical = 39917 ; free virtual = 55052

Phase 10 Post Router Timing
INFO: [Route 35-57] Estimated Timing Summary | WNS=13.637 | TNS=0.000  | WHS=0.128  | THS=0.000  |

INFO: [Route 35-327] The final timing numbers are based on the router estimated timing analysis. For a complete and accurate timing signoff, please run report_timing_summary.
Phase 10 Post Router Timing | Checksum: 24b543997

Time (s): cpu = 00:01:18 ; elapsed = 00:00:40 . Memory (MB): peak = 3689.148 ; gain = 139.934 ; free physical = 39784 ; free virtual = 55052
INFO: [Route 35-16] Router Completed Successfully

Time (s): cpu = 00:01:18 ; elapsed = 00:00:40 . Memory (MB): peak = 3689.148 ; gain = 139.934 ; free physical = 39910 ; free virtual = 55108

Routing Is Done.
INFO: [Common 17-83] Releasing license: Implementation
94 Infos, 102 Warnings, 0 Critical Warnings and 0 Errors encountered.
route_design completed successfully
route_design: Time (s): cpu = 00:01:21 ; elapsed = 00:00:41 . Memory (MB): peak = 3689.148 ; gain = 162.375 ; free physical = 39905 ; free virtual = 55108
INFO: [Timing 38-480] Writing timing data to binary archive.
Writing XDEF routing.
Writing XDEF routing logical nets.
Writing XDEF routing special nets.
Write XDEF Complete: Time (s): cpu = 00:00:06 ; elapsed = 00:00:03 . Memory (MB): peak = 3689.148 ; gain = 0.000 ; free physical = 39887 ; free virtual = 55098
INFO: [Common 17-1381] The checkpoint '/home/nghielme/PycharmProjects/thesis-project/addmul/mul_fixed/mul_fixed_xilinx/mul_fixed_xilinx_solution/impl/verilog/project.runs/impl_1/bd_0_wrapper_routed.dcp' has been generated.
write_checkpoint: Time (s): cpu = 00:00:11 ; elapsed = 00:00:06 . Memory (MB): peak = 3697.152 ; gain = 8.004 ; free physical = 39934 ; free virtual = 55087
INFO: [runtcl-4] Executing : report_drc -file bd_0_wrapper_drc_routed.rpt -pb bd_0_wrapper_drc_routed.pb -rpx bd_0_wrapper_drc_routed.rpx
Command: report_drc -file bd_0_wrapper_drc_routed.rpt -pb bd_0_wrapper_drc_routed.pb -rpx bd_0_wrapper_drc_routed.rpx
INFO: [IP_Flow 19-1839] IP Catalog is up to date.
INFO: [DRC 23-27] Running DRC with 8 threads
INFO: [Vivado_Tcl 2-168] The results of DRC are in file /home/nghielme/PycharmProjects/thesis-project/addmul/mul_fixed/mul_fixed_xilinx/mul_fixed_xilinx_solution/impl/verilog/project.runs/impl_1/bd_0_wrapper_drc_routed.rpt.
report_drc completed successfully
INFO: [runtcl-4] Executing : report_methodology -file bd_0_wrapper_methodology_drc_routed.rpt -pb bd_0_wrapper_methodology_drc_routed.pb -rpx bd_0_wrapper_methodology_drc_routed.rpx
Command: report_methodology -file bd_0_wrapper_methodology_drc_routed.rpt -pb bd_0_wrapper_methodology_drc_routed.pb -rpx bd_0_wrapper_methodology_drc_routed.rpx
INFO: [Timing 38-35] Done setting XDC timing constraints.
WARNING: [Timing 38-242] The property HD.CLK_SRC of clock port "ap_clk" is not set. In out-of-context mode, this prevents timing estimation for clock delay/skew
Resolution: Set the HD.CLK_SRC property of the out-of-context port to the location of the clock buffer instance in the top-level design
INFO: [DRC 23-133] Running Methodology with 8 threads
INFO: [Vivado_Tcl 2-1520] The results of Report Methodology are in file /home/nghielme/PycharmProjects/thesis-project/addmul/mul_fixed/mul_fixed_xilinx/mul_fixed_xilinx_solution/impl/verilog/project.runs/impl_1/bd_0_wrapper_methodology_drc_routed.rpt.
report_methodology completed successfully
INFO: [runtcl-4] Executing : report_power -file bd_0_wrapper_power_routed.rpt -pb bd_0_wrapper_power_summary_routed.pb -rpx bd_0_wrapper_power_routed.rpx
Command: report_power -file bd_0_wrapper_power_routed.rpt -pb bd_0_wrapper_power_summary_routed.pb -rpx bd_0_wrapper_power_routed.rpx
INFO: [Timing 38-35] Done setting XDC timing constraints.
Running Vector-less Activity Propagation...

Finished Running Vector-less Activity Propagation
106 Infos, 103 Warnings, 0 Critical Warnings and 0 Errors encountered.
report_power completed successfully
INFO: [runtcl-4] Executing : report_route_status -file bd_0_wrapper_route_status.rpt -pb bd_0_wrapper_route_status.pb
INFO: [runtcl-4] Executing : report_timing_summary -max_paths 10 -report_unconstrained -file bd_0_wrapper_timing_summary_routed.rpt -pb bd_0_wrapper_timing_summary_routed.pb -rpx bd_0_wrapper_timing_summary_routed.rpx -warn_on_violation 
INFO: [Timing 38-91] UpdateTimingParams: Speed grade: -1, Delay Type: min_max.
INFO: [Timing 38-191] Multithreading enabled for timing update using a maximum of 8 CPUs
INFO: [runtcl-4] Executing : report_incremental_reuse -file bd_0_wrapper_incremental_reuse_routed.rpt
INFO: [Vivado_Tcl 4-1062] Incremental flow is disabled. No incremental reuse Info to report.
INFO: [runtcl-4] Executing : report_clock_utilization -file bd_0_wrapper_clock_utilization_routed.rpt
INFO: [runtcl-4] Executing : report_bus_skew -warn_on_violation -file bd_0_wrapper_bus_skew_routed.rpt -pb bd_0_wrapper_bus_skew_routed.pb -rpx bd_0_wrapper_bus_skew_routed.rpx
INFO: [Timing 38-91] UpdateTimingParams: Speed grade: -1, Delay Type: min_max.
INFO: [Timing 38-191] Multithreading enabled for timing update using a maximum of 8 CPUs
INFO: [Common 17-206] Exiting Vivado at Tue Mar 28 15:17:39 2023...
