================================================================
== Vivado Place & Route Results
================================================================
+ General Information:
    * Date:            Tue Mar 28 11:44:21 CEST 2023
    * Version:         2022.2 (Build 3670227 on Oct 13 2022)
    * Project:         add
    * Solution:        add_solution (Vivado IP Flow Target)
    * Product family:  zynq
    * Target device:   xc7z020-clg400-1


================================================================
== Run Constraints & Options
================================================================
+ Design Constraints & Options:
    * Place & Route target clock:  50 ns
    * C-Synthesis target clock:    50 ns
    * C-Synthesis uncertainty:     27%

+ RTL Synthesis Options:
    * config_export -vivado_synth_strategy:     default
    * config_export -vivado_synth_design_args:  -directive sdx_optimization_effort_high

+ Place & Route Options:
    * config_export -vivado_impl_strategy:  default
    * config_export -vivado_phys_opt:       none

+ Reporting Options:
    * config_export -vivado_report_level:      2
    * config_export -vivado_max_timing_paths:  10


================================================================
== Place & Route Resource Summary
================================================================
LUT:              1080
FF:               298
DSP:              0
BRAM:             0
URAM:             0
SRL:              0


================================================================
== Place & Route Timing Summary
================================================================
* Timing was met
+----------------+-------------+
| Timing         | Period (ns) |
+----------------+-------------+
| Target         | 50.000      |
| Post-Synthesis | 14.793      |
| Post-Route     | 17.024      |
+----------------+-------------+


================================================================
== Place & Route Resources
================================================================
+----------------------------------------------------------+------+-----+-----+------+------+-----+--------+------+---------+----------+--------+
| Name                                                     | LUT  | FF  | DSP | BRAM | URAM | SRL | Pragma | Impl | Latency | Variable | Source |
+----------------------------------------------------------+------+-----+-----+------+------+-----+--------+------+---------+----------+--------+
| inst                                                     | 1080 | 298 |     |      |      |     |        |      |         |          |        |
|   (inst)                                                 | 133  | 83  |     |      |      |     |        |      |         |          |        |
|   grp_plus_minus_25_2_8_0_25_2_8_0_s_fu_49               | 948  | 215 |     |      |      |     |        |      |         |          |        |
|     (grp_plus_minus_25_2_8_0_25_2_8_0_s_fu_49)           | 412  | 87  |     |      |      |     |        |      |         |          |        |
|     grp_adjust_9_s_fu_252                                | 536  | 128 |     |      |      |     |        |      |         |          |        |
|       (grp_adjust_9_s_fu_252)                            | 195  | 91  |     |      |      |     |        |      |         |          |        |
|       grp_adjust_9_Pipeline_VITIS_LOOP_2139_1_fu_186     | 228  | 34  |     |      |      |     |        |      |         |          |        |
|         (grp_adjust_9_Pipeline_VITIS_LOOP_2139_1_fu_186) | 189  | 32  |     |      |      |     |        |      |         |          |        |
|         flow_control_loop_pipe_sequential_init_U         | 39   | 2   |     |      |      |     |        |      |         |          |        |
|       tab_U                                              | 115  | 3   |     |      |      |     |        |      |         |          |        |
|         bind_storage rom_1p                              |      |     |     |      |      |     |        | auto | 1       | tab      |        |
+----------------------------------------------------------+------+-----+-----+------+------+-----+--------+------+---------+----------+--------+


================================================================
== Place & Route Fail Fast
================================================================
+-----------------------------------------------------------+-----------+--------+--------+
| Criteria                                                  | Guideline | Actual | Status |
+-----------------------------------------------------------+-----------+--------+--------+
| LUT                                                       | 70%       | 2.03%  | OK     |
| FD                                                        | 50%       | 0.28%  | OK     |
| LUTRAM+SRL                                                | 25%       | 0.00%  | OK     |
| MUXF7                                                     | 15%       | 0.00%  | OK     |
| DSP                                                       | 80%       | 0.00%  | OK     |
| RAMB/FIFO                                                 | 80%       | 0.00%  | OK     |
| DSP+RAMB+URAM (Avg)                                       | 70%       | 0.00%  | OK     |
| BUFGCE* + BUFGCTRL                                        | 24        | 0      | OK     |
| DONT_TOUCH (cells/nets)                                   | 0         | 0      | OK     |
| MARK_DEBUG (nets)                                         | 0         | 0      | OK     |
| Control Sets                                              | 998       | 13     | OK     |
| Average Fanout for modules > 100k cells                   | 4         | 0      | OK     |
| Non-FD high fanout nets > 10k loads                       | 0         | 0      | OK     |
+-----------------------------------------------------------+-----------+--------+--------+
| TIMING-6 (No common primary clock between related clocks) | 0         | 0      | OK     |
| TIMING-7 (No common node between related clocks)          | 0         | 0      | OK     |
| TIMING-8 (No common period between related clocks)        | 0         | 0      | OK     |
| TIMING-14 (LUT on the clock tree)                         | 0         | 0      | OK     |
| TIMING-35 (No common node in paths with the same clock)   | 0         | 0      | OK     |
+-----------------------------------------------------------+-----------+--------+--------+
| Number of paths above max LUT budgeting (0.575ns)         | 0         | 0      | OK     |
| Number of paths above max Net budgeting (0.403ns)         | 0         | 0      | OK     |
+-----------------------------------------------------------+-----------+--------+--------+


================================================================
== Place & Route Timing Paths
================================================================
* Timing was met
+-------+--------+------------------------------+---------------------------------------------------------------------------+--------------+------------+----------------+----------------+--------------+
| Path  |  SLACK | STARTPOINT PIN               | ENDPOINT PIN                                                              | LOGIC LEVELS | MAX FANOUT | DATAPATH DELAY | DATAPATH LOGIC | DATAPATH NET |
|       |        |                              |                                                                           |              |            |                |          DELAY |        DELAY |
+-------+--------+------------------------------+---------------------------------------------------------------------------+--------------+------------+----------------+----------------+--------------+
| Path1 | 32.976 | trunc_ln691_reg_72_reg[66]/C | grp_plus_minus_25_2_8_0_25_2_8_0_s_fu_49/trunc_ln609_4_reg_1017_reg[24]/D |           27 |         49 |         17.049 |          6.961 |       10.088 |
| Path2 | 33.080 | trunc_ln691_reg_72_reg[66]/C | grp_plus_minus_25_2_8_0_25_2_8_0_s_fu_49/trunc_ln609_4_reg_1017_reg[23]/D |           27 |         49 |         16.945 |          6.857 |       10.088 |
| Path3 | 33.093 | trunc_ln691_reg_72_reg[66]/C | grp_plus_minus_25_2_8_0_25_2_8_0_s_fu_49/trunc_ln609_4_reg_1017_reg[20]/D |           26 |         49 |         16.932 |          6.844 |       10.088 |
| Path4 | 33.101 | trunc_ln691_reg_72_reg[66]/C | grp_plus_minus_25_2_8_0_25_2_8_0_s_fu_49/trunc_ln609_4_reg_1017_reg[22]/D |           26 |         49 |         16.924 |          6.836 |       10.088 |
| Path5 | 33.177 | trunc_ln691_reg_72_reg[66]/C | grp_plus_minus_25_2_8_0_25_2_8_0_s_fu_49/trunc_ln609_4_reg_1017_reg[21]/D |           26 |         49 |         16.848 |          6.760 |       10.088 |
+-------+--------+------------------------------+---------------------------------------------------------------------------+--------------+------------+----------------+----------------+--------------+

    +-----------------------------------------------------------------------------+----------------------+
    | Path1 Cells                                                                 | Primitive Type       |
    +-----------------------------------------------------------------------------+----------------------+
    | trunc_ln691_reg_72_reg[66]                                                  | FLOP_LATCH.flop.FDRE |
    | grp_plus_minus_25_2_8_0_25_2_8_0_s_fu_49/phi_ln609_reg_98[8]_i_64           | LUT.others.LUT6      |
    | grp_plus_minus_25_2_8_0_25_2_8_0_s_fu_49/phi_ln609_reg_98[8]_i_42           | LUT.others.LUT2      |
    | grp_plus_minus_25_2_8_0_25_2_8_0_s_fu_49/phi_ln609_reg_98_reg[8]_i_9        | CARRY.others.CARRY4  |
    | trunc_ln609_4_reg_1017_reg[24]_i_107                                        | CARRY.others.CARRY4  |
    | trunc_ln609_4_reg_1017[24]_i_110                                            | LUT.others.LUT2      |
    | trunc_ln609_4_reg_1017_reg[24]_i_50                                         | CARRY.others.CARRY4  |
    | trunc_ln609_4_reg_1017_reg[24]_i_90                                         | CARRY.others.CARRY4  |
    | trunc_ln609_4_reg_1017[24]_i_103                                            | LUT.others.LUT1      |
    | trunc_ln609_4_reg_1017_reg[24]_i_49                                         | CARRY.others.CARRY4  |
    | trunc_ln609_4_reg_1017_reg[24]_i_89                                         | CARRY.others.CARRY4  |
    | trunc_ln609_4_reg_1017[24]_i_192                                            | LUT.others.LUT4      |
    | trunc_ln609_4_reg_1017_reg[24]_i_118                                        | CARRY.others.CARRY4  |
    | trunc_ln609_4_reg_1017_reg[24]_i_182                                        | CARRY.others.CARRY4  |
    | trunc_ln609_4_reg_1017_reg[24]_i_184                                        | CARRY.others.CARRY4  |
    | trunc_ln609_4_reg_1017_reg[24]_i_117                                        | CARRY.others.CARRY4  |
    | grp_plus_minus_25_2_8_0_25_2_8_0_s_fu_49/trunc_ln609_4_reg_1017[2]_i_48     | LUT.others.LUT4      |
    | grp_plus_minus_25_2_8_0_25_2_8_0_s_fu_49/trunc_ln609_4_reg_1017[24]_i_116   | LUT.others.LUT5      |
    | grp_plus_minus_25_2_8_0_25_2_8_0_s_fu_49/trunc_ln609_4_reg_1017[24]_i_60    | LUT.others.LUT6      |
    | grp_plus_minus_25_2_8_0_25_2_8_0_s_fu_49/trunc_ln609_4_reg_1017[6]_i_30     | LUT.others.LUT6      |
    | grp_plus_minus_25_2_8_0_25_2_8_0_s_fu_49/trunc_ln609_4_reg_1017[6]_i_15     | LUT.others.LUT5      |
    | grp_plus_minus_25_2_8_0_25_2_8_0_s_fu_49/trunc_ln609_4_reg_1017[6]_i_4      | LUT.others.LUT5      |
    | grp_plus_minus_25_2_8_0_25_2_8_0_s_fu_49/trunc_ln609_4_reg_1017_reg[6]_i_1  | CARRY.others.CARRY4  |
    | grp_plus_minus_25_2_8_0_25_2_8_0_s_fu_49/trunc_ln609_4_reg_1017_reg[10]_i_1 | CARRY.others.CARRY4  |
    | grp_plus_minus_25_2_8_0_25_2_8_0_s_fu_49/trunc_ln609_4_reg_1017_reg[14]_i_1 | CARRY.others.CARRY4  |
    | grp_plus_minus_25_2_8_0_25_2_8_0_s_fu_49/trunc_ln609_4_reg_1017_reg[18]_i_1 | CARRY.others.CARRY4  |
    | grp_plus_minus_25_2_8_0_25_2_8_0_s_fu_49/trunc_ln609_4_reg_1017_reg[22]_i_1 | CARRY.others.CARRY4  |
    | grp_plus_minus_25_2_8_0_25_2_8_0_s_fu_49/trunc_ln609_4_reg_1017_reg[24]_i_1 | CARRY.others.CARRY4  |
    | grp_plus_minus_25_2_8_0_25_2_8_0_s_fu_49/trunc_ln609_4_reg_1017_reg[24]     | FLOP_LATCH.flop.FDRE |
    +-----------------------------------------------------------------------------+----------------------+

    +-----------------------------------------------------------------------------+----------------------+
    | Path2 Cells                                                                 | Primitive Type       |
    +-----------------------------------------------------------------------------+----------------------+
    | trunc_ln691_reg_72_reg[66]                                                  | FLOP_LATCH.flop.FDRE |
    | grp_plus_minus_25_2_8_0_25_2_8_0_s_fu_49/phi_ln609_reg_98[8]_i_64           | LUT.others.LUT6      |
    | grp_plus_minus_25_2_8_0_25_2_8_0_s_fu_49/phi_ln609_reg_98[8]_i_42           | LUT.others.LUT2      |
    | grp_plus_minus_25_2_8_0_25_2_8_0_s_fu_49/phi_ln609_reg_98_reg[8]_i_9        | CARRY.others.CARRY4  |
    | trunc_ln609_4_reg_1017_reg[24]_i_107                                        | CARRY.others.CARRY4  |
    | trunc_ln609_4_reg_1017[24]_i_110                                            | LUT.others.LUT2      |
    | trunc_ln609_4_reg_1017_reg[24]_i_50                                         | CARRY.others.CARRY4  |
    | trunc_ln609_4_reg_1017_reg[24]_i_90                                         | CARRY.others.CARRY4  |
    | trunc_ln609_4_reg_1017[24]_i_103                                            | LUT.others.LUT1      |
    | trunc_ln609_4_reg_1017_reg[24]_i_49                                         | CARRY.others.CARRY4  |
    | trunc_ln609_4_reg_1017_reg[24]_i_89                                         | CARRY.others.CARRY4  |
    | trunc_ln609_4_reg_1017[24]_i_192                                            | LUT.others.LUT4      |
    | trunc_ln609_4_reg_1017_reg[24]_i_118                                        | CARRY.others.CARRY4  |
    | trunc_ln609_4_reg_1017_reg[24]_i_182                                        | CARRY.others.CARRY4  |
    | trunc_ln609_4_reg_1017_reg[24]_i_184                                        | CARRY.others.CARRY4  |
    | trunc_ln609_4_reg_1017_reg[24]_i_117                                        | CARRY.others.CARRY4  |
    | grp_plus_minus_25_2_8_0_25_2_8_0_s_fu_49/trunc_ln609_4_reg_1017[2]_i_48     | LUT.others.LUT4      |
    | grp_plus_minus_25_2_8_0_25_2_8_0_s_fu_49/trunc_ln609_4_reg_1017[24]_i_116   | LUT.others.LUT5      |
    | grp_plus_minus_25_2_8_0_25_2_8_0_s_fu_49/trunc_ln609_4_reg_1017[24]_i_60    | LUT.others.LUT6      |
    | grp_plus_minus_25_2_8_0_25_2_8_0_s_fu_49/trunc_ln609_4_reg_1017[6]_i_30     | LUT.others.LUT6      |
    | grp_plus_minus_25_2_8_0_25_2_8_0_s_fu_49/trunc_ln609_4_reg_1017[6]_i_15     | LUT.others.LUT5      |
    | grp_plus_minus_25_2_8_0_25_2_8_0_s_fu_49/trunc_ln609_4_reg_1017[6]_i_4      | LUT.others.LUT5      |
    | grp_plus_minus_25_2_8_0_25_2_8_0_s_fu_49/trunc_ln609_4_reg_1017_reg[6]_i_1  | CARRY.others.CARRY4  |
    | grp_plus_minus_25_2_8_0_25_2_8_0_s_fu_49/trunc_ln609_4_reg_1017_reg[10]_i_1 | CARRY.others.CARRY4  |
    | grp_plus_minus_25_2_8_0_25_2_8_0_s_fu_49/trunc_ln609_4_reg_1017_reg[14]_i_1 | CARRY.others.CARRY4  |
    | grp_plus_minus_25_2_8_0_25_2_8_0_s_fu_49/trunc_ln609_4_reg_1017_reg[18]_i_1 | CARRY.others.CARRY4  |
    | grp_plus_minus_25_2_8_0_25_2_8_0_s_fu_49/trunc_ln609_4_reg_1017_reg[22]_i_1 | CARRY.others.CARRY4  |
    | grp_plus_minus_25_2_8_0_25_2_8_0_s_fu_49/trunc_ln609_4_reg_1017_reg[24]_i_1 | CARRY.others.CARRY4  |
    | grp_plus_minus_25_2_8_0_25_2_8_0_s_fu_49/trunc_ln609_4_reg_1017_reg[23]     | FLOP_LATCH.flop.FDRE |
    +-----------------------------------------------------------------------------+----------------------+

    +-----------------------------------------------------------------------------+----------------------+
    | Path3 Cells                                                                 | Primitive Type       |
    +-----------------------------------------------------------------------------+----------------------+
    | trunc_ln691_reg_72_reg[66]                                                  | FLOP_LATCH.flop.FDRE |
    | grp_plus_minus_25_2_8_0_25_2_8_0_s_fu_49/phi_ln609_reg_98[8]_i_64           | LUT.others.LUT6      |
    | grp_plus_minus_25_2_8_0_25_2_8_0_s_fu_49/phi_ln609_reg_98[8]_i_42           | LUT.others.LUT2      |
    | grp_plus_minus_25_2_8_0_25_2_8_0_s_fu_49/phi_ln609_reg_98_reg[8]_i_9        | CARRY.others.CARRY4  |
    | trunc_ln609_4_reg_1017_reg[24]_i_107                                        | CARRY.others.CARRY4  |
    | trunc_ln609_4_reg_1017[24]_i_110                                            | LUT.others.LUT2      |
    | trunc_ln609_4_reg_1017_reg[24]_i_50                                         | CARRY.others.CARRY4  |
    | trunc_ln609_4_reg_1017_reg[24]_i_90                                         | CARRY.others.CARRY4  |
    | trunc_ln609_4_reg_1017[24]_i_103                                            | LUT.others.LUT1      |
    | trunc_ln609_4_reg_1017_reg[24]_i_49                                         | CARRY.others.CARRY4  |
    | trunc_ln609_4_reg_1017_reg[24]_i_89                                         | CARRY.others.CARRY4  |
    | trunc_ln609_4_reg_1017[24]_i_192                                            | LUT.others.LUT4      |
    | trunc_ln609_4_reg_1017_reg[24]_i_118                                        | CARRY.others.CARRY4  |
    | trunc_ln609_4_reg_1017_reg[24]_i_182                                        | CARRY.others.CARRY4  |
    | trunc_ln609_4_reg_1017_reg[24]_i_184                                        | CARRY.others.CARRY4  |
    | trunc_ln609_4_reg_1017_reg[24]_i_117                                        | CARRY.others.CARRY4  |
    | grp_plus_minus_25_2_8_0_25_2_8_0_s_fu_49/trunc_ln609_4_reg_1017[2]_i_48     | LUT.others.LUT4      |
    | grp_plus_minus_25_2_8_0_25_2_8_0_s_fu_49/trunc_ln609_4_reg_1017[24]_i_116   | LUT.others.LUT5      |
    | grp_plus_minus_25_2_8_0_25_2_8_0_s_fu_49/trunc_ln609_4_reg_1017[24]_i_60    | LUT.others.LUT6      |
    | grp_plus_minus_25_2_8_0_25_2_8_0_s_fu_49/trunc_ln609_4_reg_1017[6]_i_30     | LUT.others.LUT6      |
    | grp_plus_minus_25_2_8_0_25_2_8_0_s_fu_49/trunc_ln609_4_reg_1017[6]_i_15     | LUT.others.LUT5      |
    | grp_plus_minus_25_2_8_0_25_2_8_0_s_fu_49/trunc_ln609_4_reg_1017[6]_i_4      | LUT.others.LUT5      |
    | grp_plus_minus_25_2_8_0_25_2_8_0_s_fu_49/trunc_ln609_4_reg_1017_reg[6]_i_1  | CARRY.others.CARRY4  |
    | grp_plus_minus_25_2_8_0_25_2_8_0_s_fu_49/trunc_ln609_4_reg_1017_reg[10]_i_1 | CARRY.others.CARRY4  |
    | grp_plus_minus_25_2_8_0_25_2_8_0_s_fu_49/trunc_ln609_4_reg_1017_reg[14]_i_1 | CARRY.others.CARRY4  |
    | grp_plus_minus_25_2_8_0_25_2_8_0_s_fu_49/trunc_ln609_4_reg_1017_reg[18]_i_1 | CARRY.others.CARRY4  |
    | grp_plus_minus_25_2_8_0_25_2_8_0_s_fu_49/trunc_ln609_4_reg_1017_reg[22]_i_1 | CARRY.others.CARRY4  |
    | grp_plus_minus_25_2_8_0_25_2_8_0_s_fu_49/trunc_ln609_4_reg_1017_reg[20]     | FLOP_LATCH.flop.FDRE |
    +-----------------------------------------------------------------------------+----------------------+

    +-----------------------------------------------------------------------------+----------------------+
    | Path4 Cells                                                                 | Primitive Type       |
    +-----------------------------------------------------------------------------+----------------------+
    | trunc_ln691_reg_72_reg[66]                                                  | FLOP_LATCH.flop.FDRE |
    | grp_plus_minus_25_2_8_0_25_2_8_0_s_fu_49/phi_ln609_reg_98[8]_i_64           | LUT.others.LUT6      |
    | grp_plus_minus_25_2_8_0_25_2_8_0_s_fu_49/phi_ln609_reg_98[8]_i_42           | LUT.others.LUT2      |
    | grp_plus_minus_25_2_8_0_25_2_8_0_s_fu_49/phi_ln609_reg_98_reg[8]_i_9        | CARRY.others.CARRY4  |
    | trunc_ln609_4_reg_1017_reg[24]_i_107                                        | CARRY.others.CARRY4  |
    | trunc_ln609_4_reg_1017[24]_i_110                                            | LUT.others.LUT2      |
    | trunc_ln609_4_reg_1017_reg[24]_i_50                                         | CARRY.others.CARRY4  |
    | trunc_ln609_4_reg_1017_reg[24]_i_90                                         | CARRY.others.CARRY4  |
    | trunc_ln609_4_reg_1017[24]_i_103                                            | LUT.others.LUT1      |
    | trunc_ln609_4_reg_1017_reg[24]_i_49                                         | CARRY.others.CARRY4  |
    | trunc_ln609_4_reg_1017_reg[24]_i_89                                         | CARRY.others.CARRY4  |
    | trunc_ln609_4_reg_1017[24]_i_192                                            | LUT.others.LUT4      |
    | trunc_ln609_4_reg_1017_reg[24]_i_118                                        | CARRY.others.CARRY4  |
    | trunc_ln609_4_reg_1017_reg[24]_i_182                                        | CARRY.others.CARRY4  |
    | trunc_ln609_4_reg_1017_reg[24]_i_184                                        | CARRY.others.CARRY4  |
    | trunc_ln609_4_reg_1017_reg[24]_i_117                                        | CARRY.others.CARRY4  |
    | grp_plus_minus_25_2_8_0_25_2_8_0_s_fu_49/trunc_ln609_4_reg_1017[2]_i_48     | LUT.others.LUT4      |
    | grp_plus_minus_25_2_8_0_25_2_8_0_s_fu_49/trunc_ln609_4_reg_1017[24]_i_116   | LUT.others.LUT5      |
    | grp_plus_minus_25_2_8_0_25_2_8_0_s_fu_49/trunc_ln609_4_reg_1017[24]_i_60    | LUT.others.LUT6      |
    | grp_plus_minus_25_2_8_0_25_2_8_0_s_fu_49/trunc_ln609_4_reg_1017[6]_i_30     | LUT.others.LUT6      |
    | grp_plus_minus_25_2_8_0_25_2_8_0_s_fu_49/trunc_ln609_4_reg_1017[6]_i_15     | LUT.others.LUT5      |
    | grp_plus_minus_25_2_8_0_25_2_8_0_s_fu_49/trunc_ln609_4_reg_1017[6]_i_4      | LUT.others.LUT5      |
    | grp_plus_minus_25_2_8_0_25_2_8_0_s_fu_49/trunc_ln609_4_reg_1017_reg[6]_i_1  | CARRY.others.CARRY4  |
    | grp_plus_minus_25_2_8_0_25_2_8_0_s_fu_49/trunc_ln609_4_reg_1017_reg[10]_i_1 | CARRY.others.CARRY4  |
    | grp_plus_minus_25_2_8_0_25_2_8_0_s_fu_49/trunc_ln609_4_reg_1017_reg[14]_i_1 | CARRY.others.CARRY4  |
    | grp_plus_minus_25_2_8_0_25_2_8_0_s_fu_49/trunc_ln609_4_reg_1017_reg[18]_i_1 | CARRY.others.CARRY4  |
    | grp_plus_minus_25_2_8_0_25_2_8_0_s_fu_49/trunc_ln609_4_reg_1017_reg[22]_i_1 | CARRY.others.CARRY4  |
    | grp_plus_minus_25_2_8_0_25_2_8_0_s_fu_49/trunc_ln609_4_reg_1017_reg[22]     | FLOP_LATCH.flop.FDRE |
    +-----------------------------------------------------------------------------+----------------------+

    +-----------------------------------------------------------------------------+----------------------+
    | Path5 Cells                                                                 | Primitive Type       |
    +-----------------------------------------------------------------------------+----------------------+
    | trunc_ln691_reg_72_reg[66]                                                  | FLOP_LATCH.flop.FDRE |
    | grp_plus_minus_25_2_8_0_25_2_8_0_s_fu_49/phi_ln609_reg_98[8]_i_64           | LUT.others.LUT6      |
    | grp_plus_minus_25_2_8_0_25_2_8_0_s_fu_49/phi_ln609_reg_98[8]_i_42           | LUT.others.LUT2      |
    | grp_plus_minus_25_2_8_0_25_2_8_0_s_fu_49/phi_ln609_reg_98_reg[8]_i_9        | CARRY.others.CARRY4  |
    | trunc_ln609_4_reg_1017_reg[24]_i_107                                        | CARRY.others.CARRY4  |
    | trunc_ln609_4_reg_1017[24]_i_110                                            | LUT.others.LUT2      |
    | trunc_ln609_4_reg_1017_reg[24]_i_50                                         | CARRY.others.CARRY4  |
    | trunc_ln609_4_reg_1017_reg[24]_i_90                                         | CARRY.others.CARRY4  |
    | trunc_ln609_4_reg_1017[24]_i_103                                            | LUT.others.LUT1      |
    | trunc_ln609_4_reg_1017_reg[24]_i_49                                         | CARRY.others.CARRY4  |
    | trunc_ln609_4_reg_1017_reg[24]_i_89                                         | CARRY.others.CARRY4  |
    | trunc_ln609_4_reg_1017[24]_i_192                                            | LUT.others.LUT4      |
    | trunc_ln609_4_reg_1017_reg[24]_i_118                                        | CARRY.others.CARRY4  |
    | trunc_ln609_4_reg_1017_reg[24]_i_182                                        | CARRY.others.CARRY4  |
    | trunc_ln609_4_reg_1017_reg[24]_i_184                                        | CARRY.others.CARRY4  |
    | trunc_ln609_4_reg_1017_reg[24]_i_117                                        | CARRY.others.CARRY4  |
    | grp_plus_minus_25_2_8_0_25_2_8_0_s_fu_49/trunc_ln609_4_reg_1017[2]_i_48     | LUT.others.LUT4      |
    | grp_plus_minus_25_2_8_0_25_2_8_0_s_fu_49/trunc_ln609_4_reg_1017[24]_i_116   | LUT.others.LUT5      |
    | grp_plus_minus_25_2_8_0_25_2_8_0_s_fu_49/trunc_ln609_4_reg_1017[24]_i_60    | LUT.others.LUT6      |
    | grp_plus_minus_25_2_8_0_25_2_8_0_s_fu_49/trunc_ln609_4_reg_1017[6]_i_30     | LUT.others.LUT6      |
    | grp_plus_minus_25_2_8_0_25_2_8_0_s_fu_49/trunc_ln609_4_reg_1017[6]_i_15     | LUT.others.LUT5      |
    | grp_plus_minus_25_2_8_0_25_2_8_0_s_fu_49/trunc_ln609_4_reg_1017[6]_i_4      | LUT.others.LUT5      |
    | grp_plus_minus_25_2_8_0_25_2_8_0_s_fu_49/trunc_ln609_4_reg_1017_reg[6]_i_1  | CARRY.others.CARRY4  |
    | grp_plus_minus_25_2_8_0_25_2_8_0_s_fu_49/trunc_ln609_4_reg_1017_reg[10]_i_1 | CARRY.others.CARRY4  |
    | grp_plus_minus_25_2_8_0_25_2_8_0_s_fu_49/trunc_ln609_4_reg_1017_reg[14]_i_1 | CARRY.others.CARRY4  |
    | grp_plus_minus_25_2_8_0_25_2_8_0_s_fu_49/trunc_ln609_4_reg_1017_reg[18]_i_1 | CARRY.others.CARRY4  |
    | grp_plus_minus_25_2_8_0_25_2_8_0_s_fu_49/trunc_ln609_4_reg_1017_reg[22]_i_1 | CARRY.others.CARRY4  |
    | grp_plus_minus_25_2_8_0_25_2_8_0_s_fu_49/trunc_ln609_4_reg_1017_reg[21]     | FLOP_LATCH.flop.FDRE |
    +-----------------------------------------------------------------------------+----------------------+


================================================================
== Place & Route Vivado Reports
================================================================
+--------------------------+-----------------------------------------------------------------+
| Report Type              | Report Location                                                 |
+--------------------------+-----------------------------------------------------------------+
| design_analysis          | impl/verilog/report/add_top_design_analysis_routed.rpt          |
| failfast                 | impl/verilog/report/add_top_failfast_routed.rpt                 |
| status                   | impl/verilog/report/add_top_status_routed.rpt                   |
| timing                   | impl/verilog/report/add_top_timing_routed.rpt                   |
| timing_paths             | impl/verilog/report/add_top_timing_paths_routed.rpt             |
| utilization              | impl/verilog/report/add_top_utilization_routed.rpt              |
| utilization_hierarchical | impl/verilog/report/add_top_utilization_hierarchical_routed.rpt |
+--------------------------+-----------------------------------------------------------------+


