

Implementation tool: Xilinx Vivado v.2021.2
Project:             float_to_fixed_xilinx
Solution:            float_to_fixed_xilinx_solution
Device target:       xc7z020-clg400-1
Report date:         Fri Mar 31 13:40:35 CEST 2023

#=== Post-Implementation Resource usage ===
SLICE:          250
LUT:            923
FF:             307
DSP:              0
BRAM:             2
URAM:             0
LATCH:            0
SRL:              0
CLB:              0

#=== Final timing ===
CP required:                     50.000
CP achieved post-synthesis:      7.508
CP achieved post-implementation: 10.492
Timing met
