Copyright 1986-2022 Xilinx, Inc. All Rights Reserved.
------------------------------------------------------------------------------------------------
| Tool Version : Vivado v.2022.2 (lin64) Build 3671981 Fri Oct 14 04:59:54 MDT 2022
| Date         : Tue Mar 28 15:18:02 2023
| Host         : yavin running 64-bit Ubuntu 20.04.5 LTS
| Command      : report_design_analysis -file ./report/mul_fixed_top_design_analysis_routed.rpt
| Design       : bd_0_wrapper
| Device       : xc7z020
| Design State : Routed
------------------------------------------------------------------------------------------------

Report Design Analysis

Table of Contents
-----------------
1. Setup Path Characteristics 1-1
2. Logic Level Distribution
3. Placer Final Level Congestion Reporting
4. Initial Estimated Router Congestion Reporting
5. SLR Net Crossing Reporting

1. Setup Path Characteristics 1-1
---------------------------------

+---------------------------+----------------------------------------------------------------------------------------------------------------------------------------------------------------------------------------------------------------------------------------------------------------------------------------------------------------------------------------------------------------------------------------+
|      Characteristics      |                                                                                                                                                                                         Path #1                                                                                                                                                                                        |
+---------------------------+----------------------------------------------------------------------------------------------------------------------------------------------------------------------------------------------------------------------------------------------------------------------------------------------------------------------------------------------------------------------------------------+
| Requirement               | 50.000                                                                                                                                                                                                                                                                                                                                                                                 |
| Path Delay                | 36.388                                                                                                                                                                                                                                                                                                                                                                                 |
| Logic Delay               | 12.905(36%)                                                                                                                                                                                                                                                                                                                                                                            |
| Net Delay                 | 23.483(64%)                                                                                                                                                                                                                                                                                                                                                                            |
| Clock Skew                | -0.049                                                                                                                                                                                                                                                                                                                                                                                 |
| Slack                     | 13.637                                                                                                                                                                                                                                                                                                                                                                                 |
| Clock Uncertainty         | 0.035                                                                                                                                                                                                                                                                                                                                                                                  |
| Clock Relationship        | Safely Timed                                                                                                                                                                                                                                                                                                                                                                           |
| Clock Delay Group         | Same Clock                                                                                                                                                                                                                                                                                                                                                                             |
| Logic Levels              | 43                                                                                                                                                                                                                                                                                                                                                                                     |
| Routes                    | 34                                                                                                                                                                                                                                                                                                                                                                                     |
| Logical Path              | FDRE/C-(131)-LUT6-(1)-CARRY4-(2)-LUT2-(2)-LUT3-(1)-CARRY4-LUT2-(2)-LUT3-(1)-CARRY4-CARRY4-(1)-LUT2-(1)-CARRY4-CARRY4-LUT3-(2)-LUT4-(1)-CARRY4-LUT3-(2)-LUT4-(1)-CARRY4-CARRY4-LUT3-(2)-LUT4-(1)-CARRY4-LUT3-(3)-LUT5-(2)-CARRY4-(1)-CARRY4-CARRY4-LUT3-(2)-LUT5-(2)-LUT6-(1)-CARRY4-CARRY4-CARRY4-CARRY4-LUT3-(2)-LUT4-(1)-CARRY4-CARRY4-LUT3-(2)-LUT4-(1)-CARRY4-CARRY4-CARRY4-FDRE/D |
| Start Point Clock         | ap_clk                                                                                                                                                                                                                                                                                                                                                                                 |
| End Point Clock           | ap_clk                                                                                                                                                                                                                                                                                                                                                                                 |
| DSP Block                 | None                                                                                                                                                                                                                                                                                                                                                                                   |
| RAM Registers             | None-None                                                                                                                                                                                                                                                                                                                                                                              |
| IO Crossings              | 0                                                                                                                                                                                                                                                                                                                                                                                      |
| Config Crossings          | 0                                                                                                                                                                                                                                                                                                                                                                                      |
| SLR Crossings             | 0                                                                                                                                                                                                                                                                                                                                                                                      |
| PBlocks                   | 0                                                                                                                                                                                                                                                                                                                                                                                      |
| High Fanout               | 131                                                                                                                                                                                                                                                                                                                                                                                    |
| Dont Touch                | 0                                                                                                                                                                                                                                                                                                                                                                                      |
| Mark Debug                | 0                                                                                                                                                                                                                                                                                                                                                                                      |
| Start Point Pin Primitive | FDRE/C                                                                                                                                                                                                                                                                                                                                                                                 |
| End Point Pin Primitive   | FDRE/D                                                                                                                                                                                                                                                                                                                                                                                 |
| Start Point Pin           | tmp_11_reg_6075_reg[22]/C                                                                                                                                                                                                                                                                                                                                                              |
| End Point Pin             | tmp_16_reg_6297_reg[1]/D                                                                                                                                                                                                                                                                                                                                                               |
+---------------------------+----------------------------------------------------------------------------------------------------------------------------------------------------------------------------------------------------------------------------------------------------------------------------------------------------------------------------------------------------------------------------------------+
* Bounding box calculated as % of dimensions for the target device (308, 299)


2. Logic Level Distribution
---------------------------

+-----------------+-------------+-----+----+----+---+----+----+----+----+----+----+----+----+----+----+----+----+----+----+----+----+----+----+----+----+----+----+----+----+----+----+----+----+----+----+----+----+----+----+----+----+
| End Point Clock | Requirement |  0  |  2 |  3 | 4 | 14 | 15 | 16 | 17 | 18 | 19 | 20 | 21 | 22 | 23 | 24 | 25 | 26 | 27 | 28 | 29 | 30 | 31 | 32 | 33 | 34 | 35 | 36 | 37 | 38 | 39 | 40 | 41 | 42 | 43 | 44 | 45 | 46 | 47 | 48 | 50 |
+-----------------+-------------+-----+----+----+---+----+----+----+----+----+----+----+----+----+----+----+----+----+----+----+----+----+----+----+----+----+----+----+----+----+----+----+----+----+----+----+----+----+----+----+----+
| ap_clk          | 50.000ns    | 107 | 16 | 36 | 1 | 10 | 33 | 43 | 48 | 62 | 68 | 71 | 46 | 30 | 17 | 14 | 19 | 17 | 26 | 23 | 20 | 19 | 29 | 42 | 35 | 36 | 24 | 23 | 13 | 15 |  4 |  4 |  8 |  8 | 11 |  4 |  4 |  4 |  4 |  4 |  2 |
+-----------------+-------------+-----+----+----+---+----+----+----+----+----+----+----+----+----+----+----+----+----+----+----+----+----+----+----+----+----+----+----+----+----+----+----+----+----+----+----+----+----+----+----+----+
* Columns represent the logic levels per end point clock
** Distribution is for top worst 1000 paths


3. Placer Final Level Congestion Reporting
------------------------------------------

+-----------+------+-------+------------+--------+---------------+---------------+-----+--------+------+------+------+-----+-------+-----+------------+
| Direction | Type | Level | Congestion | Window | Combined LUTs | Avg LUT Input | LUT | LUTRAM | Flop | MUXF | RAMB | DSP | CARRY | SRL | Cell Names |
+-----------+------+-------+------------+--------+---------------+---------------+-----+--------+------+------+------+-----+-------+-----+------------+
* No congestion windows are found above level 5


4. Initial Estimated Router Congestion Reporting
------------------------------------------------

+-----------+------+-------+------------------+--------+---------------+---------------+-----+--------+------+------+------+-----+-------+-----+------------+
| Direction | Type | Level | Percentage Tiles | Window | Combined LUTs | Avg LUT Input | LUT | LUTRAM | Flop | MUXF | RAMB | DSP | CARRY | SRL | Cell Names |
+-----------+------+-------+------------------+--------+---------------+---------------+-----+--------+------+------+------+-----+-------+-----+------------+
* No initial estimated congestion windows are found above level 5


5. SLR Net Crossing Reporting
-----------------------------

+------------+-----------------------------+
| Cell Names | Number of Nets crossing SLR |
+------------+-----------------------------+
* The current part is not an SSI device


