Copyright 1986-2022 Xilinx, Inc. All Rights Reserved.
--------------------------------------------------------------------------------------------------------------------------------------------------------------------------
| Tool Version : Vivado v.2022.2 (lin64) Build 3671981 Fri Oct 14 04:59:54 MDT 2022
| Date         : Tue Mar 28 15:13:31 2023
| Host         : yavin running 64-bit Ubuntu 20.04.5 LTS
| Command      : report_methodology -file bd_0_wrapper_methodology_drc_routed.rpt -pb bd_0_wrapper_methodology_drc_routed.pb -rpx bd_0_wrapper_methodology_drc_routed.rpx
| Design       : bd_0_wrapper
| Device       : xc7z020clg400-1
| Speed File   : -1
| Design State : Fully Routed
--------------------------------------------------------------------------------------------------------------------------------------------------------------------------

Report Methodology

Table of Contents
-----------------
1. REPORT SUMMARY
2. REPORT DETAILS

1. REPORT SUMMARY
-----------------
            Netlist: netlist
          Floorplan: checkpoint_bd_0_wrapper
      Design limits: <entire design considered>
             Max violations: <unlimited>
             Violations found: 390
+-----------+----------+-------------------------------+------------+
| Rule      | Severity | Description                   | Violations |
+-----------+----------+-------------------------------+------------+
| TIMING-18 | Warning  | Missing input or output delay | 390        |
+-----------+----------+-------------------------------+------------+

2. REPORT DETAILS
-----------------
TIMING-18#1 Warning
Missing input or output delay  
An input delay is missing on a[0] relative to clock(s) ap_clk
Related violations: <none>

TIMING-18#2 Warning
Missing input or output delay  
An input delay is missing on a[100] relative to clock(s) ap_clk
Related violations: <none>

TIMING-18#3 Warning
Missing input or output delay  
An input delay is missing on a[101] relative to clock(s) ap_clk
Related violations: <none>

TIMING-18#4 Warning
Missing input or output delay  
An input delay is missing on a[102] relative to clock(s) ap_clk
Related violations: <none>

TIMING-18#5 Warning
Missing input or output delay  
An input delay is missing on a[103] relative to clock(s) ap_clk
Related violations: <none>

TIMING-18#6 Warning
Missing input or output delay  
An input delay is missing on a[104] relative to clock(s) ap_clk
Related violations: <none>

TIMING-18#7 Warning
Missing input or output delay  
An input delay is missing on a[105] relative to clock(s) ap_clk
Related violations: <none>

TIMING-18#8 Warning
Missing input or output delay  
An input delay is missing on a[106] relative to clock(s) ap_clk
Related violations: <none>

TIMING-18#9 Warning
Missing input or output delay  
An input delay is missing on a[107] relative to clock(s) ap_clk
Related violations: <none>

TIMING-18#10 Warning
Missing input or output delay  
An input delay is missing on a[108] relative to clock(s) ap_clk
Related violations: <none>

TIMING-18#11 Warning
Missing input or output delay  
An input delay is missing on a[109] relative to clock(s) ap_clk
Related violations: <none>

TIMING-18#12 Warning
Missing input or output delay  
An input delay is missing on a[10] relative to clock(s) ap_clk
Related violations: <none>

TIMING-18#13 Warning
Missing input or output delay  
An input delay is missing on a[110] relative to clock(s) ap_clk
Related violations: <none>

TIMING-18#14 Warning
Missing input or output delay  
An input delay is missing on a[111] relative to clock(s) ap_clk
Related violations: <none>

TIMING-18#15 Warning
Missing input or output delay  
An input delay is missing on a[112] relative to clock(s) ap_clk
Related violations: <none>

TIMING-18#16 Warning
Missing input or output delay  
An input delay is missing on a[113] relative to clock(s) ap_clk
Related violations: <none>

TIMING-18#17 Warning
Missing input or output delay  
An input delay is missing on a[114] relative to clock(s) ap_clk
Related violations: <none>

TIMING-18#18 Warning
Missing input or output delay  
An input delay is missing on a[115] relative to clock(s) ap_clk
Related violations: <none>

TIMING-18#19 Warning
Missing input or output delay  
An input delay is missing on a[116] relative to clock(s) ap_clk
Related violations: <none>

TIMING-18#20 Warning
Missing input or output delay  
An input delay is missing on a[117] relative to clock(s) ap_clk
Related violations: <none>

TIMING-18#21 Warning
Missing input or output delay  
An input delay is missing on a[118] relative to clock(s) ap_clk
Related violations: <none>

TIMING-18#22 Warning
Missing input or output delay  
An input delay is missing on a[119] relative to clock(s) ap_clk
Related violations: <none>

TIMING-18#23 Warning
Missing input or output delay  
An input delay is missing on a[11] relative to clock(s) ap_clk
Related violations: <none>

TIMING-18#24 Warning
Missing input or output delay  
An input delay is missing on a[120] relative to clock(s) ap_clk
Related violations: <none>

TIMING-18#25 Warning
Missing input or output delay  
An input delay is missing on a[121] relative to clock(s) ap_clk
Related violations: <none>

TIMING-18#26 Warning
Missing input or output delay  
An input delay is missing on a[122] relative to clock(s) ap_clk
Related violations: <none>

TIMING-18#27 Warning
Missing input or output delay  
An input delay is missing on a[123] relative to clock(s) ap_clk
Related violations: <none>

TIMING-18#28 Warning
Missing input or output delay  
An input delay is missing on a[124] relative to clock(s) ap_clk
Related violations: <none>

TIMING-18#29 Warning
Missing input or output delay  
An input delay is missing on a[125] relative to clock(s) ap_clk
Related violations: <none>

TIMING-18#30 Warning
Missing input or output delay  
An input delay is missing on a[126] relative to clock(s) ap_clk
Related violations: <none>

TIMING-18#31 Warning
Missing input or output delay  
An input delay is missing on a[127] relative to clock(s) ap_clk
Related violations: <none>

TIMING-18#32 Warning
Missing input or output delay  
An input delay is missing on a[12] relative to clock(s) ap_clk
Related violations: <none>

TIMING-18#33 Warning
Missing input or output delay  
An input delay is missing on a[13] relative to clock(s) ap_clk
Related violations: <none>

TIMING-18#34 Warning
Missing input or output delay  
An input delay is missing on a[14] relative to clock(s) ap_clk
Related violations: <none>

TIMING-18#35 Warning
Missing input or output delay  
An input delay is missing on a[15] relative to clock(s) ap_clk
Related violations: <none>

TIMING-18#36 Warning
Missing input or output delay  
An input delay is missing on a[16] relative to clock(s) ap_clk
Related violations: <none>

TIMING-18#37 Warning
Missing input or output delay  
An input delay is missing on a[17] relative to clock(s) ap_clk
Related violations: <none>

TIMING-18#38 Warning
Missing input or output delay  
An input delay is missing on a[18] relative to clock(s) ap_clk
Related violations: <none>

TIMING-18#39 Warning
Missing input or output delay  
An input delay is missing on a[19] relative to clock(s) ap_clk
Related violations: <none>

TIMING-18#40 Warning
Missing input or output delay  
An input delay is missing on a[1] relative to clock(s) ap_clk
Related violations: <none>

TIMING-18#41 Warning
Missing input or output delay  
An input delay is missing on a[20] relative to clock(s) ap_clk
Related violations: <none>

TIMING-18#42 Warning
Missing input or output delay  
An input delay is missing on a[21] relative to clock(s) ap_clk
Related violations: <none>

TIMING-18#43 Warning
Missing input or output delay  
An input delay is missing on a[22] relative to clock(s) ap_clk
Related violations: <none>

TIMING-18#44 Warning
Missing input or output delay  
An input delay is missing on a[23] relative to clock(s) ap_clk
Related violations: <none>

TIMING-18#45 Warning
Missing input or output delay  
An input delay is missing on a[24] relative to clock(s) ap_clk
Related violations: <none>

TIMING-18#46 Warning
Missing input or output delay  
An input delay is missing on a[25] relative to clock(s) ap_clk
Related violations: <none>

TIMING-18#47 Warning
Missing input or output delay  
An input delay is missing on a[26] relative to clock(s) ap_clk
Related violations: <none>

TIMING-18#48 Warning
Missing input or output delay  
An input delay is missing on a[27] relative to clock(s) ap_clk
Related violations: <none>

TIMING-18#49 Warning
Missing input or output delay  
An input delay is missing on a[28] relative to clock(s) ap_clk
Related violations: <none>

TIMING-18#50 Warning
Missing input or output delay  
An input delay is missing on a[29] relative to clock(s) ap_clk
Related violations: <none>

TIMING-18#51 Warning
Missing input or output delay  
An input delay is missing on a[2] relative to clock(s) ap_clk
Related violations: <none>

TIMING-18#52 Warning
Missing input or output delay  
An input delay is missing on a[30] relative to clock(s) ap_clk
Related violations: <none>

TIMING-18#53 Warning
Missing input or output delay  
An input delay is missing on a[31] relative to clock(s) ap_clk
Related violations: <none>

TIMING-18#54 Warning
Missing input or output delay  
An input delay is missing on a[32] relative to clock(s) ap_clk
Related violations: <none>

TIMING-18#55 Warning
Missing input or output delay  
An input delay is missing on a[33] relative to clock(s) ap_clk
Related violations: <none>

TIMING-18#56 Warning
Missing input or output delay  
An input delay is missing on a[34] relative to clock(s) ap_clk
Related violations: <none>

TIMING-18#57 Warning
Missing input or output delay  
An input delay is missing on a[35] relative to clock(s) ap_clk
Related violations: <none>

TIMING-18#58 Warning
Missing input or output delay  
An input delay is missing on a[36] relative to clock(s) ap_clk
Related violations: <none>

TIMING-18#59 Warning
Missing input or output delay  
An input delay is missing on a[37] relative to clock(s) ap_clk
Related violations: <none>

TIMING-18#60 Warning
Missing input or output delay  
An input delay is missing on a[38] relative to clock(s) ap_clk
Related violations: <none>

TIMING-18#61 Warning
Missing input or output delay  
An input delay is missing on a[39] relative to clock(s) ap_clk
Related violations: <none>

TIMING-18#62 Warning
Missing input or output delay  
An input delay is missing on a[3] relative to clock(s) ap_clk
Related violations: <none>

TIMING-18#63 Warning
Missing input or output delay  
An input delay is missing on a[40] relative to clock(s) ap_clk
Related violations: <none>

TIMING-18#64 Warning
Missing input or output delay  
An input delay is missing on a[41] relative to clock(s) ap_clk
Related violations: <none>

TIMING-18#65 Warning
Missing input or output delay  
An input delay is missing on a[42] relative to clock(s) ap_clk
Related violations: <none>

TIMING-18#66 Warning
Missing input or output delay  
An input delay is missing on a[43] relative to clock(s) ap_clk
Related violations: <none>

TIMING-18#67 Warning
Missing input or output delay  
An input delay is missing on a[44] relative to clock(s) ap_clk
Related violations: <none>

TIMING-18#68 Warning
Missing input or output delay  
An input delay is missing on a[45] relative to clock(s) ap_clk
Related violations: <none>

TIMING-18#69 Warning
Missing input or output delay  
An input delay is missing on a[46] relative to clock(s) ap_clk
Related violations: <none>

TIMING-18#70 Warning
Missing input or output delay  
An input delay is missing on a[47] relative to clock(s) ap_clk
Related violations: <none>

TIMING-18#71 Warning
Missing input or output delay  
An input delay is missing on a[48] relative to clock(s) ap_clk
Related violations: <none>

TIMING-18#72 Warning
Missing input or output delay  
An input delay is missing on a[49] relative to clock(s) ap_clk
Related violations: <none>

TIMING-18#73 Warning
Missing input or output delay  
An input delay is missing on a[4] relative to clock(s) ap_clk
Related violations: <none>

TIMING-18#74 Warning
Missing input or output delay  
An input delay is missing on a[50] relative to clock(s) ap_clk
Related violations: <none>

TIMING-18#75 Warning
Missing input or output delay  
An input delay is missing on a[51] relative to clock(s) ap_clk
Related violations: <none>

TIMING-18#76 Warning
Missing input or output delay  
An input delay is missing on a[52] relative to clock(s) ap_clk
Related violations: <none>

TIMING-18#77 Warning
Missing input or output delay  
An input delay is missing on a[53] relative to clock(s) ap_clk
Related violations: <none>

TIMING-18#78 Warning
Missing input or output delay  
An input delay is missing on a[54] relative to clock(s) ap_clk
Related violations: <none>

TIMING-18#79 Warning
Missing input or output delay  
An input delay is missing on a[55] relative to clock(s) ap_clk
Related violations: <none>

TIMING-18#80 Warning
Missing input or output delay  
An input delay is missing on a[56] relative to clock(s) ap_clk
Related violations: <none>

TIMING-18#81 Warning
Missing input or output delay  
An input delay is missing on a[57] relative to clock(s) ap_clk
Related violations: <none>

TIMING-18#82 Warning
Missing input or output delay  
An input delay is missing on a[58] relative to clock(s) ap_clk
Related violations: <none>

TIMING-18#83 Warning
Missing input or output delay  
An input delay is missing on a[59] relative to clock(s) ap_clk
Related violations: <none>

TIMING-18#84 Warning
Missing input or output delay  
An input delay is missing on a[5] relative to clock(s) ap_clk
Related violations: <none>

TIMING-18#85 Warning
Missing input or output delay  
An input delay is missing on a[60] relative to clock(s) ap_clk
Related violations: <none>

TIMING-18#86 Warning
Missing input or output delay  
An input delay is missing on a[61] relative to clock(s) ap_clk
Related violations: <none>

TIMING-18#87 Warning
Missing input or output delay  
An input delay is missing on a[62] relative to clock(s) ap_clk
Related violations: <none>

TIMING-18#88 Warning
Missing input or output delay  
An input delay is missing on a[63] relative to clock(s) ap_clk
Related violations: <none>

TIMING-18#89 Warning
Missing input or output delay  
An input delay is missing on a[64] relative to clock(s) ap_clk
Related violations: <none>

TIMING-18#90 Warning
Missing input or output delay  
An input delay is missing on a[65] relative to clock(s) ap_clk
Related violations: <none>

TIMING-18#91 Warning
Missing input or output delay  
An input delay is missing on a[66] relative to clock(s) ap_clk
Related violations: <none>

TIMING-18#92 Warning
Missing input or output delay  
An input delay is missing on a[67] relative to clock(s) ap_clk
Related violations: <none>

TIMING-18#93 Warning
Missing input or output delay  
An input delay is missing on a[68] relative to clock(s) ap_clk
Related violations: <none>

TIMING-18#94 Warning
Missing input or output delay  
An input delay is missing on a[69] relative to clock(s) ap_clk
Related violations: <none>

TIMING-18#95 Warning
Missing input or output delay  
An input delay is missing on a[6] relative to clock(s) ap_clk
Related violations: <none>

TIMING-18#96 Warning
Missing input or output delay  
An input delay is missing on a[70] relative to clock(s) ap_clk
Related violations: <none>

TIMING-18#97 Warning
Missing input or output delay  
An input delay is missing on a[71] relative to clock(s) ap_clk
Related violations: <none>

TIMING-18#98 Warning
Missing input or output delay  
An input delay is missing on a[72] relative to clock(s) ap_clk
Related violations: <none>

TIMING-18#99 Warning
Missing input or output delay  
An input delay is missing on a[73] relative to clock(s) ap_clk
Related violations: <none>

TIMING-18#100 Warning
Missing input or output delay  
An input delay is missing on a[74] relative to clock(s) ap_clk
Related violations: <none>

TIMING-18#101 Warning
Missing input or output delay  
An input delay is missing on a[75] relative to clock(s) ap_clk
Related violations: <none>

TIMING-18#102 Warning
Missing input or output delay  
An input delay is missing on a[76] relative to clock(s) ap_clk
Related violations: <none>

TIMING-18#103 Warning
Missing input or output delay  
An input delay is missing on a[77] relative to clock(s) ap_clk
Related violations: <none>

TIMING-18#104 Warning
Missing input or output delay  
An input delay is missing on a[78] relative to clock(s) ap_clk
Related violations: <none>

TIMING-18#105 Warning
Missing input or output delay  
An input delay is missing on a[79] relative to clock(s) ap_clk
Related violations: <none>

TIMING-18#106 Warning
Missing input or output delay  
An input delay is missing on a[7] relative to clock(s) ap_clk
Related violations: <none>

TIMING-18#107 Warning
Missing input or output delay  
An input delay is missing on a[80] relative to clock(s) ap_clk
Related violations: <none>

TIMING-18#108 Warning
Missing input or output delay  
An input delay is missing on a[81] relative to clock(s) ap_clk
Related violations: <none>

TIMING-18#109 Warning
Missing input or output delay  
An input delay is missing on a[82] relative to clock(s) ap_clk
Related violations: <none>

TIMING-18#110 Warning
Missing input or output delay  
An input delay is missing on a[83] relative to clock(s) ap_clk
Related violations: <none>

TIMING-18#111 Warning
Missing input or output delay  
An input delay is missing on a[84] relative to clock(s) ap_clk
Related violations: <none>

TIMING-18#112 Warning
Missing input or output delay  
An input delay is missing on a[85] relative to clock(s) ap_clk
Related violations: <none>

TIMING-18#113 Warning
Missing input or output delay  
An input delay is missing on a[86] relative to clock(s) ap_clk
Related violations: <none>

TIMING-18#114 Warning
Missing input or output delay  
An input delay is missing on a[87] relative to clock(s) ap_clk
Related violations: <none>

TIMING-18#115 Warning
Missing input or output delay  
An input delay is missing on a[88] relative to clock(s) ap_clk
Related violations: <none>

TIMING-18#116 Warning
Missing input or output delay  
An input delay is missing on a[89] relative to clock(s) ap_clk
Related violations: <none>

TIMING-18#117 Warning
Missing input or output delay  
An input delay is missing on a[8] relative to clock(s) ap_clk
Related violations: <none>

TIMING-18#118 Warning
Missing input or output delay  
An input delay is missing on a[90] relative to clock(s) ap_clk
Related violations: <none>

TIMING-18#119 Warning
Missing input or output delay  
An input delay is missing on a[91] relative to clock(s) ap_clk
Related violations: <none>

TIMING-18#120 Warning
Missing input or output delay  
An input delay is missing on a[92] relative to clock(s) ap_clk
Related violations: <none>

TIMING-18#121 Warning
Missing input or output delay  
An input delay is missing on a[93] relative to clock(s) ap_clk
Related violations: <none>

TIMING-18#122 Warning
Missing input or output delay  
An input delay is missing on a[94] relative to clock(s) ap_clk
Related violations: <none>

TIMING-18#123 Warning
Missing input or output delay  
An input delay is missing on a[95] relative to clock(s) ap_clk
Related violations: <none>

TIMING-18#124 Warning
Missing input or output delay  
An input delay is missing on a[96] relative to clock(s) ap_clk
Related violations: <none>

TIMING-18#125 Warning
Missing input or output delay  
An input delay is missing on a[97] relative to clock(s) ap_clk
Related violations: <none>

TIMING-18#126 Warning
Missing input or output delay  
An input delay is missing on a[98] relative to clock(s) ap_clk
Related violations: <none>

TIMING-18#127 Warning
Missing input or output delay  
An input delay is missing on a[99] relative to clock(s) ap_clk
Related violations: <none>

TIMING-18#128 Warning
Missing input or output delay  
An input delay is missing on a[9] relative to clock(s) ap_clk
Related violations: <none>

TIMING-18#129 Warning
Missing input or output delay  
An input delay is missing on ap_ctrl_start relative to clock(s) ap_clk
Related violations: <none>

TIMING-18#130 Warning
Missing input or output delay  
An input delay is missing on ap_rst relative to clock(s) ap_clk
Related violations: <none>

TIMING-18#131 Warning
Missing input or output delay  
An input delay is missing on b[0] relative to clock(s) ap_clk
Related violations: <none>

TIMING-18#132 Warning
Missing input or output delay  
An input delay is missing on b[100] relative to clock(s) ap_clk
Related violations: <none>

TIMING-18#133 Warning
Missing input or output delay  
An input delay is missing on b[101] relative to clock(s) ap_clk
Related violations: <none>

TIMING-18#134 Warning
Missing input or output delay  
An input delay is missing on b[102] relative to clock(s) ap_clk
Related violations: <none>

TIMING-18#135 Warning
Missing input or output delay  
An input delay is missing on b[103] relative to clock(s) ap_clk
Related violations: <none>

TIMING-18#136 Warning
Missing input or output delay  
An input delay is missing on b[104] relative to clock(s) ap_clk
Related violations: <none>

TIMING-18#137 Warning
Missing input or output delay  
An input delay is missing on b[105] relative to clock(s) ap_clk
Related violations: <none>

TIMING-18#138 Warning
Missing input or output delay  
An input delay is missing on b[106] relative to clock(s) ap_clk
Related violations: <none>

TIMING-18#139 Warning
Missing input or output delay  
An input delay is missing on b[107] relative to clock(s) ap_clk
Related violations: <none>

TIMING-18#140 Warning
Missing input or output delay  
An input delay is missing on b[108] relative to clock(s) ap_clk
Related violations: <none>

TIMING-18#141 Warning
Missing input or output delay  
An input delay is missing on b[109] relative to clock(s) ap_clk
Related violations: <none>

TIMING-18#142 Warning
Missing input or output delay  
An input delay is missing on b[10] relative to clock(s) ap_clk
Related violations: <none>

TIMING-18#143 Warning
Missing input or output delay  
An input delay is missing on b[110] relative to clock(s) ap_clk
Related violations: <none>

TIMING-18#144 Warning
Missing input or output delay  
An input delay is missing on b[111] relative to clock(s) ap_clk
Related violations: <none>

TIMING-18#145 Warning
Missing input or output delay  
An input delay is missing on b[112] relative to clock(s) ap_clk
Related violations: <none>

TIMING-18#146 Warning
Missing input or output delay  
An input delay is missing on b[113] relative to clock(s) ap_clk
Related violations: <none>

TIMING-18#147 Warning
Missing input or output delay  
An input delay is missing on b[114] relative to clock(s) ap_clk
Related violations: <none>

TIMING-18#148 Warning
Missing input or output delay  
An input delay is missing on b[115] relative to clock(s) ap_clk
Related violations: <none>

TIMING-18#149 Warning
Missing input or output delay  
An input delay is missing on b[116] relative to clock(s) ap_clk
Related violations: <none>

TIMING-18#150 Warning
Missing input or output delay  
An input delay is missing on b[117] relative to clock(s) ap_clk
Related violations: <none>

TIMING-18#151 Warning
Missing input or output delay  
An input delay is missing on b[118] relative to clock(s) ap_clk
Related violations: <none>

TIMING-18#152 Warning
Missing input or output delay  
An input delay is missing on b[119] relative to clock(s) ap_clk
Related violations: <none>

TIMING-18#153 Warning
Missing input or output delay  
An input delay is missing on b[11] relative to clock(s) ap_clk
Related violations: <none>

TIMING-18#154 Warning
Missing input or output delay  
An input delay is missing on b[120] relative to clock(s) ap_clk
Related violations: <none>

TIMING-18#155 Warning
Missing input or output delay  
An input delay is missing on b[121] relative to clock(s) ap_clk
Related violations: <none>

TIMING-18#156 Warning
Missing input or output delay  
An input delay is missing on b[122] relative to clock(s) ap_clk
Related violations: <none>

TIMING-18#157 Warning
Missing input or output delay  
An input delay is missing on b[123] relative to clock(s) ap_clk
Related violations: <none>

TIMING-18#158 Warning
Missing input or output delay  
An input delay is missing on b[124] relative to clock(s) ap_clk
Related violations: <none>

TIMING-18#159 Warning
Missing input or output delay  
An input delay is missing on b[125] relative to clock(s) ap_clk
Related violations: <none>

TIMING-18#160 Warning
Missing input or output delay  
An input delay is missing on b[126] relative to clock(s) ap_clk
Related violations: <none>

TIMING-18#161 Warning
Missing input or output delay  
An input delay is missing on b[127] relative to clock(s) ap_clk
Related violations: <none>

TIMING-18#162 Warning
Missing input or output delay  
An input delay is missing on b[12] relative to clock(s) ap_clk
Related violations: <none>

TIMING-18#163 Warning
Missing input or output delay  
An input delay is missing on b[13] relative to clock(s) ap_clk
Related violations: <none>

TIMING-18#164 Warning
Missing input or output delay  
An input delay is missing on b[14] relative to clock(s) ap_clk
Related violations: <none>

TIMING-18#165 Warning
Missing input or output delay  
An input delay is missing on b[15] relative to clock(s) ap_clk
Related violations: <none>

TIMING-18#166 Warning
Missing input or output delay  
An input delay is missing on b[16] relative to clock(s) ap_clk
Related violations: <none>

TIMING-18#167 Warning
Missing input or output delay  
An input delay is missing on b[17] relative to clock(s) ap_clk
Related violations: <none>

TIMING-18#168 Warning
Missing input or output delay  
An input delay is missing on b[18] relative to clock(s) ap_clk
Related violations: <none>

TIMING-18#169 Warning
Missing input or output delay  
An input delay is missing on b[19] relative to clock(s) ap_clk
Related violations: <none>

TIMING-18#170 Warning
Missing input or output delay  
An input delay is missing on b[1] relative to clock(s) ap_clk
Related violations: <none>

TIMING-18#171 Warning
Missing input or output delay  
An input delay is missing on b[20] relative to clock(s) ap_clk
Related violations: <none>

TIMING-18#172 Warning
Missing input or output delay  
An input delay is missing on b[21] relative to clock(s) ap_clk
Related violations: <none>

TIMING-18#173 Warning
Missing input or output delay  
An input delay is missing on b[22] relative to clock(s) ap_clk
Related violations: <none>

TIMING-18#174 Warning
Missing input or output delay  
An input delay is missing on b[23] relative to clock(s) ap_clk
Related violations: <none>

TIMING-18#175 Warning
Missing input or output delay  
An input delay is missing on b[24] relative to clock(s) ap_clk
Related violations: <none>

TIMING-18#176 Warning
Missing input or output delay  
An input delay is missing on b[25] relative to clock(s) ap_clk
Related violations: <none>

TIMING-18#177 Warning
Missing input or output delay  
An input delay is missing on b[26] relative to clock(s) ap_clk
Related violations: <none>

TIMING-18#178 Warning
Missing input or output delay  
An input delay is missing on b[27] relative to clock(s) ap_clk
Related violations: <none>

TIMING-18#179 Warning
Missing input or output delay  
An input delay is missing on b[28] relative to clock(s) ap_clk
Related violations: <none>

TIMING-18#180 Warning
Missing input or output delay  
An input delay is missing on b[29] relative to clock(s) ap_clk
Related violations: <none>

TIMING-18#181 Warning
Missing input or output delay  
An input delay is missing on b[2] relative to clock(s) ap_clk
Related violations: <none>

TIMING-18#182 Warning
Missing input or output delay  
An input delay is missing on b[30] relative to clock(s) ap_clk
Related violations: <none>

TIMING-18#183 Warning
Missing input or output delay  
An input delay is missing on b[31] relative to clock(s) ap_clk
Related violations: <none>

TIMING-18#184 Warning
Missing input or output delay  
An input delay is missing on b[32] relative to clock(s) ap_clk
Related violations: <none>

TIMING-18#185 Warning
Missing input or output delay  
An input delay is missing on b[33] relative to clock(s) ap_clk
Related violations: <none>

TIMING-18#186 Warning
Missing input or output delay  
An input delay is missing on b[34] relative to clock(s) ap_clk
Related violations: <none>

TIMING-18#187 Warning
Missing input or output delay  
An input delay is missing on b[35] relative to clock(s) ap_clk
Related violations: <none>

TIMING-18#188 Warning
Missing input or output delay  
An input delay is missing on b[36] relative to clock(s) ap_clk
Related violations: <none>

TIMING-18#189 Warning
Missing input or output delay  
An input delay is missing on b[37] relative to clock(s) ap_clk
Related violations: <none>

TIMING-18#190 Warning
Missing input or output delay  
An input delay is missing on b[38] relative to clock(s) ap_clk
Related violations: <none>

TIMING-18#191 Warning
Missing input or output delay  
An input delay is missing on b[39] relative to clock(s) ap_clk
Related violations: <none>

TIMING-18#192 Warning
Missing input or output delay  
An input delay is missing on b[3] relative to clock(s) ap_clk
Related violations: <none>

TIMING-18#193 Warning
Missing input or output delay  
An input delay is missing on b[40] relative to clock(s) ap_clk
Related violations: <none>

TIMING-18#194 Warning
Missing input or output delay  
An input delay is missing on b[41] relative to clock(s) ap_clk
Related violations: <none>

TIMING-18#195 Warning
Missing input or output delay  
An input delay is missing on b[42] relative to clock(s) ap_clk
Related violations: <none>

TIMING-18#196 Warning
Missing input or output delay  
An input delay is missing on b[43] relative to clock(s) ap_clk
Related violations: <none>

TIMING-18#197 Warning
Missing input or output delay  
An input delay is missing on b[44] relative to clock(s) ap_clk
Related violations: <none>

TIMING-18#198 Warning
Missing input or output delay  
An input delay is missing on b[45] relative to clock(s) ap_clk
Related violations: <none>

TIMING-18#199 Warning
Missing input or output delay  
An input delay is missing on b[46] relative to clock(s) ap_clk
Related violations: <none>

TIMING-18#200 Warning
Missing input or output delay  
An input delay is missing on b[47] relative to clock(s) ap_clk
Related violations: <none>

TIMING-18#201 Warning
Missing input or output delay  
An input delay is missing on b[48] relative to clock(s) ap_clk
Related violations: <none>

TIMING-18#202 Warning
Missing input or output delay  
An input delay is missing on b[49] relative to clock(s) ap_clk
Related violations: <none>

TIMING-18#203 Warning
Missing input or output delay  
An input delay is missing on b[4] relative to clock(s) ap_clk
Related violations: <none>

TIMING-18#204 Warning
Missing input or output delay  
An input delay is missing on b[50] relative to clock(s) ap_clk
Related violations: <none>

TIMING-18#205 Warning
Missing input or output delay  
An input delay is missing on b[51] relative to clock(s) ap_clk
Related violations: <none>

TIMING-18#206 Warning
Missing input or output delay  
An input delay is missing on b[52] relative to clock(s) ap_clk
Related violations: <none>

TIMING-18#207 Warning
Missing input or output delay  
An input delay is missing on b[53] relative to clock(s) ap_clk
Related violations: <none>

TIMING-18#208 Warning
Missing input or output delay  
An input delay is missing on b[54] relative to clock(s) ap_clk
Related violations: <none>

TIMING-18#209 Warning
Missing input or output delay  
An input delay is missing on b[55] relative to clock(s) ap_clk
Related violations: <none>

TIMING-18#210 Warning
Missing input or output delay  
An input delay is missing on b[56] relative to clock(s) ap_clk
Related violations: <none>

TIMING-18#211 Warning
Missing input or output delay  
An input delay is missing on b[57] relative to clock(s) ap_clk
Related violations: <none>

TIMING-18#212 Warning
Missing input or output delay  
An input delay is missing on b[58] relative to clock(s) ap_clk
Related violations: <none>

TIMING-18#213 Warning
Missing input or output delay  
An input delay is missing on b[59] relative to clock(s) ap_clk
Related violations: <none>

TIMING-18#214 Warning
Missing input or output delay  
An input delay is missing on b[5] relative to clock(s) ap_clk
Related violations: <none>

TIMING-18#215 Warning
Missing input or output delay  
An input delay is missing on b[60] relative to clock(s) ap_clk
Related violations: <none>

TIMING-18#216 Warning
Missing input or output delay  
An input delay is missing on b[61] relative to clock(s) ap_clk
Related violations: <none>

TIMING-18#217 Warning
Missing input or output delay  
An input delay is missing on b[62] relative to clock(s) ap_clk
Related violations: <none>

TIMING-18#218 Warning
Missing input or output delay  
An input delay is missing on b[63] relative to clock(s) ap_clk
Related violations: <none>

TIMING-18#219 Warning
Missing input or output delay  
An input delay is missing on b[64] relative to clock(s) ap_clk
Related violations: <none>

TIMING-18#220 Warning
Missing input or output delay  
An input delay is missing on b[65] relative to clock(s) ap_clk
Related violations: <none>

TIMING-18#221 Warning
Missing input or output delay  
An input delay is missing on b[66] relative to clock(s) ap_clk
Related violations: <none>

TIMING-18#222 Warning
Missing input or output delay  
An input delay is missing on b[67] relative to clock(s) ap_clk
Related violations: <none>

TIMING-18#223 Warning
Missing input or output delay  
An input delay is missing on b[68] relative to clock(s) ap_clk
Related violations: <none>

TIMING-18#224 Warning
Missing input or output delay  
An input delay is missing on b[69] relative to clock(s) ap_clk
Related violations: <none>

TIMING-18#225 Warning
Missing input or output delay  
An input delay is missing on b[6] relative to clock(s) ap_clk
Related violations: <none>

TIMING-18#226 Warning
Missing input or output delay  
An input delay is missing on b[70] relative to clock(s) ap_clk
Related violations: <none>

TIMING-18#227 Warning
Missing input or output delay  
An input delay is missing on b[71] relative to clock(s) ap_clk
Related violations: <none>

TIMING-18#228 Warning
Missing input or output delay  
An input delay is missing on b[72] relative to clock(s) ap_clk
Related violations: <none>

TIMING-18#229 Warning
Missing input or output delay  
An input delay is missing on b[73] relative to clock(s) ap_clk
Related violations: <none>

TIMING-18#230 Warning
Missing input or output delay  
An input delay is missing on b[74] relative to clock(s) ap_clk
Related violations: <none>

TIMING-18#231 Warning
Missing input or output delay  
An input delay is missing on b[75] relative to clock(s) ap_clk
Related violations: <none>

TIMING-18#232 Warning
Missing input or output delay  
An input delay is missing on b[76] relative to clock(s) ap_clk
Related violations: <none>

TIMING-18#233 Warning
Missing input or output delay  
An input delay is missing on b[77] relative to clock(s) ap_clk
Related violations: <none>

TIMING-18#234 Warning
Missing input or output delay  
An input delay is missing on b[78] relative to clock(s) ap_clk
Related violations: <none>

TIMING-18#235 Warning
Missing input or output delay  
An input delay is missing on b[79] relative to clock(s) ap_clk
Related violations: <none>

TIMING-18#236 Warning
Missing input or output delay  
An input delay is missing on b[7] relative to clock(s) ap_clk
Related violations: <none>

TIMING-18#237 Warning
Missing input or output delay  
An input delay is missing on b[80] relative to clock(s) ap_clk
Related violations: <none>

TIMING-18#238 Warning
Missing input or output delay  
An input delay is missing on b[81] relative to clock(s) ap_clk
Related violations: <none>

TIMING-18#239 Warning
Missing input or output delay  
An input delay is missing on b[82] relative to clock(s) ap_clk
Related violations: <none>

TIMING-18#240 Warning
Missing input or output delay  
An input delay is missing on b[83] relative to clock(s) ap_clk
Related violations: <none>

TIMING-18#241 Warning
Missing input or output delay  
An input delay is missing on b[84] relative to clock(s) ap_clk
Related violations: <none>

TIMING-18#242 Warning
Missing input or output delay  
An input delay is missing on b[85] relative to clock(s) ap_clk
Related violations: <none>

TIMING-18#243 Warning
Missing input or output delay  
An input delay is missing on b[86] relative to clock(s) ap_clk
Related violations: <none>

TIMING-18#244 Warning
Missing input or output delay  
An input delay is missing on b[87] relative to clock(s) ap_clk
Related violations: <none>

TIMING-18#245 Warning
Missing input or output delay  
An input delay is missing on b[88] relative to clock(s) ap_clk
Related violations: <none>

TIMING-18#246 Warning
Missing input or output delay  
An input delay is missing on b[89] relative to clock(s) ap_clk
Related violations: <none>

TIMING-18#247 Warning
Missing input or output delay  
An input delay is missing on b[8] relative to clock(s) ap_clk
Related violations: <none>

TIMING-18#248 Warning
Missing input or output delay  
An input delay is missing on b[90] relative to clock(s) ap_clk
Related violations: <none>

TIMING-18#249 Warning
Missing input or output delay  
An input delay is missing on b[91] relative to clock(s) ap_clk
Related violations: <none>

TIMING-18#250 Warning
Missing input or output delay  
An input delay is missing on b[92] relative to clock(s) ap_clk
Related violations: <none>

TIMING-18#251 Warning
Missing input or output delay  
An input delay is missing on b[93] relative to clock(s) ap_clk
Related violations: <none>

TIMING-18#252 Warning
Missing input or output delay  
An input delay is missing on b[94] relative to clock(s) ap_clk
Related violations: <none>

TIMING-18#253 Warning
Missing input or output delay  
An input delay is missing on b[95] relative to clock(s) ap_clk
Related violations: <none>

TIMING-18#254 Warning
Missing input or output delay  
An input delay is missing on b[96] relative to clock(s) ap_clk
Related violations: <none>

TIMING-18#255 Warning
Missing input or output delay  
An input delay is missing on b[97] relative to clock(s) ap_clk
Related violations: <none>

TIMING-18#256 Warning
Missing input or output delay  
An input delay is missing on b[98] relative to clock(s) ap_clk
Related violations: <none>

TIMING-18#257 Warning
Missing input or output delay  
An input delay is missing on b[99] relative to clock(s) ap_clk
Related violations: <none>

TIMING-18#258 Warning
Missing input or output delay  
An input delay is missing on b[9] relative to clock(s) ap_clk
Related violations: <none>

TIMING-18#259 Warning
Missing input or output delay  
An output delay is missing on ap_ctrl_done relative to clock(s) ap_clk
Related violations: <none>

TIMING-18#260 Warning
Missing input or output delay  
An output delay is missing on ap_ctrl_idle relative to clock(s) ap_clk
Related violations: <none>

TIMING-18#261 Warning
Missing input or output delay  
An output delay is missing on ap_ctrl_ready relative to clock(s) ap_clk
Related violations: <none>

TIMING-18#262 Warning
Missing input or output delay  
An output delay is missing on res[0] relative to clock(s) ap_clk
Related violations: <none>

TIMING-18#263 Warning
Missing input or output delay  
An output delay is missing on res[100] relative to clock(s) ap_clk
Related violations: <none>

TIMING-18#264 Warning
Missing input or output delay  
An output delay is missing on res[101] relative to clock(s) ap_clk
Related violations: <none>

TIMING-18#265 Warning
Missing input or output delay  
An output delay is missing on res[102] relative to clock(s) ap_clk
Related violations: <none>

TIMING-18#266 Warning
Missing input or output delay  
An output delay is missing on res[103] relative to clock(s) ap_clk
Related violations: <none>

TIMING-18#267 Warning
Missing input or output delay  
An output delay is missing on res[104] relative to clock(s) ap_clk
Related violations: <none>

TIMING-18#268 Warning
Missing input or output delay  
An output delay is missing on res[105] relative to clock(s) ap_clk
Related violations: <none>

TIMING-18#269 Warning
Missing input or output delay  
An output delay is missing on res[106] relative to clock(s) ap_clk
Related violations: <none>

TIMING-18#270 Warning
Missing input or output delay  
An output delay is missing on res[107] relative to clock(s) ap_clk
Related violations: <none>

TIMING-18#271 Warning
Missing input or output delay  
An output delay is missing on res[108] relative to clock(s) ap_clk
Related violations: <none>

TIMING-18#272 Warning
Missing input or output delay  
An output delay is missing on res[109] relative to clock(s) ap_clk
Related violations: <none>

TIMING-18#273 Warning
Missing input or output delay  
An output delay is missing on res[10] relative to clock(s) ap_clk
Related violations: <none>

TIMING-18#274 Warning
Missing input or output delay  
An output delay is missing on res[110] relative to clock(s) ap_clk
Related violations: <none>

TIMING-18#275 Warning
Missing input or output delay  
An output delay is missing on res[111] relative to clock(s) ap_clk
Related violations: <none>

TIMING-18#276 Warning
Missing input or output delay  
An output delay is missing on res[112] relative to clock(s) ap_clk
Related violations: <none>

TIMING-18#277 Warning
Missing input or output delay  
An output delay is missing on res[113] relative to clock(s) ap_clk
Related violations: <none>

TIMING-18#278 Warning
Missing input or output delay  
An output delay is missing on res[114] relative to clock(s) ap_clk
Related violations: <none>

TIMING-18#279 Warning
Missing input or output delay  
An output delay is missing on res[115] relative to clock(s) ap_clk
Related violations: <none>

TIMING-18#280 Warning
Missing input or output delay  
An output delay is missing on res[116] relative to clock(s) ap_clk
Related violations: <none>

TIMING-18#281 Warning
Missing input or output delay  
An output delay is missing on res[117] relative to clock(s) ap_clk
Related violations: <none>

TIMING-18#282 Warning
Missing input or output delay  
An output delay is missing on res[118] relative to clock(s) ap_clk
Related violations: <none>

TIMING-18#283 Warning
Missing input or output delay  
An output delay is missing on res[119] relative to clock(s) ap_clk
Related violations: <none>

TIMING-18#284 Warning
Missing input or output delay  
An output delay is missing on res[11] relative to clock(s) ap_clk
Related violations: <none>

TIMING-18#285 Warning
Missing input or output delay  
An output delay is missing on res[120] relative to clock(s) ap_clk
Related violations: <none>

TIMING-18#286 Warning
Missing input or output delay  
An output delay is missing on res[121] relative to clock(s) ap_clk
Related violations: <none>

TIMING-18#287 Warning
Missing input or output delay  
An output delay is missing on res[122] relative to clock(s) ap_clk
Related violations: <none>

TIMING-18#288 Warning
Missing input or output delay  
An output delay is missing on res[123] relative to clock(s) ap_clk
Related violations: <none>

TIMING-18#289 Warning
Missing input or output delay  
An output delay is missing on res[124] relative to clock(s) ap_clk
Related violations: <none>

TIMING-18#290 Warning
Missing input or output delay  
An output delay is missing on res[125] relative to clock(s) ap_clk
Related violations: <none>

TIMING-18#291 Warning
Missing input or output delay  
An output delay is missing on res[126] relative to clock(s) ap_clk
Related violations: <none>

TIMING-18#292 Warning
Missing input or output delay  
An output delay is missing on res[127] relative to clock(s) ap_clk
Related violations: <none>

TIMING-18#293 Warning
Missing input or output delay  
An output delay is missing on res[12] relative to clock(s) ap_clk
Related violations: <none>

TIMING-18#294 Warning
Missing input or output delay  
An output delay is missing on res[13] relative to clock(s) ap_clk
Related violations: <none>

TIMING-18#295 Warning
Missing input or output delay  
An output delay is missing on res[14] relative to clock(s) ap_clk
Related violations: <none>

TIMING-18#296 Warning
Missing input or output delay  
An output delay is missing on res[15] relative to clock(s) ap_clk
Related violations: <none>

TIMING-18#297 Warning
Missing input or output delay  
An output delay is missing on res[16] relative to clock(s) ap_clk
Related violations: <none>

TIMING-18#298 Warning
Missing input or output delay  
An output delay is missing on res[17] relative to clock(s) ap_clk
Related violations: <none>

TIMING-18#299 Warning
Missing input or output delay  
An output delay is missing on res[18] relative to clock(s) ap_clk
Related violations: <none>

TIMING-18#300 Warning
Missing input or output delay  
An output delay is missing on res[19] relative to clock(s) ap_clk
Related violations: <none>

TIMING-18#301 Warning
Missing input or output delay  
An output delay is missing on res[1] relative to clock(s) ap_clk
Related violations: <none>

TIMING-18#302 Warning
Missing input or output delay  
An output delay is missing on res[20] relative to clock(s) ap_clk
Related violations: <none>

TIMING-18#303 Warning
Missing input or output delay  
An output delay is missing on res[21] relative to clock(s) ap_clk
Related violations: <none>

TIMING-18#304 Warning
Missing input or output delay  
An output delay is missing on res[22] relative to clock(s) ap_clk
Related violations: <none>

TIMING-18#305 Warning
Missing input or output delay  
An output delay is missing on res[23] relative to clock(s) ap_clk
Related violations: <none>

TIMING-18#306 Warning
Missing input or output delay  
An output delay is missing on res[24] relative to clock(s) ap_clk
Related violations: <none>

TIMING-18#307 Warning
Missing input or output delay  
An output delay is missing on res[25] relative to clock(s) ap_clk
Related violations: <none>

TIMING-18#308 Warning
Missing input or output delay  
An output delay is missing on res[26] relative to clock(s) ap_clk
Related violations: <none>

TIMING-18#309 Warning
Missing input or output delay  
An output delay is missing on res[27] relative to clock(s) ap_clk
Related violations: <none>

TIMING-18#310 Warning
Missing input or output delay  
An output delay is missing on res[28] relative to clock(s) ap_clk
Related violations: <none>

TIMING-18#311 Warning
Missing input or output delay  
An output delay is missing on res[29] relative to clock(s) ap_clk
Related violations: <none>

TIMING-18#312 Warning
Missing input or output delay  
An output delay is missing on res[2] relative to clock(s) ap_clk
Related violations: <none>

TIMING-18#313 Warning
Missing input or output delay  
An output delay is missing on res[30] relative to clock(s) ap_clk
Related violations: <none>

TIMING-18#314 Warning
Missing input or output delay  
An output delay is missing on res[31] relative to clock(s) ap_clk
Related violations: <none>

TIMING-18#315 Warning
Missing input or output delay  
An output delay is missing on res[32] relative to clock(s) ap_clk
Related violations: <none>

TIMING-18#316 Warning
Missing input or output delay  
An output delay is missing on res[33] relative to clock(s) ap_clk
Related violations: <none>

TIMING-18#317 Warning
Missing input or output delay  
An output delay is missing on res[34] relative to clock(s) ap_clk
Related violations: <none>

TIMING-18#318 Warning
Missing input or output delay  
An output delay is missing on res[35] relative to clock(s) ap_clk
Related violations: <none>

TIMING-18#319 Warning
Missing input or output delay  
An output delay is missing on res[36] relative to clock(s) ap_clk
Related violations: <none>

TIMING-18#320 Warning
Missing input or output delay  
An output delay is missing on res[37] relative to clock(s) ap_clk
Related violations: <none>

TIMING-18#321 Warning
Missing input or output delay  
An output delay is missing on res[38] relative to clock(s) ap_clk
Related violations: <none>

TIMING-18#322 Warning
Missing input or output delay  
An output delay is missing on res[39] relative to clock(s) ap_clk
Related violations: <none>

TIMING-18#323 Warning
Missing input or output delay  
An output delay is missing on res[3] relative to clock(s) ap_clk
Related violations: <none>

TIMING-18#324 Warning
Missing input or output delay  
An output delay is missing on res[40] relative to clock(s) ap_clk
Related violations: <none>

TIMING-18#325 Warning
Missing input or output delay  
An output delay is missing on res[41] relative to clock(s) ap_clk
Related violations: <none>

TIMING-18#326 Warning
Missing input or output delay  
An output delay is missing on res[42] relative to clock(s) ap_clk
Related violations: <none>

TIMING-18#327 Warning
Missing input or output delay  
An output delay is missing on res[43] relative to clock(s) ap_clk
Related violations: <none>

TIMING-18#328 Warning
Missing input or output delay  
An output delay is missing on res[44] relative to clock(s) ap_clk
Related violations: <none>

TIMING-18#329 Warning
Missing input or output delay  
An output delay is missing on res[45] relative to clock(s) ap_clk
Related violations: <none>

TIMING-18#330 Warning
Missing input or output delay  
An output delay is missing on res[46] relative to clock(s) ap_clk
Related violations: <none>

TIMING-18#331 Warning
Missing input or output delay  
An output delay is missing on res[47] relative to clock(s) ap_clk
Related violations: <none>

TIMING-18#332 Warning
Missing input or output delay  
An output delay is missing on res[48] relative to clock(s) ap_clk
Related violations: <none>

TIMING-18#333 Warning
Missing input or output delay  
An output delay is missing on res[49] relative to clock(s) ap_clk
Related violations: <none>

TIMING-18#334 Warning
Missing input or output delay  
An output delay is missing on res[4] relative to clock(s) ap_clk
Related violations: <none>

TIMING-18#335 Warning
Missing input or output delay  
An output delay is missing on res[50] relative to clock(s) ap_clk
Related violations: <none>

TIMING-18#336 Warning
Missing input or output delay  
An output delay is missing on res[51] relative to clock(s) ap_clk
Related violations: <none>

TIMING-18#337 Warning
Missing input or output delay  
An output delay is missing on res[52] relative to clock(s) ap_clk
Related violations: <none>

TIMING-18#338 Warning
Missing input or output delay  
An output delay is missing on res[53] relative to clock(s) ap_clk
Related violations: <none>

TIMING-18#339 Warning
Missing input or output delay  
An output delay is missing on res[54] relative to clock(s) ap_clk
Related violations: <none>

TIMING-18#340 Warning
Missing input or output delay  
An output delay is missing on res[55] relative to clock(s) ap_clk
Related violations: <none>

TIMING-18#341 Warning
Missing input or output delay  
An output delay is missing on res[56] relative to clock(s) ap_clk
Related violations: <none>

TIMING-18#342 Warning
Missing input or output delay  
An output delay is missing on res[57] relative to clock(s) ap_clk
Related violations: <none>

TIMING-18#343 Warning
Missing input or output delay  
An output delay is missing on res[58] relative to clock(s) ap_clk
Related violations: <none>

TIMING-18#344 Warning
Missing input or output delay  
An output delay is missing on res[59] relative to clock(s) ap_clk
Related violations: <none>

TIMING-18#345 Warning
Missing input or output delay  
An output delay is missing on res[5] relative to clock(s) ap_clk
Related violations: <none>

TIMING-18#346 Warning
Missing input or output delay  
An output delay is missing on res[60] relative to clock(s) ap_clk
Related violations: <none>

TIMING-18#347 Warning
Missing input or output delay  
An output delay is missing on res[61] relative to clock(s) ap_clk
Related violations: <none>

TIMING-18#348 Warning
Missing input or output delay  
An output delay is missing on res[62] relative to clock(s) ap_clk
Related violations: <none>

TIMING-18#349 Warning
Missing input or output delay  
An output delay is missing on res[63] relative to clock(s) ap_clk
Related violations: <none>

TIMING-18#350 Warning
Missing input or output delay  
An output delay is missing on res[64] relative to clock(s) ap_clk
Related violations: <none>

TIMING-18#351 Warning
Missing input or output delay  
An output delay is missing on res[65] relative to clock(s) ap_clk
Related violations: <none>

TIMING-18#352 Warning
Missing input or output delay  
An output delay is missing on res[66] relative to clock(s) ap_clk
Related violations: <none>

TIMING-18#353 Warning
Missing input or output delay  
An output delay is missing on res[67] relative to clock(s) ap_clk
Related violations: <none>

TIMING-18#354 Warning
Missing input or output delay  
An output delay is missing on res[68] relative to clock(s) ap_clk
Related violations: <none>

TIMING-18#355 Warning
Missing input or output delay  
An output delay is missing on res[69] relative to clock(s) ap_clk
Related violations: <none>

TIMING-18#356 Warning
Missing input or output delay  
An output delay is missing on res[6] relative to clock(s) ap_clk
Related violations: <none>

TIMING-18#357 Warning
Missing input or output delay  
An output delay is missing on res[70] relative to clock(s) ap_clk
Related violations: <none>

TIMING-18#358 Warning
Missing input or output delay  
An output delay is missing on res[71] relative to clock(s) ap_clk
Related violations: <none>

TIMING-18#359 Warning
Missing input or output delay  
An output delay is missing on res[72] relative to clock(s) ap_clk
Related violations: <none>

TIMING-18#360 Warning
Missing input or output delay  
An output delay is missing on res[73] relative to clock(s) ap_clk
Related violations: <none>

TIMING-18#361 Warning
Missing input or output delay  
An output delay is missing on res[74] relative to clock(s) ap_clk
Related violations: <none>

TIMING-18#362 Warning
Missing input or output delay  
An output delay is missing on res[75] relative to clock(s) ap_clk
Related violations: <none>

TIMING-18#363 Warning
Missing input or output delay  
An output delay is missing on res[76] relative to clock(s) ap_clk
Related violations: <none>

TIMING-18#364 Warning
Missing input or output delay  
An output delay is missing on res[77] relative to clock(s) ap_clk
Related violations: <none>

TIMING-18#365 Warning
Missing input or output delay  
An output delay is missing on res[78] relative to clock(s) ap_clk
Related violations: <none>

TIMING-18#366 Warning
Missing input or output delay  
An output delay is missing on res[79] relative to clock(s) ap_clk
Related violations: <none>

TIMING-18#367 Warning
Missing input or output delay  
An output delay is missing on res[7] relative to clock(s) ap_clk
Related violations: <none>

TIMING-18#368 Warning
Missing input or output delay  
An output delay is missing on res[80] relative to clock(s) ap_clk
Related violations: <none>

TIMING-18#369 Warning
Missing input or output delay  
An output delay is missing on res[81] relative to clock(s) ap_clk
Related violations: <none>

TIMING-18#370 Warning
Missing input or output delay  
An output delay is missing on res[82] relative to clock(s) ap_clk
Related violations: <none>

TIMING-18#371 Warning
Missing input or output delay  
An output delay is missing on res[83] relative to clock(s) ap_clk
Related violations: <none>

TIMING-18#372 Warning
Missing input or output delay  
An output delay is missing on res[84] relative to clock(s) ap_clk
Related violations: <none>

TIMING-18#373 Warning
Missing input or output delay  
An output delay is missing on res[85] relative to clock(s) ap_clk
Related violations: <none>

TIMING-18#374 Warning
Missing input or output delay  
An output delay is missing on res[86] relative to clock(s) ap_clk
Related violations: <none>

TIMING-18#375 Warning
Missing input or output delay  
An output delay is missing on res[87] relative to clock(s) ap_clk
Related violations: <none>

TIMING-18#376 Warning
Missing input or output delay  
An output delay is missing on res[88] relative to clock(s) ap_clk
Related violations: <none>

TIMING-18#377 Warning
Missing input or output delay  
An output delay is missing on res[89] relative to clock(s) ap_clk
Related violations: <none>

TIMING-18#378 Warning
Missing input or output delay  
An output delay is missing on res[8] relative to clock(s) ap_clk
Related violations: <none>

TIMING-18#379 Warning
Missing input or output delay  
An output delay is missing on res[90] relative to clock(s) ap_clk
Related violations: <none>

TIMING-18#380 Warning
Missing input or output delay  
An output delay is missing on res[91] relative to clock(s) ap_clk
Related violations: <none>

TIMING-18#381 Warning
Missing input or output delay  
An output delay is missing on res[92] relative to clock(s) ap_clk
Related violations: <none>

TIMING-18#382 Warning
Missing input or output delay  
An output delay is missing on res[93] relative to clock(s) ap_clk
Related violations: <none>

TIMING-18#383 Warning
Missing input or output delay  
An output delay is missing on res[94] relative to clock(s) ap_clk
Related violations: <none>

TIMING-18#384 Warning
Missing input or output delay  
An output delay is missing on res[95] relative to clock(s) ap_clk
Related violations: <none>

TIMING-18#385 Warning
Missing input or output delay  
An output delay is missing on res[96] relative to clock(s) ap_clk
Related violations: <none>

TIMING-18#386 Warning
Missing input or output delay  
An output delay is missing on res[97] relative to clock(s) ap_clk
Related violations: <none>

TIMING-18#387 Warning
Missing input or output delay  
An output delay is missing on res[98] relative to clock(s) ap_clk
Related violations: <none>

TIMING-18#388 Warning
Missing input or output delay  
An output delay is missing on res[99] relative to clock(s) ap_clk
Related violations: <none>

TIMING-18#389 Warning
Missing input or output delay  
An output delay is missing on res[9] relative to clock(s) ap_clk
Related violations: <none>

TIMING-18#390 Warning
Missing input or output delay  
An output delay is missing on res_ap_vld relative to clock(s) ap_clk
Related violations: <none>


