

================================================================
== Vitis HLS Report for 'fixed_to_float_top'
================================================================
* Date:           Fri Mar 31 13:38:03 2023

* Version:        2022.2 (Build 3670227 on Oct 13 2022)
* Project:        fixed_to_float_xilinx
* Solution:       fixed_to_float_xilinx_solution (Vivado IP Flow Target)
* Product family: zynq
* Target device:  xc7z020-clg400-1


================================================================
== Performance Estimates
================================================================
+ Timing: 
    * Summary: 
    +--------+----------+-----------+------------+
    |  Clock |  Target  | Estimated | Uncertainty|
    +--------+----------+-----------+------------+
    |ap_clk  |  50.00 ns|  21.347 ns|    13.50 ns|
    +--------+----------+-----------+------------+

+ Latency: 
    * Summary: 
    +---------+---------+----------+----------+-----+-----+---------+
    |  Latency (cycles) |  Latency (absolute) |  Interval | Pipeline|
    |   min   |   max   |    min   |    max   | min | max |   Type  |
    +---------+---------+----------+----------+-----+-----+---------+
    |        2|        8|  0.100 us|  0.400 us|    3|    9|       no|
    +---------+---------+----------+----------+-----+-----+---------+

    + Detail: 
        * Instance: 
        +------------------------------------------------+--------------------------------------+---------+---------+-----------+----------+-----+-----+---------+
        |                                                |                                      |  Latency (cycles) |  Latency (absolute)  |  Interval | Pipeline|
        |                    Instance                    |                Module                |   min   |   max   |    min    |    max   | min | max |   Type  |
        +------------------------------------------------+--------------------------------------+---------+---------+-----------+----------+-----+-----+---------+
        |grp_convert_ac_fixed_ac_float_25_2_8_0_s_fu_41  |convert_ac_fixed_ac_float_25_2_8_0_s  |        1|        7|  50.000 ns|  0.350 us|    1|    7|       no|
        +------------------------------------------------+--------------------------------------+---------+---------+-----------+----------+-----+-----+---------+

        * Loop: 
        N/A



================================================================
== Utilization Estimates
================================================================
* Summary: 
+-----------------+---------+-----+--------+-------+-----+
|       Name      | BRAM_18K| DSP |   FF   |  LUT  | URAM|
+-----------------+---------+-----+--------+-------+-----+
|DSP              |        -|    -|       -|      -|    -|
|Expression       |        -|    -|       -|      -|    -|
|FIFO             |        -|    -|       -|      -|    -|
|Instance         |        0|    -|     232|   1049|    -|
|Memory           |        -|    -|       -|      -|    -|
|Multiplexer      |        -|    -|       -|     14|    -|
|Register         |        -|    -|       3|      -|    -|
+-----------------+---------+-----+--------+-------+-----+
|Total            |        0|    0|     235|   1063|    0|
+-----------------+---------+-----+--------+-------+-----+
|Available        |      280|  220|  106400|  53200|    0|
+-----------------+---------+-----+--------+-------+-----+
|Utilization (%)  |        0|    0|      ~0|      1|    0|
+-----------------+---------+-----+--------+-------+-----+

+ Detail: 
    * Instance: 
    +------------------------------------------------+--------------------------------------+---------+----+-----+------+-----+
    |                    Instance                    |                Module                | BRAM_18K| DSP|  FF |  LUT | URAM|
    +------------------------------------------------+--------------------------------------+---------+----+-----+------+-----+
    |grp_convert_ac_fixed_ac_float_25_2_8_0_s_fu_41  |convert_ac_fixed_ac_float_25_2_8_0_s  |        0|   0|  232|  1049|    0|
    +------------------------------------------------+--------------------------------------+---------+----+-----+------+-----+
    |Total                                           |                                      |        0|   0|  232|  1049|    0|
    +------------------------------------------------+--------------------------------------+---------+----+-----+------+-----+

    * DSP: 
    N/A

    * Memory: 
    N/A

    * FIFO: 
    N/A

    * Expression: 
    N/A

    * Multiplexer: 
    +-----------+----+-----------+-----+-----------+
    |    Name   | LUT| Input Size| Bits| Total Bits|
    +-----------+----+-----------+-----+-----------+
    |ap_NS_fsm  |  14|          3|    1|          3|
    +-----------+----+-----------+-----+-----------+
    |Total      |  14|          3|    1|          3|
    +-----------+----+-----------+-----+-----------+

    * Register: 
    +-------------------------------------------------------------+---+----+-----+-----------+
    |                             Name                            | FF| LUT| Bits| Const Bits|
    +-------------------------------------------------------------+---+----+-----+-----------+
    |ap_CS_fsm                                                    |  2|   0|    2|          0|
    |grp_convert_ac_fixed_ac_float_25_2_8_0_s_fu_41_ap_start_reg  |  1|   0|    1|          0|
    +-------------------------------------------------------------+---+----+-----+-----------+
    |Total                                                        |  3|   0|    3|          0|
    +-------------------------------------------------------------+---+----+-----+-----------+



================================================================
== Interface
================================================================
* Summary: 
+--------------+-----+-----+------------+--------------------+--------------+
|   RTL Ports  | Dir | Bits|  Protocol  |    Source Object   |    C Type    |
+--------------+-----+-----+------------+--------------------+--------------+
|ap_clk        |   in|    1|  ap_ctrl_hs|  fixed_to_float_top|  return value|
|ap_rst        |   in|    1|  ap_ctrl_hs|  fixed_to_float_top|  return value|
|ap_start      |   in|    1|  ap_ctrl_hs|  fixed_to_float_top|  return value|
|ap_done       |  out|    1|  ap_ctrl_hs|  fixed_to_float_top|  return value|
|ap_idle       |  out|    1|  ap_ctrl_hs|  fixed_to_float_top|  return value|
|ap_ready      |  out|    1|  ap_ctrl_hs|  fixed_to_float_top|  return value|
|fixpo         |   in|   64|     ap_none|               fixpo|       pointer|
|flopo         |  out|  128|      ap_vld|               flopo|       pointer|
|flopo_ap_vld  |  out|    1|      ap_vld|               flopo|       pointer|
+--------------+-----+-----+------------+--------------------+--------------+

