================================================================
== Vivado Place & Route Results
================================================================
+ General Information:
    * Date:            Fri Mar 31 13:41:35 CEST 2023
    * Version:         2022.2 (Build 3670227 on Oct 13 2022)
    * Project:         fixed_to_float_xilinx
    * Solution:        fixed_to_float_xilinx_solution (Vivado IP Flow Target)
    * Product family:  zynq
    * Target device:   xc7z020-clg400-1


================================================================
== Run Constraints & Options
================================================================
+ Design Constraints & Options:
    * Place & Route target clock:  50 ns
    * C-Synthesis target clock:    50 ns
    * C-Synthesis uncertainty:     27%

+ RTL Synthesis Options:
    * config_export -vivado_synth_strategy:     default
    * config_export -vivado_synth_design_args:  -directive sdx_optimization_effort_high

+ Place & Route Options:
    * config_export -vivado_impl_strategy:  default
    * config_export -vivado_phys_opt:       none

+ Reporting Options:
    * config_export -vivado_report_level:      2
    * config_export -vivado_max_timing_paths:  10


================================================================
== Place & Route Resource Summary
================================================================
LUT:              430
FF:               189
DSP:              0
BRAM:             0
URAM:             0
SRL:              0


================================================================
== Place & Route Timing Summary
================================================================
* Timing was met
+----------------+-------------+
| Timing         | Period (ns) |
+----------------+-------------+
| Target         | 50.000      |
| Post-Synthesis | 10.676      |
| Post-Route     | 13.182      |
+----------------+-------------+


================================================================
== Place & Route Resources
================================================================
+-------------------------------------------------------------------------------+-----+-----+-----+------+------+-----+--------+------+---------+----------+--------+
| Name                                                                          | LUT | FF  | DSP | BRAM | URAM | SRL | Pragma | Impl | Latency | Variable | Source |
+-------------------------------------------------------------------------------+-----+-----+-----+------+------+-----+--------+------+---------+----------+--------+
| inst                                                                          | 430 | 189 |     |      |      |     |        |      |         |          |        |
|   (inst)                                                                      | 1   | 3   |     |      |      |     |        |      |         |          |        |
|   grp_convert_ac_fixed_ac_float_25_2_8_0_s_fu_41                              | 429 | 186 |     |      |      |     |        |      |         |          |        |
|     (grp_convert_ac_fixed_ac_float_25_2_8_0_s_fu_41)                          | 29  | 178 |     |      |      |     |        |      |         |          |        |
|     grp_convert_ac_fixed_ac_float_25_2_8_0_Pipeline_VITIS_LOOP_213_fu_154     | 64  | 5   |     |      |      |     |        |      |         |          |        |
|       (grp_convert_ac_fixed_ac_float_25_2_8_0_Pipeline_VITIS_LOOP_213_fu_154) | 1   | 3   |     |      |      |     |        |      |         |          |        |
|       flow_control_loop_pipe_sequential_init_U                                | 63  | 2   |     |      |      |     |        |      |         |          |        |
|     tab_U                                                                     | 338 | 3   |     |      |      |     |        |      |         |          |        |
|       bind_storage rom_1p                                                     |     |     |     |      |      |     |        | auto | 1       | tab      |        |
+-------------------------------------------------------------------------------+-----+-----+-----+------+------+-----+--------+------+---------+----------+--------+


================================================================
== Place & Route Fail Fast
================================================================
+-----------------------------------------------------------+-----------+--------+--------+
| Criteria                                                  | Guideline | Actual | Status |
+-----------------------------------------------------------+-----------+--------+--------+
| LUT                                                       | 70%       | 0.81%  | OK     |
| FD                                                        | 50%       | 0.18%  | OK     |
| LUTRAM+SRL                                                | 25%       | 0.00%  | OK     |
| MUXF7                                                     | 15%       | 0.00%  | OK     |
| DSP                                                       | 80%       | 0.00%  | OK     |
| RAMB/FIFO                                                 | 80%       | 0.00%  | OK     |
| DSP+RAMB+URAM (Avg)                                       | 70%       | 0.00%  | OK     |
| BUFGCE* + BUFGCTRL                                        | 24        | 0      | OK     |
| DONT_TOUCH (cells/nets)                                   | 0         | 0      | OK     |
| MARK_DEBUG (nets)                                         | 0         | 0      | OK     |
| Control Sets                                              | 998       | 8      | OK     |
| Average Fanout for modules > 100k cells                   | 4         | 0      | OK     |
| Non-FD high fanout nets > 10k loads                       | 0         | 0      | OK     |
+-----------------------------------------------------------+-----------+--------+--------+
| TIMING-6 (No common primary clock between related clocks) | 0         | 0      | OK     |
| TIMING-7 (No common node between related clocks)          | 0         | 0      | OK     |
| TIMING-8 (No common period between related clocks)        | 0         | 0      | OK     |
| TIMING-14 (LUT on the clock tree)                         | 0         | 0      | OK     |
| TIMING-35 (No common node in paths with the same clock)   | 0         | 0      | OK     |
+-----------------------------------------------------------+-----------+--------+--------+
| Number of paths above max LUT budgeting (0.575ns)         | 0         | 0      | OK     |
| Number of paths above max Net budgeting (0.403ns)         | 0         | 0      | OK     |
+-----------------------------------------------------------+-----------+--------+--------+


================================================================
== Place & Route Timing Paths
================================================================
* Timing was met
+-------+--------+-------------------------------------------------------------------+-------------------------------------------------------------------------+--------------+------------+----------------+----------------+--------------+
| Path  |  SLACK | STARTPOINT PIN                                                    | ENDPOINT PIN                                                            | LOGIC LEVELS | MAX FANOUT | DATAPATH DELAY | DATAPATH LOGIC | DATAPATH NET |
|       |        |                                                                   |                                                                         |              |            |                |          DELAY |        DELAY |
+-------+--------+-------------------------------------------------------------------+-------------------------------------------------------------------------+--------------+------------+----------------+----------------+--------------+
| Path1 | 36.818 | grp_convert_ac_fixed_ac_float_25_2_8_0_s_fu_41/ap_CS_fsm_reg[3]/C | grp_convert_ac_fixed_ac_float_25_2_8_0_s_fu_41/ap_return_preg_reg[69]/D |           10 |        106 |         13.129 |          2.390 |       10.739 |
| Path2 | 37.329 | grp_convert_ac_fixed_ac_float_25_2_8_0_s_fu_41/ap_CS_fsm_reg[3]/C | grp_convert_ac_fixed_ac_float_25_2_8_0_s_fu_41/ap_return_preg_reg[64]/D |           10 |        106 |         12.616 |          2.390 |       10.226 |
| Path3 | 37.372 | grp_convert_ac_fixed_ac_float_25_2_8_0_s_fu_41/ap_CS_fsm_reg[3]/C | grp_convert_ac_fixed_ac_float_25_2_8_0_s_fu_41/ap_return_preg_reg[67]/D |           10 |        106 |         12.573 |          2.390 |       10.183 |
| Path4 | 37.484 | grp_convert_ac_fixed_ac_float_25_2_8_0_s_fu_41/ap_CS_fsm_reg[3]/C | grp_convert_ac_fixed_ac_float_25_2_8_0_s_fu_41/ap_return_preg_reg[66]/D |           10 |        106 |         12.509 |          2.390 |       10.119 |
| Path5 | 37.501 | grp_convert_ac_fixed_ac_float_25_2_8_0_s_fu_41/ap_CS_fsm_reg[3]/C | grp_convert_ac_fixed_ac_float_25_2_8_0_s_fu_41/ap_return_preg_reg[70]/D |           10 |        106 |         12.533 |          2.414 |       10.119 |
+-------+--------+-------------------------------------------------------------------+-------------------------------------------------------------------------+--------------+------------+----------------+----------------+--------------+

    +-----------------------------------------------------------------------------+----------------------+
    | Path1 Cells                                                                 | Primitive Type       |
    +-----------------------------------------------------------------------------+----------------------+
    | grp_convert_ac_fixed_ac_float_25_2_8_0_s_fu_41/ap_CS_fsm_reg[3]             | FLOP_LATCH.flop.FDRE |
    | grp_convert_ac_fixed_ac_float_25_2_8_0_s_fu_41/flopo[68]_INST_0_i_2         | LUT.others.LUT3      |
    | grp_convert_ac_fixed_ac_float_25_2_8_0_s_fu_41/tab_U/flopo[68]_INST_0_i_1   | LUT.others.LUT6      |
    | grp_convert_ac_fixed_ac_float_25_2_8_0_s_fu_41/tab_U/flopo[10]_INST_0_i_14  | LUT.others.LUT5      |
    | grp_convert_ac_fixed_ac_float_25_2_8_0_s_fu_41/tab_U/flopo[5]_INST_0_i_18   | LUT.others.LUT6      |
    | grp_convert_ac_fixed_ac_float_25_2_8_0_s_fu_41/tab_U/flopo[9]_INST_0_i_11   | LUT.others.LUT3      |
    | grp_convert_ac_fixed_ac_float_25_2_8_0_s_fu_41/tab_U/flopo[6]_INST_0_i_4    | LUT.others.LUT5      |
    | grp_convert_ac_fixed_ac_float_25_2_8_0_s_fu_41/tab_U/flopo[6]_INST_0_i_1    | LUT.others.LUT6      |
    | grp_convert_ac_fixed_ac_float_25_2_8_0_s_fu_41/tab_U/flopo[70]_INST_0_i_4   | LUT.others.LUT6      |
    | grp_convert_ac_fixed_ac_float_25_2_8_0_s_fu_41/tab_U/flopo[70]_INST_0_i_2   | LUT.others.LUT6      |
    | grp_convert_ac_fixed_ac_float_25_2_8_0_s_fu_41/tab_U/ap_return_preg[69]_i_1 | LUT.others.LUT4      |
    | grp_convert_ac_fixed_ac_float_25_2_8_0_s_fu_41/ap_return_preg_reg[69]       | FLOP_LATCH.flop.FDRE |
    +-----------------------------------------------------------------------------+----------------------+

    +-----------------------------------------------------------------------------+----------------------+
    | Path2 Cells                                                                 | Primitive Type       |
    +-----------------------------------------------------------------------------+----------------------+
    | grp_convert_ac_fixed_ac_float_25_2_8_0_s_fu_41/ap_CS_fsm_reg[3]             | FLOP_LATCH.flop.FDRE |
    | grp_convert_ac_fixed_ac_float_25_2_8_0_s_fu_41/flopo[68]_INST_0_i_2         | LUT.others.LUT3      |
    | grp_convert_ac_fixed_ac_float_25_2_8_0_s_fu_41/tab_U/flopo[68]_INST_0_i_1   | LUT.others.LUT6      |
    | grp_convert_ac_fixed_ac_float_25_2_8_0_s_fu_41/tab_U/flopo[10]_INST_0_i_14  | LUT.others.LUT5      |
    | grp_convert_ac_fixed_ac_float_25_2_8_0_s_fu_41/tab_U/flopo[5]_INST_0_i_18   | LUT.others.LUT6      |
    | grp_convert_ac_fixed_ac_float_25_2_8_0_s_fu_41/tab_U/flopo[9]_INST_0_i_11   | LUT.others.LUT3      |
    | grp_convert_ac_fixed_ac_float_25_2_8_0_s_fu_41/tab_U/flopo[6]_INST_0_i_4    | LUT.others.LUT5      |
    | grp_convert_ac_fixed_ac_float_25_2_8_0_s_fu_41/tab_U/flopo[6]_INST_0_i_1    | LUT.others.LUT6      |
    | grp_convert_ac_fixed_ac_float_25_2_8_0_s_fu_41/tab_U/flopo[70]_INST_0_i_4   | LUT.others.LUT6      |
    | grp_convert_ac_fixed_ac_float_25_2_8_0_s_fu_41/tab_U/flopo[70]_INST_0_i_2   | LUT.others.LUT6      |
    | grp_convert_ac_fixed_ac_float_25_2_8_0_s_fu_41/tab_U/ap_return_preg[64]_i_1 | LUT.others.LUT4      |
    | grp_convert_ac_fixed_ac_float_25_2_8_0_s_fu_41/ap_return_preg_reg[64]       | FLOP_LATCH.flop.FDRE |
    +-----------------------------------------------------------------------------+----------------------+

    +-----------------------------------------------------------------------------+----------------------+
    | Path3 Cells                                                                 | Primitive Type       |
    +-----------------------------------------------------------------------------+----------------------+
    | grp_convert_ac_fixed_ac_float_25_2_8_0_s_fu_41/ap_CS_fsm_reg[3]             | FLOP_LATCH.flop.FDRE |
    | grp_convert_ac_fixed_ac_float_25_2_8_0_s_fu_41/flopo[68]_INST_0_i_2         | LUT.others.LUT3      |
    | grp_convert_ac_fixed_ac_float_25_2_8_0_s_fu_41/tab_U/flopo[68]_INST_0_i_1   | LUT.others.LUT6      |
    | grp_convert_ac_fixed_ac_float_25_2_8_0_s_fu_41/tab_U/flopo[10]_INST_0_i_14  | LUT.others.LUT5      |
    | grp_convert_ac_fixed_ac_float_25_2_8_0_s_fu_41/tab_U/flopo[5]_INST_0_i_18   | LUT.others.LUT6      |
    | grp_convert_ac_fixed_ac_float_25_2_8_0_s_fu_41/tab_U/flopo[9]_INST_0_i_11   | LUT.others.LUT3      |
    | grp_convert_ac_fixed_ac_float_25_2_8_0_s_fu_41/tab_U/flopo[6]_INST_0_i_4    | LUT.others.LUT5      |
    | grp_convert_ac_fixed_ac_float_25_2_8_0_s_fu_41/tab_U/flopo[6]_INST_0_i_1    | LUT.others.LUT6      |
    | grp_convert_ac_fixed_ac_float_25_2_8_0_s_fu_41/tab_U/flopo[70]_INST_0_i_4   | LUT.others.LUT6      |
    | grp_convert_ac_fixed_ac_float_25_2_8_0_s_fu_41/tab_U/flopo[70]_INST_0_i_2   | LUT.others.LUT6      |
    | grp_convert_ac_fixed_ac_float_25_2_8_0_s_fu_41/tab_U/ap_return_preg[67]_i_1 | LUT.others.LUT4      |
    | grp_convert_ac_fixed_ac_float_25_2_8_0_s_fu_41/ap_return_preg_reg[67]       | FLOP_LATCH.flop.FDRE |
    +-----------------------------------------------------------------------------+----------------------+

    +-----------------------------------------------------------------------------+----------------------+
    | Path4 Cells                                                                 | Primitive Type       |
    +-----------------------------------------------------------------------------+----------------------+
    | grp_convert_ac_fixed_ac_float_25_2_8_0_s_fu_41/ap_CS_fsm_reg[3]             | FLOP_LATCH.flop.FDRE |
    | grp_convert_ac_fixed_ac_float_25_2_8_0_s_fu_41/flopo[68]_INST_0_i_2         | LUT.others.LUT3      |
    | grp_convert_ac_fixed_ac_float_25_2_8_0_s_fu_41/tab_U/flopo[68]_INST_0_i_1   | LUT.others.LUT6      |
    | grp_convert_ac_fixed_ac_float_25_2_8_0_s_fu_41/tab_U/flopo[10]_INST_0_i_14  | LUT.others.LUT5      |
    | grp_convert_ac_fixed_ac_float_25_2_8_0_s_fu_41/tab_U/flopo[5]_INST_0_i_18   | LUT.others.LUT6      |
    | grp_convert_ac_fixed_ac_float_25_2_8_0_s_fu_41/tab_U/flopo[9]_INST_0_i_11   | LUT.others.LUT3      |
    | grp_convert_ac_fixed_ac_float_25_2_8_0_s_fu_41/tab_U/flopo[6]_INST_0_i_4    | LUT.others.LUT5      |
    | grp_convert_ac_fixed_ac_float_25_2_8_0_s_fu_41/tab_U/flopo[6]_INST_0_i_1    | LUT.others.LUT6      |
    | grp_convert_ac_fixed_ac_float_25_2_8_0_s_fu_41/tab_U/flopo[70]_INST_0_i_4   | LUT.others.LUT6      |
    | grp_convert_ac_fixed_ac_float_25_2_8_0_s_fu_41/tab_U/flopo[70]_INST_0_i_2   | LUT.others.LUT6      |
    | grp_convert_ac_fixed_ac_float_25_2_8_0_s_fu_41/tab_U/ap_return_preg[66]_i_1 | LUT.others.LUT4      |
    | grp_convert_ac_fixed_ac_float_25_2_8_0_s_fu_41/ap_return_preg_reg[66]       | FLOP_LATCH.flop.FDRE |
    +-----------------------------------------------------------------------------+----------------------+

    +-----------------------------------------------------------------------------+----------------------+
    | Path5 Cells                                                                 | Primitive Type       |
    +-----------------------------------------------------------------------------+----------------------+
    | grp_convert_ac_fixed_ac_float_25_2_8_0_s_fu_41/ap_CS_fsm_reg[3]             | FLOP_LATCH.flop.FDRE |
    | grp_convert_ac_fixed_ac_float_25_2_8_0_s_fu_41/flopo[68]_INST_0_i_2         | LUT.others.LUT3      |
    | grp_convert_ac_fixed_ac_float_25_2_8_0_s_fu_41/tab_U/flopo[68]_INST_0_i_1   | LUT.others.LUT6      |
    | grp_convert_ac_fixed_ac_float_25_2_8_0_s_fu_41/tab_U/flopo[10]_INST_0_i_14  | LUT.others.LUT5      |
    | grp_convert_ac_fixed_ac_float_25_2_8_0_s_fu_41/tab_U/flopo[5]_INST_0_i_18   | LUT.others.LUT6      |
    | grp_convert_ac_fixed_ac_float_25_2_8_0_s_fu_41/tab_U/flopo[9]_INST_0_i_11   | LUT.others.LUT3      |
    | grp_convert_ac_fixed_ac_float_25_2_8_0_s_fu_41/tab_U/flopo[6]_INST_0_i_4    | LUT.others.LUT5      |
    | grp_convert_ac_fixed_ac_float_25_2_8_0_s_fu_41/tab_U/flopo[6]_INST_0_i_1    | LUT.others.LUT6      |
    | grp_convert_ac_fixed_ac_float_25_2_8_0_s_fu_41/tab_U/flopo[70]_INST_0_i_4   | LUT.others.LUT6      |
    | grp_convert_ac_fixed_ac_float_25_2_8_0_s_fu_41/tab_U/flopo[70]_INST_0_i_2   | LUT.others.LUT6      |
    | grp_convert_ac_fixed_ac_float_25_2_8_0_s_fu_41/tab_U/ap_return_preg[70]_i_1 | LUT.others.LUT2      |
    | grp_convert_ac_fixed_ac_float_25_2_8_0_s_fu_41/ap_return_preg_reg[70]       | FLOP_LATCH.flop.FDRE |
    +-----------------------------------------------------------------------------+----------------------+


================================================================
== Place & Route Vivado Reports
================================================================
+--------------------------+----------------------------------------------------------------------------+
| Report Type              | Report Location                                                            |
+--------------------------+----------------------------------------------------------------------------+
| design_analysis          | impl/verilog/report/fixed_to_float_top_design_analysis_routed.rpt          |
| failfast                 | impl/verilog/report/fixed_to_float_top_failfast_routed.rpt                 |
| status                   | impl/verilog/report/fixed_to_float_top_status_routed.rpt                   |
| timing                   | impl/verilog/report/fixed_to_float_top_timing_routed.rpt                   |
| timing_paths             | impl/verilog/report/fixed_to_float_top_timing_paths_routed.rpt             |
| utilization              | impl/verilog/report/fixed_to_float_top_utilization_routed.rpt              |
| utilization_hierarchical | impl/verilog/report/fixed_to_float_top_utilization_hierarchical_routed.rpt |
+--------------------------+----------------------------------------------------------------------------+


