
*** Running vivado
    with args -log bd_0_hls_inst_0.vds -m64 -product Vivado -mode batch -messageDb vivado.pb -notrace -source bd_0_hls_inst_0.tcl


****** Vivado v2022.2 (64-bit)
  **** SW Build 3671981 on Fri Oct 14 04:59:54 MDT 2022
  **** IP Build 3669848 on Fri Oct 14 08:30:02 MDT 2022
    ** Copyright 1986-2022 Xilinx, Inc. All Rights Reserved.

source bd_0_hls_inst_0.tcl -notrace
INFO: Dispatch client connection id - 38515
INFO: [IP_Flow 19-234] Refreshing IP repositories
INFO: [IP_Flow 19-1700] Loaded user IP repository '/home/nghielme/PycharmProjects/thesis-project/addmul/mul/mul/mul_solution/impl/ip'.
INFO: [IP_Flow 19-2313] Loaded Vivado IP repository '/opt/Xilinx/Vivado/2022.2/data/ip'.
INFO: [IP_Flow 19-6924] IPCACHE: Running cache check for IP inst: bd_0_hls_inst_0
Command: synth_design -top bd_0_hls_inst_0 -part xc7z020clg400-1 -directive sdx_optimization_effort_high -incremental_mode off -mode out_of_context
Starting synth_design
Attempting to get a license for feature 'Synthesis' and/or device 'xc7z020'
INFO: [Common 17-349] Got license for feature 'Synthesis' and/or device 'xc7z020'
INFO: [Device 21-403] Loading part xc7z020clg400-1
INFO: [Synth 8-7079] Multithreading enabled for synth_design using a maximum of 4 processes.
INFO: [Synth 8-7078] Launching helper process for spawning children vivado processes
INFO: [Synth 8-7075] Helper process launched with PID 101771
INFO: [Synth 8-11241] undeclared symbol 'REGCCE', assumed default net type 'wire' [/opt/Xilinx/Vivado/2022.2/data/verilog/src/unimacro/BRAM_SINGLE_MACRO.v:2170]
---------------------------------------------------------------------------------
Starting RTL Elaboration : Time (s): cpu = 00:00:03 ; elapsed = 00:00:03 . Memory (MB): peak = 2449.688 ; gain = 360.766 ; free physical = 49981 ; free virtual = 58161
Synthesis current peak Physical Memory [PSS] (MB): peak = 1879.792; parent = 1667.459; children = 212.333
Synthesis current peak Virtual Memory [VSS] (MB): peak = 3453.469; parent = 2453.660; children = 999.809
---------------------------------------------------------------------------------
INFO: [Synth 8-6157] synthesizing module 'bd_0_hls_inst_0' [/home/nghielme/PycharmProjects/thesis-project/addmul/mul/mul/mul_solution/impl/verilog/project.gen/sources_1/bd/bd_0/ip/bd_0_hls_inst_0/synth/bd_0_hls_inst_0.v:53]
INFO: [Synth 8-6157] synthesizing module 'mul_top' [/home/nghielme/PycharmProjects/thesis-project/addmul/mul/mul/mul_solution/impl/verilog/project.gen/sources_1/bd/bd_0/ipshared/dc96/hdl/verilog/mul_top.v:10]
INFO: [Synth 8-6157] synthesizing module 'mul_top_mul_25s_25s_50_1_1' [/home/nghielme/PycharmProjects/thesis-project/addmul/mul/mul/mul_solution/impl/verilog/project.gen/sources_1/bd/bd_0/ipshared/dc96/hdl/verilog/mul_top_mul_25s_25s_50_1_1.v:9]
INFO: [Synth 8-6155] done synthesizing module 'mul_top_mul_25s_25s_50_1_1' (0#1) [/home/nghielme/PycharmProjects/thesis-project/addmul/mul/mul/mul_solution/impl/verilog/project.gen/sources_1/bd/bd_0/ipshared/dc96/hdl/verilog/mul_top_mul_25s_25s_50_1_1.v:9]
INFO: [Synth 8-6155] done synthesizing module 'mul_top' (0#1) [/home/nghielme/PycharmProjects/thesis-project/addmul/mul/mul/mul_solution/impl/verilog/project.gen/sources_1/bd/bd_0/ipshared/dc96/hdl/verilog/mul_top.v:10]
INFO: [Synth 8-6155] done synthesizing module 'bd_0_hls_inst_0' (0#1) [/home/nghielme/PycharmProjects/thesis-project/addmul/mul/mul/mul_solution/impl/verilog/project.gen/sources_1/bd/bd_0/ip/bd_0_hls_inst_0/synth/bd_0_hls_inst_0.v:53]
WARNING: [Synth 8-7129] Port a[127] in module mul_top is either unconnected or has no load
WARNING: [Synth 8-7129] Port a[126] in module mul_top is either unconnected or has no load
WARNING: [Synth 8-7129] Port a[125] in module mul_top is either unconnected or has no load
WARNING: [Synth 8-7129] Port a[124] in module mul_top is either unconnected or has no load
WARNING: [Synth 8-7129] Port a[123] in module mul_top is either unconnected or has no load
WARNING: [Synth 8-7129] Port a[122] in module mul_top is either unconnected or has no load
WARNING: [Synth 8-7129] Port a[121] in module mul_top is either unconnected or has no load
WARNING: [Synth 8-7129] Port a[120] in module mul_top is either unconnected or has no load
WARNING: [Synth 8-7129] Port a[119] in module mul_top is either unconnected or has no load
WARNING: [Synth 8-7129] Port a[118] in module mul_top is either unconnected or has no load
WARNING: [Synth 8-7129] Port a[117] in module mul_top is either unconnected or has no load
WARNING: [Synth 8-7129] Port a[116] in module mul_top is either unconnected or has no load
WARNING: [Synth 8-7129] Port a[115] in module mul_top is either unconnected or has no load
WARNING: [Synth 8-7129] Port a[114] in module mul_top is either unconnected or has no load
WARNING: [Synth 8-7129] Port a[113] in module mul_top is either unconnected or has no load
WARNING: [Synth 8-7129] Port a[112] in module mul_top is either unconnected or has no load
WARNING: [Synth 8-7129] Port a[111] in module mul_top is either unconnected or has no load
WARNING: [Synth 8-7129] Port a[110] in module mul_top is either unconnected or has no load
WARNING: [Synth 8-7129] Port a[109] in module mul_top is either unconnected or has no load
WARNING: [Synth 8-7129] Port a[108] in module mul_top is either unconnected or has no load
WARNING: [Synth 8-7129] Port a[107] in module mul_top is either unconnected or has no load
WARNING: [Synth 8-7129] Port a[106] in module mul_top is either unconnected or has no load
WARNING: [Synth 8-7129] Port a[105] in module mul_top is either unconnected or has no load
WARNING: [Synth 8-7129] Port a[104] in module mul_top is either unconnected or has no load
WARNING: [Synth 8-7129] Port a[103] in module mul_top is either unconnected or has no load
WARNING: [Synth 8-7129] Port a[102] in module mul_top is either unconnected or has no load
WARNING: [Synth 8-7129] Port a[101] in module mul_top is either unconnected or has no load
WARNING: [Synth 8-7129] Port a[100] in module mul_top is either unconnected or has no load
WARNING: [Synth 8-7129] Port a[99] in module mul_top is either unconnected or has no load
WARNING: [Synth 8-7129] Port a[98] in module mul_top is either unconnected or has no load
WARNING: [Synth 8-7129] Port a[97] in module mul_top is either unconnected or has no load
WARNING: [Synth 8-7129] Port a[96] in module mul_top is either unconnected or has no load
WARNING: [Synth 8-7129] Port a[95] in module mul_top is either unconnected or has no load
WARNING: [Synth 8-7129] Port a[94] in module mul_top is either unconnected or has no load
WARNING: [Synth 8-7129] Port a[93] in module mul_top is either unconnected or has no load
WARNING: [Synth 8-7129] Port a[92] in module mul_top is either unconnected or has no load
WARNING: [Synth 8-7129] Port a[91] in module mul_top is either unconnected or has no load
WARNING: [Synth 8-7129] Port a[90] in module mul_top is either unconnected or has no load
WARNING: [Synth 8-7129] Port a[89] in module mul_top is either unconnected or has no load
WARNING: [Synth 8-7129] Port a[88] in module mul_top is either unconnected or has no load
WARNING: [Synth 8-7129] Port a[87] in module mul_top is either unconnected or has no load
WARNING: [Synth 8-7129] Port a[86] in module mul_top is either unconnected or has no load
WARNING: [Synth 8-7129] Port a[85] in module mul_top is either unconnected or has no load
WARNING: [Synth 8-7129] Port a[84] in module mul_top is either unconnected or has no load
WARNING: [Synth 8-7129] Port a[83] in module mul_top is either unconnected or has no load
WARNING: [Synth 8-7129] Port a[82] in module mul_top is either unconnected or has no load
WARNING: [Synth 8-7129] Port a[81] in module mul_top is either unconnected or has no load
WARNING: [Synth 8-7129] Port a[80] in module mul_top is either unconnected or has no load
WARNING: [Synth 8-7129] Port a[79] in module mul_top is either unconnected or has no load
WARNING: [Synth 8-7129] Port a[78] in module mul_top is either unconnected or has no load
WARNING: [Synth 8-7129] Port a[77] in module mul_top is either unconnected or has no load
WARNING: [Synth 8-7129] Port a[76] in module mul_top is either unconnected or has no load
WARNING: [Synth 8-7129] Port a[75] in module mul_top is either unconnected or has no load
WARNING: [Synth 8-7129] Port a[74] in module mul_top is either unconnected or has no load
WARNING: [Synth 8-7129] Port a[73] in module mul_top is either unconnected or has no load
WARNING: [Synth 8-7129] Port a[72] in module mul_top is either unconnected or has no load
WARNING: [Synth 8-7129] Port a[63] in module mul_top is either unconnected or has no load
WARNING: [Synth 8-7129] Port a[62] in module mul_top is either unconnected or has no load
WARNING: [Synth 8-7129] Port a[61] in module mul_top is either unconnected or has no load
WARNING: [Synth 8-7129] Port a[60] in module mul_top is either unconnected or has no load
WARNING: [Synth 8-7129] Port a[59] in module mul_top is either unconnected or has no load
WARNING: [Synth 8-7129] Port a[58] in module mul_top is either unconnected or has no load
WARNING: [Synth 8-7129] Port a[57] in module mul_top is either unconnected or has no load
WARNING: [Synth 8-7129] Port a[56] in module mul_top is either unconnected or has no load
WARNING: [Synth 8-7129] Port a[55] in module mul_top is either unconnected or has no load
WARNING: [Synth 8-7129] Port a[54] in module mul_top is either unconnected or has no load
WARNING: [Synth 8-7129] Port a[53] in module mul_top is either unconnected or has no load
WARNING: [Synth 8-7129] Port a[52] in module mul_top is either unconnected or has no load
WARNING: [Synth 8-7129] Port a[51] in module mul_top is either unconnected or has no load
WARNING: [Synth 8-7129] Port a[50] in module mul_top is either unconnected or has no load
WARNING: [Synth 8-7129] Port a[49] in module mul_top is either unconnected or has no load
WARNING: [Synth 8-7129] Port a[48] in module mul_top is either unconnected or has no load
WARNING: [Synth 8-7129] Port a[47] in module mul_top is either unconnected or has no load
WARNING: [Synth 8-7129] Port a[46] in module mul_top is either unconnected or has no load
WARNING: [Synth 8-7129] Port a[45] in module mul_top is either unconnected or has no load
WARNING: [Synth 8-7129] Port a[44] in module mul_top is either unconnected or has no load
WARNING: [Synth 8-7129] Port a[43] in module mul_top is either unconnected or has no load
WARNING: [Synth 8-7129] Port a[42] in module mul_top is either unconnected or has no load
WARNING: [Synth 8-7129] Port a[41] in module mul_top is either unconnected or has no load
WARNING: [Synth 8-7129] Port a[40] in module mul_top is either unconnected or has no load
WARNING: [Synth 8-7129] Port a[39] in module mul_top is either unconnected or has no load
WARNING: [Synth 8-7129] Port a[38] in module mul_top is either unconnected or has no load
WARNING: [Synth 8-7129] Port a[37] in module mul_top is either unconnected or has no load
WARNING: [Synth 8-7129] Port a[36] in module mul_top is either unconnected or has no load
WARNING: [Synth 8-7129] Port a[35] in module mul_top is either unconnected or has no load
WARNING: [Synth 8-7129] Port a[34] in module mul_top is either unconnected or has no load
WARNING: [Synth 8-7129] Port a[33] in module mul_top is either unconnected or has no load
WARNING: [Synth 8-7129] Port a[32] in module mul_top is either unconnected or has no load
WARNING: [Synth 8-7129] Port a[31] in module mul_top is either unconnected or has no load
WARNING: [Synth 8-7129] Port a[30] in module mul_top is either unconnected or has no load
WARNING: [Synth 8-7129] Port a[29] in module mul_top is either unconnected or has no load
WARNING: [Synth 8-7129] Port a[28] in module mul_top is either unconnected or has no load
WARNING: [Synth 8-7129] Port a[27] in module mul_top is either unconnected or has no load
WARNING: [Synth 8-7129] Port a[26] in module mul_top is either unconnected or has no load
WARNING: [Synth 8-7129] Port a[25] in module mul_top is either unconnected or has no load
WARNING: [Synth 8-7129] Port b[127] in module mul_top is either unconnected or has no load
WARNING: [Synth 8-7129] Port b[126] in module mul_top is either unconnected or has no load
WARNING: [Synth 8-7129] Port b[125] in module mul_top is either unconnected or has no load
WARNING: [Synth 8-7129] Port b[124] in module mul_top is either unconnected or has no load
WARNING: [Synth 8-7129] Port b[123] in module mul_top is either unconnected or has no load
INFO: [Common 17-14] Message 'Synth 8-7129' appears 100 times and further instances of the messages will be disabled. Use the Tcl command set_msg_config to change the current settings.
---------------------------------------------------------------------------------
Finished RTL Elaboration : Time (s): cpu = 00:00:04 ; elapsed = 00:00:04 . Memory (MB): peak = 2530.594 ; gain = 441.672 ; free physical = 50234 ; free virtual = 58300
Synthesis current peak Physical Memory [PSS] (MB): peak = 1879.792; parent = 1667.459; children = 212.333
Synthesis current peak Virtual Memory [VSS] (MB): peak = 3530.406; parent = 2530.598; children = 999.809
---------------------------------------------------------------------------------
---------------------------------------------------------------------------------
Start Handling Custom Attributes
---------------------------------------------------------------------------------
---------------------------------------------------------------------------------
Finished Handling Custom Attributes : Time (s): cpu = 00:00:04 ; elapsed = 00:00:04 . Memory (MB): peak = 2548.406 ; gain = 459.484 ; free physical = 50234 ; free virtual = 58300
Synthesis current peak Physical Memory [PSS] (MB): peak = 1879.792; parent = 1667.459; children = 212.333
Synthesis current peak Virtual Memory [VSS] (MB): peak = 3548.219; parent = 2548.410; children = 999.809
---------------------------------------------------------------------------------
---------------------------------------------------------------------------------
Finished RTL Optimization Phase 1 : Time (s): cpu = 00:00:04 ; elapsed = 00:00:04 . Memory (MB): peak = 2548.406 ; gain = 459.484 ; free physical = 50234 ; free virtual = 58300
Synthesis current peak Physical Memory [PSS] (MB): peak = 1879.792; parent = 1667.459; children = 212.333
Synthesis current peak Virtual Memory [VSS] (MB): peak = 3548.219; parent = 2548.410; children = 999.809
---------------------------------------------------------------------------------
Netlist sorting complete. Time (s): cpu = 00:00:00 ; elapsed = 00:00:00 . Memory (MB): peak = 2548.406 ; gain = 0.000 ; free physical = 50277 ; free virtual = 58342
INFO: [Project 1-570] Preparing netlist for logic optimization

Processing XDC Constraints
Initializing timing engine
Parsing XDC File [/home/nghielme/PycharmProjects/thesis-project/addmul/mul/mul/mul_solution/impl/verilog/project.gen/sources_1/bd/bd_0/ip/bd_0_hls_inst_0/constraints/mul_top_ooc.xdc] for cell 'inst'
Finished Parsing XDC File [/home/nghielme/PycharmProjects/thesis-project/addmul/mul/mul/mul_solution/impl/verilog/project.gen/sources_1/bd/bd_0/ip/bd_0_hls_inst_0/constraints/mul_top_ooc.xdc] for cell 'inst'
Parsing XDC File [/home/nghielme/PycharmProjects/thesis-project/addmul/mul/mul/mul_solution/impl/verilog/project.runs/bd_0_hls_inst_0_synth_1/dont_touch.xdc]
Finished Parsing XDC File [/home/nghielme/PycharmProjects/thesis-project/addmul/mul/mul/mul_solution/impl/verilog/project.runs/bd_0_hls_inst_0_synth_1/dont_touch.xdc]
Completed Processing XDC Constraints

Netlist sorting complete. Time (s): cpu = 00:00:00 ; elapsed = 00:00:00 . Memory (MB): peak = 2683.188 ; gain = 0.000 ; free physical = 50063 ; free virtual = 58186
INFO: [Project 1-111] Unisim Transformation Summary:
No Unisim elements were transformed.

Constraint Validation Runtime : Time (s): cpu = 00:00:00.02 ; elapsed = 00:00:00.01 . Memory (MB): peak = 2683.188 ; gain = 0.000 ; free physical = 50063 ; free virtual = 58186
INFO: [Designutils 20-5008] Incremental synthesis strategy off
INFO: [Synth 8-11241] undeclared symbol 'REGCCE', assumed default net type 'wire' [/opt/Xilinx/Vivado/2022.2/data/verilog/src/unimacro/BRAM_SINGLE_MACRO.v:2170]
---------------------------------------------------------------------------------
Finished Constraint Validation : Time (s): cpu = 00:00:08 ; elapsed = 00:00:09 . Memory (MB): peak = 2683.188 ; gain = 594.266 ; free physical = 50002 ; free virtual = 58184
Synthesis current peak Physical Memory [PSS] (MB): peak = 1879.792; parent = 1667.459; children = 212.333
Synthesis current peak Virtual Memory [VSS] (MB): peak = 3650.984; parent = 2651.176; children = 999.809
---------------------------------------------------------------------------------
---------------------------------------------------------------------------------
Start Loading Part and Timing Information
---------------------------------------------------------------------------------
Loading part: xc7z020clg400-1
---------------------------------------------------------------------------------
Finished Loading Part and Timing Information : Time (s): cpu = 00:00:08 ; elapsed = 00:00:09 . Memory (MB): peak = 2683.188 ; gain = 594.266 ; free physical = 50002 ; free virtual = 58184
Synthesis current peak Physical Memory [PSS] (MB): peak = 1879.792; parent = 1667.459; children = 212.333
Synthesis current peak Virtual Memory [VSS] (MB): peak = 3650.984; parent = 2651.176; children = 999.809
---------------------------------------------------------------------------------
---------------------------------------------------------------------------------
Start Applying 'set_property' XDC Constraints
---------------------------------------------------------------------------------
Applied set_property KEEP_HIERARCHY = SOFT for inst. (constraint file  /home/nghielme/PycharmProjects/thesis-project/addmul/mul/mul/mul_solution/impl/verilog/project.runs/bd_0_hls_inst_0_synth_1/dont_touch.xdc, line 9).
---------------------------------------------------------------------------------
Finished applying 'set_property' XDC Constraints : Time (s): cpu = 00:00:08 ; elapsed = 00:00:09 . Memory (MB): peak = 2683.188 ; gain = 594.266 ; free physical = 50002 ; free virtual = 58184
Synthesis current peak Physical Memory [PSS] (MB): peak = 1879.792; parent = 1667.459; children = 212.333
Synthesis current peak Virtual Memory [VSS] (MB): peak = 3650.984; parent = 2651.176; children = 999.809
---------------------------------------------------------------------------------
---------------------------------------------------------------------------------
Finished RTL Optimization Phase 2 : Time (s): cpu = 00:00:09 ; elapsed = 00:00:09 . Memory (MB): peak = 2683.188 ; gain = 594.266 ; free physical = 49993 ; free virtual = 58175
Synthesis current peak Physical Memory [PSS] (MB): peak = 1879.792; parent = 1667.459; children = 212.333
Synthesis current peak Virtual Memory [VSS] (MB): peak = 3650.984; parent = 2651.176; children = 999.809
---------------------------------------------------------------------------------
---------------------------------------------------------------------------------
Start RTL Component Statistics 
---------------------------------------------------------------------------------
Detailed RTL Component Info : 
+---Adders : 
	   2 Input   32 Bit       Adders := 1     
	   2 Input   31 Bit       Adders := 1     
	   2 Input   10 Bit       Adders := 2     
	   2 Input    9 Bit       Adders := 1     
	   2 Input    6 Bit       Adders := 1     
+---XORs : 
	   2 Input      8 Bit         XORs := 1     
	   2 Input      1 Bit         XORs := 4     
+---Muxes : 
	   2 Input   25 Bit        Muxes := 1     
	   3 Input   25 Bit        Muxes := 1     
	   2 Input    9 Bit        Muxes := 1     
	   3 Input    8 Bit        Muxes := 1     
	   2 Input    1 Bit        Muxes := 2     
---------------------------------------------------------------------------------
Finished RTL Component Statistics 
---------------------------------------------------------------------------------
---------------------------------------------------------------------------------
Start Part Resource Summary
---------------------------------------------------------------------------------
Part Resources:
DSPs: 220 (col length:60)
BRAMs: 280 (col length: RAMB18 60 RAMB36 30)
---------------------------------------------------------------------------------
Finished Part Resource Summary
---------------------------------------------------------------------------------
---------------------------------------------------------------------------------
Start Cross Boundary and Area Optimization
---------------------------------------------------------------------------------
WARNING: [Synth 8-7080] Parallel synthesis criteria is not met
DSP Report: Generating DSP mul_25s_25s_50_1_1_U1/dout, operation Mode is: A*B.
DSP Report: operator mul_25s_25s_50_1_1_U1/dout is absorbed into DSP mul_25s_25s_50_1_1_U1/dout.
DSP Report: operator mul_25s_25s_50_1_1_U1/dout is absorbed into DSP mul_25s_25s_50_1_1_U1/dout.
DSP Report: Generating DSP mul_25s_25s_50_1_1_U1/dout, operation Mode is: (PCIN>>17)+A*B.
DSP Report: operator mul_25s_25s_50_1_1_U1/dout is absorbed into DSP mul_25s_25s_50_1_1_U1/dout.
DSP Report: operator mul_25s_25s_50_1_1_U1/dout is absorbed into DSP mul_25s_25s_50_1_1_U1/dout.
---------------------------------------------------------------------------------
Finished Cross Boundary and Area Optimization : Time (s): cpu = 00:00:13 ; elapsed = 00:00:14 . Memory (MB): peak = 2683.188 ; gain = 594.266 ; free physical = 50410 ; free virtual = 58363
Synthesis current peak Physical Memory [PSS] (MB): peak = 1879.792; parent = 1667.459; children = 212.333
Synthesis current peak Virtual Memory [VSS] (MB): peak = 3650.984; parent = 2651.176; children = 999.809
---------------------------------------------------------------------------------
---------------------------------------------------------------------------------
Start ROM, RAM, DSP, Shift Register and Retiming Reporting
---------------------------------------------------------------------------------

DSP: Preliminary Mapping Report (see note below. The ' indicates corresponding REG is set)
+---------------------------+----------------+--------+--------+--------+--------+--------+------+------+------+------+-------+------+------+
|Module Name                | DSP Mapping    | A Size | B Size | C Size | D Size | P Size | AREG | BREG | CREG | DREG | ADREG | MREG | PREG | 
+---------------------------+----------------+--------+--------+--------+--------+--------+------+------+------+------+-------+------+------+
|mul_top_mul_25s_25s_50_1_1 | A*B            | 25     | 18     | -      | -      | 48     | 0    | 0    | -    | -    | -     | 0    | 0    | 
|mul_top_mul_25s_25s_50_1_1 | (PCIN>>17)+A*B | 25     | 8      | -      | -      | 33     | 0    | 0    | -    | -    | -     | 0    | 0    | 
+---------------------------+----------------+--------+--------+--------+--------+--------+------+------+------+------+-------+------+------+

Note: The table above is a preliminary report that shows the DSPs inferred at the current stage of the synthesis flow. Some DSP may be reimplemented as non DSP primitives later in the synthesis flow. Multiple instantiated DSPs are reported only once.
---------------------------------------------------------------------------------
Finished ROM, RAM, DSP, Shift Register and Retiming Reporting
---------------------------------------------------------------------------------
---------------------------------------------------------------------------------
Start Applying XDC Timing Constraints
---------------------------------------------------------------------------------
---------------------------------------------------------------------------------
Finished Applying XDC Timing Constraints : Time (s): cpu = 00:00:17 ; elapsed = 00:00:18 . Memory (MB): peak = 2683.188 ; gain = 594.266 ; free physical = 50072 ; free virtual = 58143
Synthesis current peak Physical Memory [PSS] (MB): peak = 2008.636; parent = 1797.248; children = 212.333
Synthesis current peak Virtual Memory [VSS] (MB): peak = 3650.984; parent = 2651.176; children = 999.809
---------------------------------------------------------------------------------
---------------------------------------------------------------------------------
Start Timing Optimization
---------------------------------------------------------------------------------
---------------------------------------------------------------------------------
Finished Timing Optimization : Time (s): cpu = 00:00:17 ; elapsed = 00:00:18 . Memory (MB): peak = 2683.188 ; gain = 594.266 ; free physical = 50072 ; free virtual = 58143
Synthesis current peak Physical Memory [PSS] (MB): peak = 2008.823; parent = 1797.436; children = 212.333
Synthesis current peak Virtual Memory [VSS] (MB): peak = 3650.984; parent = 2651.176; children = 999.809
---------------------------------------------------------------------------------
---------------------------------------------------------------------------------
Start Technology Mapping
---------------------------------------------------------------------------------
---------------------------------------------------------------------------------
Finished Technology Mapping : Time (s): cpu = 00:00:17 ; elapsed = 00:00:18 . Memory (MB): peak = 2683.188 ; gain = 594.266 ; free physical = 50070 ; free virtual = 58142
Synthesis current peak Physical Memory [PSS] (MB): peak = 2009.862; parent = 1798.475; children = 212.333
Synthesis current peak Virtual Memory [VSS] (MB): peak = 3650.984; parent = 2651.176; children = 999.809
---------------------------------------------------------------------------------
---------------------------------------------------------------------------------
Start IO Insertion
---------------------------------------------------------------------------------
---------------------------------------------------------------------------------
Start Flattening Before IO Insertion
---------------------------------------------------------------------------------
---------------------------------------------------------------------------------
Finished Flattening Before IO Insertion
---------------------------------------------------------------------------------
---------------------------------------------------------------------------------
Start Final Netlist Cleanup
---------------------------------------------------------------------------------
---------------------------------------------------------------------------------
Finished Final Netlist Cleanup
---------------------------------------------------------------------------------
---------------------------------------------------------------------------------
Finished IO Insertion : Time (s): cpu = 00:00:20 ; elapsed = 00:00:21 . Memory (MB): peak = 2683.188 ; gain = 594.266 ; free physical = 50085 ; free virtual = 58157
Synthesis current peak Physical Memory [PSS] (MB): peak = 2010.589; parent = 1799.205; children = 212.333
Synthesis current peak Virtual Memory [VSS] (MB): peak = 3650.984; parent = 2651.176; children = 999.809
---------------------------------------------------------------------------------
---------------------------------------------------------------------------------
Start Renaming Generated Instances
---------------------------------------------------------------------------------
---------------------------------------------------------------------------------
Finished Renaming Generated Instances : Time (s): cpu = 00:00:20 ; elapsed = 00:00:21 . Memory (MB): peak = 2683.188 ; gain = 594.266 ; free physical = 50085 ; free virtual = 58157
Synthesis current peak Physical Memory [PSS] (MB): peak = 2010.651; parent = 1799.268; children = 212.333
Synthesis current peak Virtual Memory [VSS] (MB): peak = 3650.984; parent = 2651.176; children = 999.809
---------------------------------------------------------------------------------
---------------------------------------------------------------------------------
Start Rebuilding User Hierarchy
---------------------------------------------------------------------------------
---------------------------------------------------------------------------------
Finished Rebuilding User Hierarchy : Time (s): cpu = 00:00:20 ; elapsed = 00:00:21 . Memory (MB): peak = 2683.188 ; gain = 594.266 ; free physical = 50085 ; free virtual = 58157
Synthesis current peak Physical Memory [PSS] (MB): peak = 2011.183; parent = 1799.799; children = 212.333
Synthesis current peak Virtual Memory [VSS] (MB): peak = 3650.984; parent = 2651.176; children = 999.809
---------------------------------------------------------------------------------
---------------------------------------------------------------------------------
Start Renaming Generated Ports
---------------------------------------------------------------------------------
---------------------------------------------------------------------------------
Finished Renaming Generated Ports : Time (s): cpu = 00:00:20 ; elapsed = 00:00:21 . Memory (MB): peak = 2683.188 ; gain = 594.266 ; free physical = 50085 ; free virtual = 58157
Synthesis current peak Physical Memory [PSS] (MB): peak = 2011.198; parent = 1799.814; children = 212.333
Synthesis current peak Virtual Memory [VSS] (MB): peak = 3650.984; parent = 2651.176; children = 999.809
---------------------------------------------------------------------------------
---------------------------------------------------------------------------------
Start Handling Custom Attributes
---------------------------------------------------------------------------------
---------------------------------------------------------------------------------
Finished Handling Custom Attributes : Time (s): cpu = 00:00:20 ; elapsed = 00:00:21 . Memory (MB): peak = 2683.188 ; gain = 594.266 ; free physical = 50087 ; free virtual = 58158
Synthesis current peak Physical Memory [PSS] (MB): peak = 2011.198; parent = 1799.814; children = 212.333
Synthesis current peak Virtual Memory [VSS] (MB): peak = 3650.984; parent = 2651.176; children = 999.809
---------------------------------------------------------------------------------
---------------------------------------------------------------------------------
Start Renaming Generated Nets
---------------------------------------------------------------------------------
---------------------------------------------------------------------------------
Finished Renaming Generated Nets : Time (s): cpu = 00:00:20 ; elapsed = 00:00:21 . Memory (MB): peak = 2683.188 ; gain = 594.266 ; free physical = 50087 ; free virtual = 58158
Synthesis current peak Physical Memory [PSS] (MB): peak = 2011.229; parent = 1799.846; children = 212.333
Synthesis current peak Virtual Memory [VSS] (MB): peak = 3650.984; parent = 2651.176; children = 999.809
---------------------------------------------------------------------------------
---------------------------------------------------------------------------------
Start Writing Synthesis Report
---------------------------------------------------------------------------------

DSP Final Report (the ' indicates corresponding REG is set)
+---------------------------+--------------+--------+--------+--------+--------+--------+------+------+------+------+-------+------+------+
|Module Name                | DSP Mapping  | A Size | B Size | C Size | D Size | P Size | AREG | BREG | CREG | DREG | ADREG | MREG | PREG | 
+---------------------------+--------------+--------+--------+--------+--------+--------+------+------+------+------+-------+------+------+
|mul_top_mul_25s_25s_50_1_1 | A*B          | 30     | 17     | -      | -      | 48     | 0    | 0    | -    | -    | -     | 0    | 0    | 
|mul_top_mul_25s_25s_50_1_1 | PCIN>>17+A*B | 30     | 18     | -      | -      | 33     | 0    | 0    | -    | -    | -     | 0    | 0    | 
+---------------------------+--------------+--------+--------+--------+--------+--------+------+------+------+------+-------+------+------+


Report BlackBoxes: 
+-+--------------+----------+
| |BlackBox name |Instances |
+-+--------------+----------+
+-+--------------+----------+

Report Cell Usage: 
+------+--------+------+
|      |Cell    |Count |
+------+--------+------+
|1     |CARRY4  |     3|
|2     |DSP48E1 |     2|
|3     |LUT1    |     1|
|4     |LUT2    |     8|
|5     |LUT3    |     2|
|6     |LUT4    |     5|
|7     |LUT5    |    39|
|8     |LUT6    |   160|
|9     |MUXF7   |    43|
+------+--------+------+
---------------------------------------------------------------------------------
Finished Writing Synthesis Report : Time (s): cpu = 00:00:20 ; elapsed = 00:00:21 . Memory (MB): peak = 2683.188 ; gain = 594.266 ; free physical = 50087 ; free virtual = 58158
Synthesis current peak Physical Memory [PSS] (MB): peak = 2011.245; parent = 1799.861; children = 212.333
Synthesis current peak Virtual Memory [VSS] (MB): peak = 3650.984; parent = 2651.176; children = 999.809
---------------------------------------------------------------------------------
Synthesis finished with 0 errors, 0 critical warnings and 191 warnings.
Synthesis Optimization Runtime : Time (s): cpu = 00:00:19 ; elapsed = 00:00:20 . Memory (MB): peak = 2683.188 ; gain = 459.484 ; free physical = 50385 ; free virtual = 58337
Synthesis Optimization Complete : Time (s): cpu = 00:00:21 ; elapsed = 00:00:21 . Memory (MB): peak = 2683.188 ; gain = 594.266 ; free physical = 50385 ; free virtual = 58337
INFO: [Project 1-571] Translating synthesized netlist
Netlist sorting complete. Time (s): cpu = 00:00:00 ; elapsed = 00:00:00 . Memory (MB): peak = 2683.188 ; gain = 0.000 ; free physical = 50489 ; free virtual = 58442
INFO: [Netlist 29-17] Analyzing 48 Unisim elements for replacement
INFO: [Netlist 29-28] Unisim Transformation completed in 0 CPU seconds
INFO: [Project 1-570] Preparing netlist for logic optimization
INFO: [Opt 31-138] Pushed 0 inverter(s) to 0 load pin(s).
Netlist sorting complete. Time (s): cpu = 00:00:00 ; elapsed = 00:00:00 . Memory (MB): peak = 2683.188 ; gain = 0.000 ; free physical = 50285 ; free virtual = 58302
INFO: [Project 1-111] Unisim Transformation Summary:
No Unisim elements were transformed.

Synth Design complete, checksum: dd33b5f9
INFO: [Common 17-83] Releasing license: Synthesis
28 Infos, 101 Warnings, 0 Critical Warnings and 0 Errors encountered.
synth_design completed successfully
synth_design: Time (s): cpu = 00:00:26 ; elapsed = 00:00:25 . Memory (MB): peak = 2683.188 ; gain = 926.859 ; free physical = 50438 ; free virtual = 58485
INFO: [Common 17-1381] The checkpoint '/home/nghielme/PycharmProjects/thesis-project/addmul/mul/mul/mul_solution/impl/verilog/project.runs/bd_0_hls_inst_0_synth_1/bd_0_hls_inst_0.dcp' has been generated.
INFO: [Coretcl 2-1648] Added synthesis output to IP cache for IP bd_0_hls_inst_0, cache-ID = 473697a8177cdfbc
INFO: [Coretcl 2-1174] Renamed 2 cell refs.
INFO: [Common 17-1381] The checkpoint '/home/nghielme/PycharmProjects/thesis-project/addmul/mul/mul/mul_solution/impl/verilog/project.runs/bd_0_hls_inst_0_synth_1/bd_0_hls_inst_0.dcp' has been generated.
INFO: [runtcl-4] Executing : report_utilization -file bd_0_hls_inst_0_utilization_synth.rpt -pb bd_0_hls_inst_0_utilization_synth.pb
INFO: [Common 17-206] Exiting Vivado at Tue Mar 28 11:48:55 2023...
