

================================================================
== Vitis HLS Report for 'add_fixed_top'
================================================================
* Date:           Tue Mar 28 15:09:35 2023

* Version:        2022.2 (Build 3670227 on Oct 13 2022)
* Project:        add_fixed_xilinx
* Solution:       add_fixed_xilinx_solution (Vivado IP Flow Target)
* Product family: zynq
* Target device:  xc7z020-clg400-1


================================================================
== Performance Estimates
================================================================
+ Timing: 
    * Summary: 
    +--------+----------+-----------+------------+
    |  Clock |  Target  | Estimated | Uncertainty|
    +--------+----------+-----------+------------+
    |ap_clk  |  50.00 ns|  33.354 ns|    13.50 ns|
    +--------+----------+-----------+------------+

+ Latency: 
    * Summary: 
    +---------+---------+-----------+-----------+-----+-----+---------+
    |  Latency (cycles) |   Latency (absolute)  |  Interval | Pipeline|
    |   min   |   max   |    min    |    max    | min | max |   Type  |
    +---------+---------+-----------+-----------+-----+-----+---------+
    |        1|        1|  50.000 ns|  50.000 ns|    2|    2|       no|
    +---------+---------+-----------+-----------+-----+-----+---------+

    + Detail: 
        * Instance: 
        N/A

        * Loop: 
        N/A



================================================================
== Utilization Estimates
================================================================
* Summary: 
+-----------------+---------+-----+--------+-------+-----+
|       Name      | BRAM_18K| DSP |   FF   |  LUT  | URAM|
+-----------------+---------+-----+--------+-------+-----+
|DSP              |        -|    -|       -|      -|    -|
|Expression       |        -|    -|       0|   1039|    -|
|FIFO             |        -|    -|       -|      -|    -|
|Instance         |        -|    -|       -|      -|    -|
|Memory           |        -|    -|       -|      -|    -|
|Multiplexer      |        -|    -|       -|     14|    -|
|Register         |        -|    -|     309|      -|    -|
+-----------------+---------+-----+--------+-------+-----+
|Total            |        0|    0|     309|   1053|    0|
+-----------------+---------+-----+--------+-------+-----+
|Available        |      280|  220|  106400|  53200|    0|
+-----------------+---------+-----+--------+-------+-----+
|Utilization (%)  |        0|    0|      ~0|      1|    0|
+-----------------+---------+-----+--------+-------+-----+

+ Detail: 
    * Instance: 
    N/A

    * DSP: 
    N/A

    * Memory: 
    N/A

    * FIFO: 
    N/A

    * Expression: 
    +-------------------------+----------+----+---+----+------------+------------+
    |      Variable Name      | Operation| DSP| FF| LUT| Bitwidth P0| Bitwidth P1|
    +-------------------------+----------+----+---+----+------------+------------+
    |add_ln1334_10_fu_373_p2  |         +|   0|  0|  33|          33|          33|
    |add_ln1334_12_fu_391_p2  |         +|   0|  0|  32|          32|          32|
    |add_ln1334_13_fu_385_p2  |         +|   0|  0|  32|          32|          32|
    |add_ln1334_14_fu_421_p2  |         +|   0|  0|  33|          33|          33|
    |add_ln1334_16_fu_439_p2  |         +|   0|  0|  32|          32|          32|
    |add_ln1334_17_fu_433_p2  |         +|   0|  0|  32|          32|          32|
    |add_ln1334_18_fu_469_p2  |         +|   0|  0|  33|          33|          33|
    |add_ln1334_20_fu_487_p2  |         +|   0|  0|  32|          32|          32|
    |add_ln1334_21_fu_481_p2  |         +|   0|  0|  32|          32|          32|
    |add_ln1334_22_fu_517_p2  |         +|   0|  0|  33|          33|          33|
    |add_ln1334_24_fu_535_p2  |         +|   0|  0|  32|          32|          32|
    |add_ln1334_25_fu_529_p2  |         +|   0|  0|  32|          32|          32|
    |add_ln1334_26_fu_565_p2  |         +|   0|  0|  33|          33|          33|
    |add_ln1334_28_fu_583_p2  |         +|   0|  0|  32|          32|          32|
    |add_ln1334_29_fu_577_p2  |         +|   0|  0|  32|          32|          32|
    |add_ln1334_2_fu_277_p2   |         +|   0|  0|  33|          33|          33|
    |add_ln1334_4_fu_295_p2   |         +|   0|  0|  32|          32|          32|
    |add_ln1334_5_fu_289_p2   |         +|   0|  0|  32|          32|          32|
    |add_ln1334_6_fu_325_p2   |         +|   0|  0|  33|          33|          33|
    |add_ln1334_8_fu_343_p2   |         +|   0|  0|  32|          32|          32|
    |add_ln1334_9_fu_337_p2   |         +|   0|  0|  32|          32|          32|
    |add_ln1334_fu_247_p2     |         +|   0|  0|  39|          32|          32|
    |add_ln479_1_fu_620_p2    |         +|   0|  0|  25|          25|          25|
    |add_ln479_fu_625_p2      |         +|   0|  0|  25|          25|          25|
    |l_10_fu_475_p2           |         +|   0|  0|  33|          33|          33|
    |l_12_fu_523_p2           |         +|   0|  0|  33|          33|          33|
    |l_14_fu_571_p2           |         +|   0|  0|  33|          33|          33|
    |l_2_fu_283_p2            |         +|   0|  0|  33|          33|          33|
    |l_4_fu_331_p2            |         +|   0|  0|  33|          33|          33|
    |l_6_fu_379_p2            |         +|   0|  0|  33|          33|          33|
    |l_8_fu_427_p2            |         +|   0|  0|  33|          33|          33|
    |l_fu_241_p2              |         +|   0|  0|  40|          33|          33|
    +-------------------------+----------+----+---+----+------------+------------+
    |Total                    |          |   0|  0|1039|        1025|        1025|
    +-------------------------+----------+----+---+----+------------+------------+

    * Multiplexer: 
    +-----------+----+-----------+-----+-----------+
    |    Name   | LUT| Input Size| Bits| Total Bits|
    +-----------+----+-----------+-----+-----------+
    |ap_NS_fsm  |  14|          3|    1|          3|
    +-----------+----+-----------+-----+-----------+
    |Total      |  14|          3|    1|          3|
    +-----------+----+-----------+-----+-----------+

    * Register: 
    +------------------------+----+----+-----+-----------+
    |          Name          | FF | LUT| Bits| Const Bits|
    +------------------------+----+----+-----+-----------+
    |add_ln1334_12_reg_668   |  32|   0|   32|          0|
    |add_ln1334_16_reg_673   |  32|   0|   32|          0|
    |add_ln1334_20_reg_678   |  32|   0|   32|          0|
    |add_ln1334_24_reg_683   |  32|   0|   32|          0|
    |add_ln1334_28_reg_688   |  32|   0|   32|          0|
    |add_ln1334_4_reg_658    |  32|   0|   32|          0|
    |add_ln1334_8_reg_663    |  32|   0|   32|          0|
    |add_ln1334_reg_653      |  32|   0|   32|          0|
    |ap_CS_fsm               |   2|   0|    2|          0|
    |tmp_reg_693             |   1|   0|    1|          0|
    |trunc_ln1309_1_reg_698  |  25|   0|   25|          0|
    |trunc_ln1309_2_reg_703  |  25|   0|   25|          0|
    +------------------------+----+----+-----+-----------+
    |Total                   | 309|   0|  309|          0|
    +------------------------+----+----+-----+-----------+



================================================================
== Interface
================================================================
* Summary: 
+------------+-----+-----+------------+---------------+--------------+
|  RTL Ports | Dir | Bits|  Protocol  | Source Object |    C Type    |
+------------+-----+-----+------------+---------------+--------------+
|ap_clk      |   in|    1|  ap_ctrl_hs|  add_fixed_top|  return value|
|ap_rst      |   in|    1|  ap_ctrl_hs|  add_fixed_top|  return value|
|ap_start    |   in|    1|  ap_ctrl_hs|  add_fixed_top|  return value|
|ap_done     |  out|    1|  ap_ctrl_hs|  add_fixed_top|  return value|
|ap_idle     |  out|    1|  ap_ctrl_hs|  add_fixed_top|  return value|
|ap_ready    |  out|    1|  ap_ctrl_hs|  add_fixed_top|  return value|
|a           |   in|  320|     ap_none|              a|       pointer|
|b           |   in|  320|     ap_none|              b|       pointer|
|res         |  out|  320|      ap_vld|            res|       pointer|
|res_ap_vld  |  out|    1|      ap_vld|            res|       pointer|
+------------+-----+-----+------------+---------------+--------------+

