

================================================================
== Synthesis Summary Report of 'add_fixed_top'
================================================================
+ General Information: 
    * Date:           Tue Mar 28 15:09:35 2023
    * Version:        2022.2 (Build 3670227 on Oct 13 2022)
    * Project:        add_fixed_xilinx
    * Solution:       add_fixed_xilinx_solution (Vivado IP Flow Target)
    * Product family: zynq
    * Target device:  xc7z020-clg400-1
    

+ Performance & Resource Estimates: 
    
    PS: '+' for module; 'o' for loop; '*' for dataflow
    +-----------------+------+------+---------+--------+----------+---------+------+----------+------+----+-----------+-----------+-----+
    |     Modules     | Issue|      | Latency | Latency| Iteration|         | Trip |          |      |    |           |           |     |
    |     & Loops     | Type | Slack| (cycles)|  (ns)  |  Latency | Interval| Count| Pipelined| BRAM | DSP|     FF    |    LUT    | URAM|
    +-----------------+------+------+---------+--------+----------+---------+------+----------+------+----+-----------+-----------+-----+
    |+ add_fixed_top  |     -|  3.15|        1|  50.000|         -|        2|     -|        no|     -|   -|  309 (~0%)|  1053 (1%)|    -|
    +-----------------+------+------+---------+--------+----------+---------+------+----------+------+----+-----------+-----------+-----+


================================================================
== HW Interfaces
================================================================
* Other Ports
+-----------+---------+----------+
| Interface | Mode    | Bitwidth |
+-----------+---------+----------+
| a         | ap_none | 320      |
| b         | ap_none | 320      |
| res       | ap_vld  | 320      |
+-----------+---------+----------+

* TOP LEVEL CONTROL
+-----------+------------+-----------------------------------+
| Interface | Type       | Ports                             |
+-----------+------------+-----------------------------------+
| ap_clk    | clock      | ap_clk                            |
| ap_rst    | reset      | ap_rst                            |
| ap_ctrl   | ap_ctrl_hs | ap_done ap_idle ap_ready ap_start |
+-----------+------------+-----------------------------------+


================================================================
== SW I/O Information
================================================================
* Top Function Arguments
+----------+-----------+---------------------------------------------------+
| Argument | Direction | Datatype                                          |
+----------+-----------+---------------------------------------------------+
| a        | in        | ac_fixed<281, 127, true, AC_TRN, AC_WRAP> const & |
| b        | in        | ac_fixed<281, 127, true, AC_TRN, AC_WRAP> const & |
| res      | out       | ac_fixed<281, 127, true, AC_TRN, AC_WRAP>&        |
+----------+-----------+---------------------------------------------------+

* SW-to-HW Mapping
+----------+--------------+---------+
| Argument | HW Interface | HW Type |
+----------+--------------+---------+
| a        | a            | port    |
| b        | b            | port    |
| res      | res          | port    |
| res      | res_ap_vld   | port    |
+----------+--------------+---------+


================================================================
== Bind Op Report
================================================================
+------------------------+-----+--------+------------+-----+--------+---------+
| Name                   | DSP | Pragma | Variable   | Op  | Impl   | Latency |
+------------------------+-----+--------+------------+-----+--------+---------+
| + add_fixed_top        | 0   |        |            |     |        |         |
|   l_fu_241_p2          | -   |        | l          | add | fabric | 0       |
|   add_ln1334_fu_247_p2 | -   |        | add_ln1334 | add | fabric | 0       |
+------------------------+-----+--------+------------+-----+--------+---------+


================================================================
== Bind Storage Report
================================================================
  No bind storage info in design

================================================================
== Pragma Report
================================================================
* Pragmas with Warnings
+--------+---------+--------------------------------------------------------------+---------------------------------------------------------------------------------------------------------------------------------------------------------------------------------------------------------------------------------------------------------+
| Type   | Options | Location                                                     | Messages                                                                                                                                                                                                                                                |
+--------+---------+--------------------------------------------------------------+---------------------------------------------------------------------------------------------------------------------------------------------------------------------------------------------------------------------------------------------------------+
| unroll |         | ../ac_types/include/ac_int.h:376 in ldexpr32                 | self-comparison always evaluates to true                                                                                                                                                                                                                |
| unroll |         | ../ac_types/include/ac_int.h:380 in ldexpr32                 | self-comparison always evaluates to true                                                                                                                                                                                                                |
| unroll |         | ../ac_types/include/ac_int.h:422 in ldexpr32                 | self-comparison always evaluates to true                                                                                                                                                                                                                |
| unroll |         | ../ac_types/include/ac_int.h:426 in ldexpr32                 | self-comparison always evaluates to true                                                                                                                                                                                                                |
| unroll |         | ../ac_types/include/ac_int.h:488 in assign_int64             | self-comparison always evaluates to true                                                                                                                                                                                                                |
|        |         |                                                              | self-comparison always evaluates to true                                                                                                                                                                                                                |
| unroll |         | ../ac_types/include/ac_int.h:498 in assign_uint64            | self-comparison always evaluates to true                                                                                                                                                                                                                |
| unroll |         | ../ac_types/include/ac_int.h:521 in iv_base<n, c>            | self-comparison always evaluates to true                                                                                                                                                                                                                |
| unroll |         | ../ac_types/include/ac_int.h:523 in iv_base<n, c>            | self-comparison always evaluates to true                                                                                                                                                                                                                |
| unroll |         | ../ac_types/include/ac_int.h:550 in assign_int64             | self-comparison always evaluates to true                                                                                                                                                                                                                |
|        |         |                                                              | self-comparison always evaluates to true                                                                                                                                                                                                                |
| unroll |         | ../ac_types/include/ac_int.h:560 in assign_uint64            | self-comparison always evaluates to true                                                                                                                                                                                                                |
| unroll |         | ../ac_types/include/ac_int.h:593 in iv_base<n, true>         | self-comparison always evaluates to true                                                                                                                                                                                                                |
| unroll |         | ../ac_types/include/ac_int.h:595 in iv_base<n, true>         | self-comparison always evaluates to true                                                                                                                                                                                                                |
| unroll |         | ../ac_types/include/ac_int.h:1024 in iv_copy                 | self-comparison always evaluates to true                                                                                                                                                                                                                |
|        |         |                                                              | self-comparison always evaluates to true                                                                                                                                                                                                                |
| unroll |         | ../ac_types/include/ac_int.h:1034 in iv_equal_zero           | self-comparison always evaluates to true                                                                                                                                                                                                                |
|        |         |                                                              | self-comparison always evaluates to true                                                                                                                                                                                                                |
| unroll |         | ../ac_types/include/ac_int.h:1045 in iv_equal_ones           | self-comparison always evaluates to true                                                                                                                                                                                                                |
|        |         |                                                              | self-comparison always evaluates to true                                                                                                                                                                                                                |
| unroll |         | ../ac_types/include/ac_int.h:1063 in iv_equal                | self-comparison always evaluates to true                                                                                                                                                                                                                |
|        |         |                                                              | self-comparison always evaluates to true                                                                                                                                                                                                                |
| unroll |         | ../ac_types/include/ac_int.h:1070 in iv_equal                | self-comparison always evaluates to true                                                                                                                                                                                                                |
|        |         |                                                              | self-comparison always evaluates to true                                                                                                                                                                                                                |
| unroll |         | ../ac_types/include/ac_int.h:1128 in iv_compare              | self-comparison always evaluates to true                                                                                                                                                                                                                |
|        |         |                                                              | self-comparison always evaluates to true                                                                                                                                                                                                                |
| unroll |         | ../ac_types/include/ac_int.h:1145 in iv_compare              | self-comparison always evaluates to true                                                                                                                                                                                                                |
|        |         |                                                              | self-comparison always evaluates to true                                                                                                                                                                                                                |
| unroll |         | ../ac_types/include/ac_int.h:1168 in iv_extend               | self-comparison always evaluates to true                                                                                                                                                                                                                |
| unroll |         | ../ac_types/include/ac_int.h:1236 in iv_mult                 | self-comparison always evaluates to true                                                                                                                                                                                                                |
|        |         |                                                              | self-comparison always evaluates to true                                                                                                                                                                                                                |
|        |         |                                                              | self-comparison always evaluates to true                                                                                                                                                                                                                |
|        |         |                                                              | self-comparison always evaluates to true                                                                                                                                                                                                                |
| unroll |         | ../ac_types/include/ac_int.h:1250 in iv_mult                 | self-comparison always evaluates to true                                                                                                                                                                                                                |
|        |         |                                                              | self-comparison always evaluates to true                                                                                                                                                                                                                |
|        |         |                                                              | self-comparison always evaluates to true                                                                                                                                                                                                                |
|        |         |                                                              | self-comparison always evaluates to true                                                                                                                                                                                                                |
|        |         |                                                              | self-comparison always evaluates to true                                                                                                                                                                                                                |
| unroll |         | ../ac_types/include/ac_int.h:1261 in iv_mult                 | self-comparison always evaluates to true                                                                                                                                                                                                                |
|        |         |                                                              | self-comparison always evaluates to true                                                                                                                                                                                                                |
|        |         |                                                              | self-comparison always evaluates to true                                                                                                                                                                                                                |
|        |         |                                                              | self-comparison always evaluates to true                                                                                                                                                                                                                |
| unroll |         | ../ac_types/include/ac_int.h:1294 in iv_uadd_carry           | self-comparison always evaluates to true                                                                                                                                                                                                                |
| unroll |         | ../ac_types/include/ac_int.h:1318 in iv_add_int_carry        | self-comparison always evaluates to true                                                                                                                                                                                                                |
|        |         |                                                              | self-comparison always evaluates to true                                                                                                                                                                                                                |
| unroll |         | ../ac_types/include/ac_int.h:1334 in iv_uadd_n               | self-comparison always evaluates to true                                                                                                                                                                                                                |
|        |         |                                                              | self-comparison always evaluates to true                                                                                                                                                                                                                |
|        |         |                                                              | Inlining function 'ac_private::iv_base<9, false>::operator[](int) const' into 'bool ac_private::iv_uadd_n<8, 9, false, 9, false, 9, false>(ac_private::iv_base<9, false> const&, ac_private::iv_base<9, false> const&, ac_private::iv_base<9, false>&)' |
|        |         |                                                              | Inlining function 'ac_private::iv_base<9, false>::set(int, int)' into 'bool ac_private::iv_uadd_n<8, 9, false, 9, false, 9, false>(ac_private::iv_base<9, false> const&, ac_private::iv_base<9, false> const&, ac_private::iv_base<9, false>&)'         |
|        |         |                                                              | Inlining function 'ac_private::iv_base<9, false>::operator[](int) const' into 'bool ac_private::iv_uadd_n<8, 9, false, 9, false, 9, false>(ac_private::iv_base<9, false> const&, ac_private::iv_base<9, false> const&, ac_private::iv_base<9, false>&)' |
| unroll |         | ../ac_types/include/ac_int.h:1382 in iv_sub_int_borrow       | self-comparison always evaluates to true                                                                                                                                                                                                                |
|        |         |                                                              | self-comparison always evaluates to true                                                                                                                                                                                                                |
| unroll |         | ../ac_types/include/ac_int.h:1409 in iv_sub_int_borrow       | self-comparison always evaluates to true                                                                                                                                                                                                                |
|        |         |                                                              | self-comparison always evaluates to true                                                                                                                                                                                                                |
| unroll |         | ../ac_types/include/ac_int.h:1425 in iv_usub_n               | self-comparison always evaluates to true                                                                                                                                                                                                                |
|        |         |                                                              | self-comparison always evaluates to true                                                                                                                                                                                                                |
| unroll |         | ../ac_types/include/ac_int.h:1458 in iv_neg                  | self-comparison always evaluates to true                                                                                                                                                                                                                |
|        |         |                                                              | self-comparison always evaluates to true                                                                                                                                                                                                                |
| unroll |         | ../ac_types/include/ac_int.h:1492 in iv_udiv                 | self-comparison always evaluates to true                                                                                                                                                                                                                |
|        |         |                                                              | self-comparison always evaluates to true                                                                                                                                                                                                                |
| unroll |         | ../ac_types/include/ac_int.h:1506 in iv_udiv                 | self-comparison always evaluates to true                                                                                                                                                                                                                |
|        |         |                                                              | self-comparison always evaluates to true                                                                                                                                                                                                                |
| unroll |         | ../ac_types/include/ac_int.h:1512 in iv_udiv                 | self-comparison always evaluates to true                                                                                                                                                                                                                |
|        |         |                                                              | self-comparison always evaluates to true                                                                                                                                                                                                                |
| unroll |         | ../ac_types/include/ac_int.h:1513 in iv_udiv                 | self-comparison always evaluates to true                                                                                                                                                                                                                |
|        |         |                                                              | self-comparison always evaluates to true                                                                                                                                                                                                                |
| unroll |         | ../ac_types/include/ac_int.h:1531 in iv_udiv                 | self-comparison always evaluates to true                                                                                                                                                                                                                |
|        |         |                                                              | self-comparison always evaluates to true                                                                                                                                                                                                                |
| unroll |         | ../ac_types/include/ac_int.h:1535 in iv_udiv                 | self-comparison always evaluates to true                                                                                                                                                                                                                |
|        |         |                                                              | self-comparison always evaluates to true                                                                                                                                                                                                                |
| unroll |         | ../ac_types/include/ac_int.h:1700 in iv_bitwise_complement_n | self-comparison always evaluates to true                                                                                                                                                                                                                |
|        |         |                                                              | self-comparison always evaluates to true                                                                                                                                                                                                                |
| unroll |         | ../ac_types/include/ac_int.h:1715 in iv_bitwise_and_n        | self-comparison always evaluates to true                                                                                                                                                                                                                |
|        |         |                                                              | self-comparison always evaluates to true                                                                                                                                                                                                                |
| unroll |         | ../ac_types/include/ac_int.h:1741 in iv_bitwise_or_n         | self-comparison always evaluates to true                                                                                                                                                                                                                |
|        |         |                                                              | self-comparison always evaluates to true                                                                                                                                                                                                                |
| unroll |         | ../ac_types/include/ac_int.h:1767 in iv_bitwise_xor_n        | self-comparison always evaluates to true                                                                                                                                                                                                                |
|        |         |                                                              | self-comparison always evaluates to true                                                                                                                                                                                                                |
| unroll |         | ../ac_types/include/ac_int.h:1799 in iv_shift_l              | self-comparison always evaluates to true                                                                                                                                                                                                                |
|        |         |                                                              | self-comparison always evaluates to true                                                                                                                                                                                                                |
| unroll |         | ../ac_types/include/ac_int.h:1807 in iv_shift_l              | self-comparison always evaluates to true                                                                                                                                                                                                                |
|        |         |                                                              | self-comparison always evaluates to true                                                                                                                                                                                                                |
| unroll |         | ../ac_types/include/ac_int.h:1820 in iv_shift_r              | self-comparison always evaluates to true                                                                                                                                                                                                                |
|        |         |                                                              | self-comparison always evaluates to true                                                                                                                                                                                                                |
| unroll |         | ../ac_types/include/ac_int.h:1828 in iv_shift_r              | self-comparison always evaluates to true                                                                                                                                                                                                                |
|        |         |                                                              | self-comparison always evaluates to true                                                                                                                                                                                                                |
| unroll |         | ../ac_types/include/ac_int.h:1865 in iv_const_shift_l        | self-comparison always evaluates to true                                                                                                                                                                                                                |
| unroll |         | ../ac_types/include/ac_int.h:1871 in iv_const_shift_l        | self-comparison always evaluates to true                                                                                                                                                                                                                |
| unroll |         | ../ac_types/include/ac_int.h:1887 in iv_const_shift_l        | self-comparison always evaluates to true                                                                                                                                                                                                                |
| unroll |         | ../ac_types/include/ac_int.h:1911 in iv_const_shift_r        | self-comparison always evaluates to true                                                                                                                                                                                                                |
|        |         |                                                              | self-comparison always evaluates to true                                                                                                                                                                                                                |
| unroll |         | ../ac_types/include/ac_int.h:1919 in iv_const_shift_r        | self-comparison always evaluates to true                                                                                                                                                                                                                |
|        |         |                                                              | self-comparison always evaluates to true                                                                                                                                                                                                                |
| unroll |         | ../ac_types/include/ac_int.h:1933 in iv_conv_from_fraction   | self-comparison always evaluates to true                                                                                                                                                                                                                |
| unroll |         | ../ac_types/include/ac_int.h:1958 in iv_conv_from_fraction   | self-comparison always evaluates to true                                                                                                                                                                                                                |
| unroll |         | ../ac_types/include/ac_int.h:2404 in to_double               | self-comparison always evaluates to true                                                                                                                                                                                                                |
|        |         |                                                              | self-comparison always evaluates to true                                                                                                                                                                                                                |
| unroll |         | ../ac_types/include/ac_int.h:2416 in to_float                | self-comparison always evaluates to true                                                                                                                                                                                                                |
| unroll |         | ../ac_types/include/ac_int.h:2563 in set_slc                 | self-comparison always evaluates to true                                                                                                                                                                                                                |
| unroll |         | ../ac_types/include/ac_int.h:2603 in set_slc2                | self-comparison always evaluates to true                                                                                                                                                                                                                |
| unroll |         | ../ac_types/include/ac_int.h:4289 in xor_reduce              | self-comparison always evaluates to true                                                                                                                                                                                                                |
|        |         |                                                              | self-comparison always evaluates to true                                                                                                                                                                                                                |
| unroll |         | ../ac_types/include/ac_int.h:4333 in bit_fill_oct            | self-comparison always evaluates to true                                                                                                                                                                                                                |
| unroll |         | ../ac_types/include/ac_int.h:4384 in bit_fill_hex            | self-comparison always evaluates to true                                                                                                                                                                                                                |
| unroll |         | ../ac_types/include/ac_int.h:4424 in bit_fill                | self-comparison always evaluates to true                                                                                                                                                                                                                |
|        |         |                                                              | self-comparison always evaluates to true                                                                                                                                                                                                                |
| unroll |         | ../ac_types/include/ac_int.h:4873 in bit_fill_bin            | self-comparison always evaluates to true                                                                                                                                                                                                                |
| unroll |         | ./../ac_types/include/ac_fixed.h:155 in overflow_adjust      | self-comparison always evaluates to true                                                                                                                                                                                                                |
|        |         |                                                              | self-comparison always evaluates to true                                                                                                                                                                                                                |
| unroll |         | ./../ac_types/include/ac_fixed.h:160 in overflow_adjust      | self-comparison always evaluates to true                                                                                                                                                                                                                |
|        |         |                                                              | self-comparison always evaluates to true                                                                                                                                                                                                                |
| unroll |         | ./../ac_types/include/ac_fixed.h:172 in overflow_adjust      | self-comparison always evaluates to true                                                                                                                                                                                                                |
|        |         |                                                              | self-comparison always evaluates to true                                                                                                                                                                                                                |
+--------+---------+--------------------------------------------------------------+---------------------------------------------------------------------------------------------------------------------------------------------------------------------------------------------------------------------------------------------------------+


