INFO: [COSIM-47] Using XSIM for RTL simulation.
INFO: [COSIM-14] Instrumenting C test bench ...
   Build using "/opt/Xilinx/Vitis_HLS/2021.2/tps/lnx64/gcc-6.2.0/bin/g++"
   Compiling float_to_fixed_test.cpp_pre.cpp.tb.cpp
   Compiling apatb_float_to_fixed_top.cpp
   Compiling float_to_fixed.cpp_pre.cpp.tb.cpp
   Compiling apatb_float_to_fixed_top_ir.ll
   Generating cosim.tv.exe
INFO: [COSIM-302] Starting C TB testing ... 
INFO: [COSIM-333] Generating C post check test bench ...
INFO: [COSIM-12] Generating RTL test bench ...
INFO: [COSIM-1] *** C/RTL co-simulation file generation completed. ***
INFO: [COSIM-323] Starting verilog simulation. 
INFO: [COSIM-15] Starting XSIM ...
INFO: [COSIM-316] Starting C post checking ...
flopo = 1.23449993133544921875e2+0
fixpo = 1.23449993133544921875
Vivado Simulator v2021.2
Copyright 1986-1999, 2001-2021 Xilinx, Inc. All Rights Reserved.
Running: /opt/Xilinx/Vivado/2021.2/bin/unwrapped/lnx64.o/xelab xil_defaultlib.apatb_float_to_fixed_top_top glbl -Oenable_linking_all_libraries -prj float_to_fixed_top.prj -L smartconnect_v1_0 -L axi_protocol_checker_v1_1_12 -L axi_protocol_checker_v1_1_13 -L axis_protocol_checker_v1_1_11 -L axis_protocol_checker_v1_1_12 -L xil_defaultlib -L unisims_ver -L xpm -L floating_point_v7_0_19 -L floating_point_v7_1_13 --lib ieee_proposed=./ieee_proposed -s float_to_fixed_top 
Multi-threading is on. Using 6 slave threads.
WARNING: [XSIM 43-3431] One or more environment variables have been detected which affect the operation of the C compiler. These are typically not set in standard installations and are not tested by Xilinx, however they may be appropriate for your system, so the flow will attempt to continue.  If errors occur, try running xelab with the "-mt off -v 1" switches to see more information from the C compiler. The following environment variables have been detected:
    LIBRARY_PATH
INFO: [VRFC 10-2263] Analyzing SystemVerilog file "/home/nghielme/PycharmProjects/thesis-project/addmul/float_to_fixed/float_to_fixed_xilinx/float_to_fixed_xilinx_solution/sim/verilog/glbl.v" into library work
INFO: [VRFC 10-311] analyzing module glbl
INFO: [VRFC 10-2263] Analyzing SystemVerilog file "/home/nghielme/PycharmProjects/thesis-project/addmul/float_to_fixed/float_to_fixed_xilinx/float_to_fixed_xilinx_solution/sim/verilog/float_to_fixed_top.v" into library xil_defaultlib
INFO: [VRFC 10-311] analyzing module float_to_fixed_top
INFO: [VRFC 10-2263] Analyzing SystemVerilog file "/home/nghielme/PycharmProjects/thesis-project/addmul/float_to_fixed/float_to_fixed_xilinx/float_to_fixed_xilinx_solution/sim/verilog/float_to_fixed_top_float_to_fixed_top_Pipeline_1.v" into library xil_defaultlib
INFO: [VRFC 10-311] analyzing module float_to_fixed_top_float_to_fixed_top_Pipeline_1
INFO: [VRFC 10-2263] Analyzing SystemVerilog file "/home/nghielme/PycharmProjects/thesis-project/addmul/float_to_fixed/float_to_fixed_xilinx/float_to_fixed_xilinx_solution/sim/verilog/float_to_fixed_top.autotb.v" into library xil_defaultlib
INFO: [VRFC 10-311] analyzing module apatb_float_to_fixed_top_top
INFO: [VRFC 10-2263] Analyzing SystemVerilog file "/home/nghielme/PycharmProjects/thesis-project/addmul/float_to_fixed/float_to_fixed_xilinx/float_to_fixed_xilinx_solution/sim/verilog/float_to_fixed_top_flow_control_loop_pipe_sequential_init.v" into library xil_defaultlib
INFO: [VRFC 10-311] analyzing module float_to_fixed_top_flow_control_loop_pipe_sequential_init
INFO: [VRFC 10-2263] Analyzing SystemVerilog file "/home/nghielme/PycharmProjects/thesis-project/addmul/float_to_fixed/float_to_fixed_xilinx/float_to_fixed_xilinx_solution/sim/verilog/float_to_fixed_top_r_v_v_RAM_AUTO_1R1W.v" into library xil_defaultlib
INFO: [VRFC 10-311] analyzing module float_to_fixed_top_r_v_v_RAM_AUTO_1R1W
INFO: [VRFC 10-2263] Analyzing SystemVerilog file "/home/nghielme/PycharmProjects/thesis-project/addmul/float_to_fixed/float_to_fixed_xilinx/float_to_fixed_xilinx_solution/sim/verilog/dataflow_monitor.sv" into library xil_defaultlib
INFO: [VRFC 10-311] analyzing module dataflow_monitor
Starting static elaboration
Pass Through NonSizing Optimizer
Completed static elaboration
Starting simulation data flow analysis
Completed simulation data flow analysis
Time Resolution for simulation is 1ps
Compiling package xil_defaultlib.$unit_dataflow_monitor_sv
Compiling module xil_defaultlib.float_to_fixed_top_r_v_v_RAM_AUT...
Compiling module xil_defaultlib.float_to_fixed_top_flow_control_...
Compiling module xil_defaultlib.float_to_fixed_top_float_to_fixe...
Compiling module xil_defaultlib.float_to_fixed_top
Compiling module xil_defaultlib.nodf_module_intf
Compiling module xil_defaultlib.dataflow_monitor_1
Compiling module xil_defaultlib.apatb_float_to_fixed_top_top
Compiling module work.glbl
Built simulation snapshot float_to_fixed_top

****** xsim v2021.2 (64-bit)
  **** SW Build 3367213 on Tue Oct 19 02:47:39 MDT 2021
  **** IP Build 3369179 on Thu Oct 21 08:25:16 MDT 2021
    ** Copyright 1986-2021 Xilinx, Inc. All Rights Reserved.

source xsim.dir/float_to_fixed_top/xsim_script.tcl
# xsim {float_to_fixed_top} -autoloadwcfg -tclbatch {float_to_fixed_top.tcl}
Time resolution is 1 ps
source float_to_fixed_top.tcl
## run all
////////////////////////////////////////////////////////////////////////////////////
// Inter-Transaction Progress: Completed Transaction / Total Transaction
// Intra-Transaction Progress: Measured Latency / Latency Estimation * 100%
//
// RTL Simulation : "Inter-Transaction Progress" ["Intra-Transaction Progress"] @ "Simulation Time"
////////////////////////////////////////////////////////////////////////////////////
// RTL Simulation : 0 / 1 [0.00%] @ "225000"
// RTL Simulation : 1 / 1 [100.00%] @ "1325000"
////////////////////////////////////////////////////////////////////////////////////
$finish called at time : 1625 ns : File "/home/nghielme/PycharmProjects/thesis-project/addmul/float_to_fixed/float_to_fixed_xilinx/float_to_fixed_xilinx_solution/sim/verilog/float_to_fixed_top.autotb.v" Line 284
## quit
INFO: [Common 17-206] Exiting xsim at Fri Mar 31 13:37:04 2023...
flopo = 1.23449993133544921875e2+0
fixpo = 1.23449993133544921875
INFO: [COSIM-1000] *** C/RTL co-simulation finished: PASS ***
INFO: [COSIM-211] II is measurable only when transaction number is greater than 1 in RTL simulation. Otherwise, they will be marked as all NA. If user wants to calculate them, please make sure there are at least 2 transactions in RTL simulation.
