#-----------------------------------------------------------
# xsim v2022.2 (64-bit)
# SW Build 3671981 on Fri Oct 14 04:59:54 MDT 2022
# IP Build 3669848 on Fri Oct 14 08:30:02 MDT 2022
# Start of session at: Tue Mar 28 11:47:44 2023
# Process ID: 99738
# Current directory: /home/nghielme/PycharmProjects/thesis-project/addmul/mul/mul/mul_solution/sim/verilog
# Command line: xsim -mode tcl -source {xsim.dir/mul_top/xsim_script.tcl}
# Log file: /home/nghielme/PycharmProjects/thesis-project/addmul/mul/mul/mul_solution/sim/verilog/xsim.log
# Journal file: /home/nghielme/PycharmProjects/thesis-project/addmul/mul/mul/mul_solution/sim/verilog/xsim.jou
# Running On: yavin, OS: Linux, CPU Frequency: 4600.421 MHz, CPU Physical cores: 8, Host memory: 67273 MB
#-----------------------------------------------------------
source xsim.dir/mul_top/xsim_script.tcl
# xsim {mul_top} -autoloadwcfg -tclbatch {mul_top.tcl}
Time resolution is 1 ps
source mul_top.tcl
## run all
////////////////////////////////////////////////////////////////////////////////////
// Inter-Transaction Progress: Completed Transaction / Total Transaction
// Intra-Transaction Progress: Measured Latency / Latency Estimation * 100%
//
// RTL Simulation : "Inter-Transaction Progress" ["Intra-Transaction Progress"] @ "Simulation Time"
////////////////////////////////////////////////////////////////////////////////////
// RTL Simulation : 0 / 1 [n/a] @ "225000"
// RTL Simulation : 1 / 1 [n/a] @ "325000"
////////////////////////////////////////////////////////////////////////////////////
$finish called at time : 625 ns : File "/home/nghielme/PycharmProjects/thesis-project/addmul/mul/mul/mul_solution/sim/verilog/mul_top.autotb.v" Line 333
## quit
INFO: [Common 17-206] Exiting xsim at Tue Mar 28 11:47:47 2023...
