
*** Running vivado
    with args -log bd_0_wrapper.vds -m64 -product Vivado -mode batch -messageDb vivado.pb -notrace -source bd_0_wrapper.tcl


****** Vivado v2022.2 (64-bit)
  **** SW Build 3671981 on Fri Oct 14 04:59:54 MDT 2022
  **** IP Build 3669848 on Fri Oct 14 08:30:02 MDT 2022
    ** Copyright 1986-2022 Xilinx, Inc. All Rights Reserved.

source bd_0_wrapper.tcl -notrace
INFO: Dispatch client connection id - 43887
INFO: [IP_Flow 19-234] Refreshing IP repositories
INFO: [IP_Flow 19-1700] Loaded user IP repository '/home/nghielme/PycharmProjects/thesis-project/addmul/mul_float/mul_float_xilinx/mul_float_xilinx_solution/impl/ip'.
INFO: [IP_Flow 19-2313] Loaded Vivado IP repository '/opt/Xilinx/Vivado/2022.2/data/ip'.
Command: synth_design -top bd_0_wrapper -part xc7z020clg400-1 -mode out_of_context
Starting synth_design
Attempting to get a license for feature 'Synthesis' and/or device 'xc7z020'
INFO: [Common 17-349] Got license for feature 'Synthesis' and/or device 'xc7z020'
INFO: [Device 21-403] Loading part xc7z020clg400-1
INFO: [Synth 8-7079] Multithreading enabled for synth_design using a maximum of 4 processes.
INFO: [Synth 8-7078] Launching helper process for spawning children vivado processes
INFO: [Synth 8-7075] Helper process launched with PID 550868
INFO: [Synth 8-11241] undeclared symbol 'REGCCE', assumed default net type 'wire' [/opt/Xilinx/Vivado/2022.2/data/verilog/src/unimacro/BRAM_SINGLE_MACRO.v:2170]
---------------------------------------------------------------------------------
Starting RTL Elaboration : Time (s): cpu = 00:00:03 ; elapsed = 00:00:03 . Memory (MB): peak = 2448.625 ; gain = 363.766 ; free physical = 31094 ; free virtual = 46045
Synthesis current peak Physical Memory [PSS] (MB): peak = 1697.202; parent = 1551.594; children = 145.608
Synthesis current peak Virtual Memory [VSS] (MB): peak = 3452.406; parent = 2452.598; children = 999.809
---------------------------------------------------------------------------------
INFO: [Synth 8-6157] synthesizing module 'bd_0_wrapper' [/home/nghielme/PycharmProjects/thesis-project/addmul/mul_float/mul_float_xilinx/mul_float_xilinx_solution/impl/verilog/project.gen/sources_1/bd/bd_0/hdl/bd_0_wrapper.v:12]
INFO: [Synth 8-6157] synthesizing module 'bd_0' [/home/nghielme/PycharmProjects/thesis-project/addmul/mul_float/mul_float_xilinx/mul_float_xilinx_solution/impl/verilog/project.gen/sources_1/bd/bd_0/synth/bd_0.v:12]
INFO: [Synth 8-6157] synthesizing module 'bd_0_hls_inst_0' [/home/nghielme/PycharmProjects/thesis-project/addmul/mul_float/mul_float_xilinx/mul_float_xilinx_solution/impl/verilog/project.runs/synth_1/.Xil/Vivado-550114-yavin/realtime/bd_0_hls_inst_0_stub.v:5]
INFO: [Synth 8-6155] done synthesizing module 'bd_0_hls_inst_0' (0#1) [/home/nghielme/PycharmProjects/thesis-project/addmul/mul_float/mul_float_xilinx/mul_float_xilinx_solution/impl/verilog/project.runs/synth_1/.Xil/Vivado-550114-yavin/realtime/bd_0_hls_inst_0_stub.v:5]
INFO: [Synth 8-6155] done synthesizing module 'bd_0' (0#1) [/home/nghielme/PycharmProjects/thesis-project/addmul/mul_float/mul_float_xilinx/mul_float_xilinx_solution/impl/verilog/project.gen/sources_1/bd/bd_0/synth/bd_0.v:12]
INFO: [Synth 8-6155] done synthesizing module 'bd_0_wrapper' (0#1) [/home/nghielme/PycharmProjects/thesis-project/addmul/mul_float/mul_float_xilinx/mul_float_xilinx_solution/impl/verilog/project.gen/sources_1/bd/bd_0/hdl/bd_0_wrapper.v:12]
---------------------------------------------------------------------------------
Finished RTL Elaboration : Time (s): cpu = 00:00:04 ; elapsed = 00:00:04 . Memory (MB): peak = 2527.562 ; gain = 442.703 ; free physical = 31050 ; free virtual = 46001
Synthesis current peak Physical Memory [PSS] (MB): peak = 1697.202; parent = 1551.594; children = 145.608
Synthesis current peak Virtual Memory [VSS] (MB): peak = 3527.375; parent = 2527.566; children = 999.809
---------------------------------------------------------------------------------
---------------------------------------------------------------------------------
Start Handling Custom Attributes
---------------------------------------------------------------------------------
---------------------------------------------------------------------------------
Finished Handling Custom Attributes : Time (s): cpu = 00:00:04 ; elapsed = 00:00:04 . Memory (MB): peak = 2542.406 ; gain = 457.547 ; free physical = 31024 ; free virtual = 45976
Synthesis current peak Physical Memory [PSS] (MB): peak = 1697.202; parent = 1551.594; children = 145.608
Synthesis current peak Virtual Memory [VSS] (MB): peak = 3542.219; parent = 2542.410; children = 999.809
---------------------------------------------------------------------------------
---------------------------------------------------------------------------------
Finished RTL Optimization Phase 1 : Time (s): cpu = 00:00:04 ; elapsed = 00:00:04 . Memory (MB): peak = 2542.406 ; gain = 457.547 ; free physical = 31017 ; free virtual = 45969
Synthesis current peak Physical Memory [PSS] (MB): peak = 1697.202; parent = 1551.594; children = 145.608
Synthesis current peak Virtual Memory [VSS] (MB): peak = 3542.219; parent = 2542.410; children = 999.809
---------------------------------------------------------------------------------
Netlist sorting complete. Time (s): cpu = 00:00:00 ; elapsed = 00:00:00 . Memory (MB): peak = 2542.406 ; gain = 0.000 ; free physical = 30988 ; free virtual = 45940
INFO: [Project 1-570] Preparing netlist for logic optimization

Processing XDC Constraints
Initializing timing engine
Parsing XDC File [/home/nghielme/PycharmProjects/thesis-project/addmul/mul_float/mul_float_xilinx/mul_float_xilinx_solution/impl/verilog/project.gen/sources_1/bd/bd_0/ip/bd_0_hls_inst_0/bd_0_hls_inst_0/bd_0_hls_inst_0_in_context.xdc] for cell 'bd_0_i/hls_inst'
Finished Parsing XDC File [/home/nghielme/PycharmProjects/thesis-project/addmul/mul_float/mul_float_xilinx/mul_float_xilinx_solution/impl/verilog/project.gen/sources_1/bd/bd_0/ip/bd_0_hls_inst_0/bd_0_hls_inst_0/bd_0_hls_inst_0_in_context.xdc] for cell 'bd_0_i/hls_inst'
Parsing XDC File [/home/nghielme/PycharmProjects/thesis-project/addmul/mul_float/mul_float_xilinx/mul_float_xilinx_solution/impl/verilog/mul_float_top.xdc]
Finished Parsing XDC File [/home/nghielme/PycharmProjects/thesis-project/addmul/mul_float/mul_float_xilinx/mul_float_xilinx_solution/impl/verilog/mul_float_top.xdc]
Parsing XDC File [/home/nghielme/PycharmProjects/thesis-project/addmul/mul_float/mul_float_xilinx/mul_float_xilinx_solution/impl/verilog/project.runs/synth_1/dont_touch.xdc]
Finished Parsing XDC File [/home/nghielme/PycharmProjects/thesis-project/addmul/mul_float/mul_float_xilinx/mul_float_xilinx_solution/impl/verilog/project.runs/synth_1/dont_touch.xdc]
Completed Processing XDC Constraints

Netlist sorting complete. Time (s): cpu = 00:00:00 ; elapsed = 00:00:00 . Memory (MB): peak = 2618.312 ; gain = 0.000 ; free physical = 30907 ; free virtual = 45859
INFO: [Project 1-111] Unisim Transformation Summary:
No Unisim elements were transformed.

Constraint Validation Runtime : Time (s): cpu = 00:00:00.01 ; elapsed = 00:00:00.01 . Memory (MB): peak = 2618.312 ; gain = 0.000 ; free physical = 30907 ; free virtual = 45859
INFO: [Synth 8-11241] undeclared symbol 'REGCCE', assumed default net type 'wire' [/opt/Xilinx/Vivado/2022.2/data/verilog/src/unimacro/BRAM_SINGLE_MACRO.v:2170]
---------------------------------------------------------------------------------
Finished Constraint Validation : Time (s): cpu = 00:00:09 ; elapsed = 00:00:09 . Memory (MB): peak = 2618.312 ; gain = 533.453 ; free physical = 30906 ; free virtual = 45868
Synthesis current peak Physical Memory [PSS] (MB): peak = 1697.202; parent = 1551.594; children = 145.608
Synthesis current peak Virtual Memory [VSS] (MB): peak = 3586.109; parent = 2586.301; children = 999.809
---------------------------------------------------------------------------------
---------------------------------------------------------------------------------
Start Loading Part and Timing Information
---------------------------------------------------------------------------------
Loading part: xc7z020clg400-1
---------------------------------------------------------------------------------
Finished Loading Part and Timing Information : Time (s): cpu = 00:00:09 ; elapsed = 00:00:09 . Memory (MB): peak = 2618.312 ; gain = 533.453 ; free physical = 30906 ; free virtual = 45868
Synthesis current peak Physical Memory [PSS] (MB): peak = 1697.202; parent = 1551.594; children = 145.608
Synthesis current peak Virtual Memory [VSS] (MB): peak = 3586.109; parent = 2586.301; children = 999.809
---------------------------------------------------------------------------------
---------------------------------------------------------------------------------
Start Applying 'set_property' XDC Constraints
---------------------------------------------------------------------------------
Applied set_property KEEP_HIERARCHY = SOFT for bd_0_i. (constraint file  auto generated constraint).
Applied set_property KEEP_HIERARCHY = SOFT for bd_0_i/hls_inst. (constraint file  auto generated constraint).
---------------------------------------------------------------------------------
Finished applying 'set_property' XDC Constraints : Time (s): cpu = 00:00:09 ; elapsed = 00:00:09 . Memory (MB): peak = 2618.312 ; gain = 533.453 ; free physical = 30908 ; free virtual = 45870
Synthesis current peak Physical Memory [PSS] (MB): peak = 1697.202; parent = 1551.594; children = 145.608
Synthesis current peak Virtual Memory [VSS] (MB): peak = 3586.109; parent = 2586.301; children = 999.809
---------------------------------------------------------------------------------
---------------------------------------------------------------------------------
Finished RTL Optimization Phase 2 : Time (s): cpu = 00:00:09 ; elapsed = 00:00:09 . Memory (MB): peak = 2618.312 ; gain = 533.453 ; free physical = 30909 ; free virtual = 45872
Synthesis current peak Physical Memory [PSS] (MB): peak = 1697.202; parent = 1551.594; children = 145.608
Synthesis current peak Virtual Memory [VSS] (MB): peak = 3586.109; parent = 2586.301; children = 999.809
---------------------------------------------------------------------------------
---------------------------------------------------------------------------------
Start RTL Component Statistics 
---------------------------------------------------------------------------------
Detailed RTL Component Info : 
---------------------------------------------------------------------------------
Finished RTL Component Statistics 
---------------------------------------------------------------------------------
---------------------------------------------------------------------------------
Start Part Resource Summary
---------------------------------------------------------------------------------
Part Resources:
DSPs: 220 (col length:60)
BRAMs: 280 (col length: RAMB18 60 RAMB36 30)
---------------------------------------------------------------------------------
Finished Part Resource Summary
---------------------------------------------------------------------------------
---------------------------------------------------------------------------------
Start Cross Boundary and Area Optimization
---------------------------------------------------------------------------------
WARNING: [Synth 8-7080] Parallel synthesis criteria is not met
---------------------------------------------------------------------------------
Finished Cross Boundary and Area Optimization : Time (s): cpu = 00:00:10 ; elapsed = 00:00:10 . Memory (MB): peak = 2618.312 ; gain = 533.453 ; free physical = 30874 ; free virtual = 45841
Synthesis current peak Physical Memory [PSS] (MB): peak = 1697.202; parent = 1551.594; children = 145.608
Synthesis current peak Virtual Memory [VSS] (MB): peak = 3586.109; parent = 2586.301; children = 999.809
---------------------------------------------------------------------------------
---------------------------------------------------------------------------------
Start Applying XDC Timing Constraints
---------------------------------------------------------------------------------
---------------------------------------------------------------------------------
Finished Applying XDC Timing Constraints : Time (s): cpu = 00:00:13 ; elapsed = 00:00:14 . Memory (MB): peak = 2618.312 ; gain = 533.453 ; free physical = 30758 ; free virtual = 45724
Synthesis current peak Physical Memory [PSS] (MB): peak = 1767.439; parent = 1621.938; children = 145.608
Synthesis current peak Virtual Memory [VSS] (MB): peak = 3586.109; parent = 2586.301; children = 999.809
---------------------------------------------------------------------------------
---------------------------------------------------------------------------------
Start Timing Optimization
---------------------------------------------------------------------------------
---------------------------------------------------------------------------------
Finished Timing Optimization : Time (s): cpu = 00:00:13 ; elapsed = 00:00:14 . Memory (MB): peak = 2618.312 ; gain = 533.453 ; free physical = 30758 ; free virtual = 45724
Synthesis current peak Physical Memory [PSS] (MB): peak = 1767.582; parent = 1622.081; children = 145.608
Synthesis current peak Virtual Memory [VSS] (MB): peak = 3586.109; parent = 2586.301; children = 999.809
---------------------------------------------------------------------------------
---------------------------------------------------------------------------------
Start Technology Mapping
---------------------------------------------------------------------------------
---------------------------------------------------------------------------------
Finished Technology Mapping : Time (s): cpu = 00:00:13 ; elapsed = 00:00:14 . Memory (MB): peak = 2618.312 ; gain = 533.453 ; free physical = 30759 ; free virtual = 45722
Synthesis current peak Physical Memory [PSS] (MB): peak = 1767.918; parent = 1622.417; children = 145.608
Synthesis current peak Virtual Memory [VSS] (MB): peak = 3586.109; parent = 2586.301; children = 999.809
---------------------------------------------------------------------------------
---------------------------------------------------------------------------------
Start IO Insertion
---------------------------------------------------------------------------------
---------------------------------------------------------------------------------
Start Flattening Before IO Insertion
---------------------------------------------------------------------------------
---------------------------------------------------------------------------------
Finished Flattening Before IO Insertion
---------------------------------------------------------------------------------
---------------------------------------------------------------------------------
Start Final Netlist Cleanup
---------------------------------------------------------------------------------
---------------------------------------------------------------------------------
Finished Final Netlist Cleanup
---------------------------------------------------------------------------------
---------------------------------------------------------------------------------
Finished IO Insertion : Time (s): cpu = 00:00:16 ; elapsed = 00:00:18 . Memory (MB): peak = 2618.312 ; gain = 533.453 ; free physical = 33427 ; free virtual = 48388
Synthesis current peak Physical Memory [PSS] (MB): peak = 1780.051; parent = 1630.511; children = 149.540
Synthesis current peak Virtual Memory [VSS] (MB): peak = 3586.109; parent = 2586.301; children = 999.809
---------------------------------------------------------------------------------
---------------------------------------------------------------------------------
Start Renaming Generated Instances
---------------------------------------------------------------------------------
---------------------------------------------------------------------------------
Finished Renaming Generated Instances : Time (s): cpu = 00:00:16 ; elapsed = 00:00:18 . Memory (MB): peak = 2618.312 ; gain = 533.453 ; free physical = 33425 ; free virtual = 48386
Synthesis current peak Physical Memory [PSS] (MB): peak = 1780.066; parent = 1630.526; children = 149.540
Synthesis current peak Virtual Memory [VSS] (MB): peak = 3586.109; parent = 2586.301; children = 999.809
---------------------------------------------------------------------------------
---------------------------------------------------------------------------------
Start Rebuilding User Hierarchy
---------------------------------------------------------------------------------
---------------------------------------------------------------------------------
Finished Rebuilding User Hierarchy : Time (s): cpu = 00:00:16 ; elapsed = 00:00:18 . Memory (MB): peak = 2618.312 ; gain = 533.453 ; free physical = 33421 ; free virtual = 48383
Synthesis current peak Physical Memory [PSS] (MB): peak = 1780.080; parent = 1630.542; children = 149.540
Synthesis current peak Virtual Memory [VSS] (MB): peak = 3586.109; parent = 2586.301; children = 999.809
---------------------------------------------------------------------------------
---------------------------------------------------------------------------------
Start Renaming Generated Ports
---------------------------------------------------------------------------------
---------------------------------------------------------------------------------
Finished Renaming Generated Ports : Time (s): cpu = 00:00:16 ; elapsed = 00:00:18 . Memory (MB): peak = 2618.312 ; gain = 533.453 ; free physical = 33425 ; free virtual = 48387
Synthesis current peak Physical Memory [PSS] (MB): peak = 1780.149; parent = 1630.610; children = 149.540
Synthesis current peak Virtual Memory [VSS] (MB): peak = 3586.109; parent = 2586.301; children = 999.809
---------------------------------------------------------------------------------
---------------------------------------------------------------------------------
Start Handling Custom Attributes
---------------------------------------------------------------------------------
---------------------------------------------------------------------------------
Finished Handling Custom Attributes : Time (s): cpu = 00:00:16 ; elapsed = 00:00:18 . Memory (MB): peak = 2618.312 ; gain = 533.453 ; free physical = 33427 ; free virtual = 48389
Synthesis current peak Physical Memory [PSS] (MB): peak = 1780.150; parent = 1630.610; children = 149.540
Synthesis current peak Virtual Memory [VSS] (MB): peak = 3586.109; parent = 2586.301; children = 999.809
---------------------------------------------------------------------------------
---------------------------------------------------------------------------------
Start Renaming Generated Nets
---------------------------------------------------------------------------------
---------------------------------------------------------------------------------
Finished Renaming Generated Nets : Time (s): cpu = 00:00:16 ; elapsed = 00:00:18 . Memory (MB): peak = 2618.312 ; gain = 533.453 ; free physical = 33298 ; free virtual = 48388
Synthesis current peak Physical Memory [PSS] (MB): peak = 1780.182; parent = 1630.642; children = 149.540
Synthesis current peak Virtual Memory [VSS] (MB): peak = 3586.109; parent = 2586.301; children = 999.809
---------------------------------------------------------------------------------
---------------------------------------------------------------------------------
Start Writing Synthesis Report
---------------------------------------------------------------------------------

Report BlackBoxes: 
+------+----------------+----------+
|      |BlackBox name   |Instances |
+------+----------------+----------+
|1     |bd_0_hls_inst_0 |         1|
+------+----------------+----------+

Report Cell Usage: 
+------+--------------+------+
|      |Cell          |Count |
+------+--------------+------+
|1     |bd_0_hls_inst |     1|
+------+--------------+------+
---------------------------------------------------------------------------------
Finished Writing Synthesis Report : Time (s): cpu = 00:00:16 ; elapsed = 00:00:18 . Memory (MB): peak = 2618.312 ; gain = 533.453 ; free physical = 33275 ; free virtual = 48387
Synthesis current peak Physical Memory [PSS] (MB): peak = 1780.197; parent = 1630.657; children = 149.540
Synthesis current peak Virtual Memory [VSS] (MB): peak = 3586.109; parent = 2586.301; children = 999.809
---------------------------------------------------------------------------------
Synthesis finished with 0 errors, 0 critical warnings and 1 warnings.
Synthesis Optimization Runtime : Time (s): cpu = 00:00:15 ; elapsed = 00:00:17 . Memory (MB): peak = 2618.312 ; gain = 457.547 ; free physical = 33475 ; free virtual = 48440
Synthesis Optimization Complete : Time (s): cpu = 00:00:17 ; elapsed = 00:00:18 . Memory (MB): peak = 2618.312 ; gain = 533.453 ; free physical = 33478 ; free virtual = 48442
INFO: [Project 1-571] Translating synthesized netlist
Netlist sorting complete. Time (s): cpu = 00:00:00 ; elapsed = 00:00:00.01 . Memory (MB): peak = 2618.312 ; gain = 0.000 ; free physical = 33529 ; free virtual = 48494
INFO: [Project 1-570] Preparing netlist for logic optimization
INFO: [Opt 31-138] Pushed 0 inverter(s) to 0 load pin(s).
Netlist sorting complete. Time (s): cpu = 00:00:00 ; elapsed = 00:00:00 . Memory (MB): peak = 2618.312 ; gain = 0.000 ; free physical = 33442 ; free virtual = 48408
INFO: [Project 1-111] Unisim Transformation Summary:
No Unisim elements were transformed.

Synth Design complete, checksum: fce12f3
INFO: [Common 17-83] Releasing license: Synthesis
23 Infos, 1 Warnings, 0 Critical Warnings and 0 Errors encountered.
synth_design completed successfully
synth_design: Time (s): cpu = 00:00:22 ; elapsed = 00:00:21 . Memory (MB): peak = 2618.312 ; gain = 868.016 ; free physical = 33673 ; free virtual = 48639
INFO: [Common 17-1381] The checkpoint '/home/nghielme/PycharmProjects/thesis-project/addmul/mul_float/mul_float_xilinx/mul_float_xilinx_solution/impl/verilog/project.runs/synth_1/bd_0_wrapper.dcp' has been generated.
INFO: [runtcl-4] Executing : report_utilization -file bd_0_wrapper_utilization_synth.rpt -pb bd_0_wrapper_utilization_synth.pb
INFO: [Common 17-206] Exiting Vivado at Tue Mar 28 15:13:12 2023...
