Copyright 1986-2022 Xilinx, Inc. All Rights Reserved.
------------------------------------------------------------------------------------------
| Tool Version : Vivado v.2022.2 (lin64) Build 3671981 Fri Oct 14 04:59:54 MDT 2022
| Date         : Tue Mar 28 11:50:47 2023
| Host         : yavin running 64-bit Ubuntu 20.04.5 LTS
| Command      : report_design_analysis -file ./report/mul_top_design_analysis_routed.rpt
| Design       : bd_0_wrapper
| Device       : xc7z020
| Design State : Routed
------------------------------------------------------------------------------------------

Report Design Analysis

Table of Contents
-----------------
1. Setup Path Characteristics 1-1
2. Logic Level Distribution
3. Placer Final Level Congestion Reporting
4. Initial Estimated Router Congestion Reporting
5. SLR Net Crossing Reporting

1. Setup Path Characteristics 1-1
---------------------------------

+---------------------------+---------------------------------------------------------------------------------------------------------+
|      Characteristics      |                                                 Path #1                                                 |
+---------------------------+---------------------------------------------------------------------------------------------------------+
| Requirement               | 50.000                                                                                                  |
| Path Delay                | 14.375                                                                                                  |
| Logic Delay               | 6.636(47%)                                                                                              |
| Net Delay                 | 7.739(53%)                                                                                              |
| Clock Skew                | 0.000                                                                                                   |
| Slack                     | 35.625                                                                                                  |
| Clock Uncertainty         | 0.000                                                                                                   |
| Clock Relationship        | Safely Timed                                                                                            |
| Clock Delay Group         | Same Group                                                                                              |
| Logic Levels              | 10                                                                                                      |
| Routes                    | 8                                                                                                       |
| Logical Path              | DSP48E1/b[24]-(1)-DSP48E1-LUT6-(1)-LUT6-(1)-LUT6-(1)-LUT6-(2)-LUT5-(48)-LUT6-(1)-LUT6-(1)-MUXF7/res[20] |
| Start Point Clock         | input port clock                                                                                        |
| End Point Clock           |                                                                                                         |
| DSP Block                 | Comb                                                                                                    |
| RAM Registers             | None-None                                                                                               |
| IO Crossings              | 0                                                                                                       |
| Config Crossings          | 0                                                                                                       |
| SLR Crossings             | 0                                                                                                       |
| PBlocks                   | 0                                                                                                       |
| High Fanout               | 48                                                                                                      |
| Dont Touch                | 0                                                                                                       |
| Mark Debug                | 0                                                                                                       |
| Start Point Pin Primitive | b[24]                                                                                                   |
| End Point Pin Primitive   | res[20]                                                                                                 |
| Start Point Pin           | b[24]                                                                                                   |
| End Point Pin             | res[20]                                                                                                 |
+---------------------------+---------------------------------------------------------------------------------------------------------+
* Bounding box calculated as % of dimensions for the target device (308, 299)


2. Logic Level Distribution
---------------------------

+-----------------+-------------+---+---+---+---+----+----+
| End Point Clock | Requirement | 0 | 4 | 7 | 8 |  9 | 10 |
+-----------------+-------------+---+---+---+---+----+----+
| (none)          | 50.000ns    | 3 | 8 | 1 | 3 | 35 | 17 |
+-----------------+-------------+---+---+---+---+----+----+
* Columns represent the logic levels per end point clock
** Distribution is for top worst 67 paths


3. Placer Final Level Congestion Reporting
------------------------------------------

+-----------+------+-------+------------+--------+---------------+---------------+-----+--------+------+------+------+-----+-------+-----+------------+
| Direction | Type | Level | Congestion | Window | Combined LUTs | Avg LUT Input | LUT | LUTRAM | Flop | MUXF | RAMB | DSP | CARRY | SRL | Cell Names |
+-----------+------+-------+------------+--------+---------------+---------------+-----+--------+------+------+------+-----+-------+-----+------------+
* No congestion windows are found above level 5


4. Initial Estimated Router Congestion Reporting
------------------------------------------------

+-----------+------+-------+------------------+--------+---------------+---------------+-----+--------+------+------+------+-----+-------+-----+------------+
| Direction | Type | Level | Percentage Tiles | Window | Combined LUTs | Avg LUT Input | LUT | LUTRAM | Flop | MUXF | RAMB | DSP | CARRY | SRL | Cell Names |
+-----------+------+-------+------------------+--------+---------------+---------------+-----+--------+------+------+------+-----+-------+-----+------------+
* No router congested regions found.
** No initial estimated congestion windows are found above level 5


5. SLR Net Crossing Reporting
-----------------------------

+------------+-----------------------------+
| Cell Names | Number of Nets crossing SLR |
+------------+-----------------------------+
* The current part is not an SSI device


