================================================================
== Vivado Place & Route Results
================================================================
+ General Information:
    * Date:            Tue Mar 28 15:14:40 CEST 2023
    * Version:         2022.2 (Build 3670227 on Oct 13 2022)
    * Project:         mul_float_xilinx
    * Solution:        mul_float_xilinx_solution (Vivado IP Flow Target)
    * Product family:  zynq
    * Target device:   xc7z020-clg400-1


================================================================
== Run Constraints & Options
================================================================
+ Design Constraints & Options:
    * Place & Route target clock:  50 ns
    * C-Synthesis target clock:    50 ns
    * C-Synthesis uncertainty:     27%

+ RTL Synthesis Options:
    * config_export -vivado_synth_strategy:     default
    * config_export -vivado_synth_design_args:  -directive sdx_optimization_effort_high

+ Place & Route Options:
    * config_export -vivado_impl_strategy:  default
    * config_export -vivado_phys_opt:       none

+ Reporting Options:
    * config_export -vivado_report_level:      2
    * config_export -vivado_max_timing_paths:  10


================================================================
== Place & Route Resource Summary
================================================================
LUT:              206
FF:               0
DSP:              2
BRAM:             0
URAM:             0
SRL:              0


================================================================
== Place & Route Timing Summary
================================================================
* Timing was not available
+----------------+-------------+
| Timing         | Period (ns) |
+----------------+-------------+
| Target         | 50.000      |
| Post-Synthesis | NA          |
| Post-Route     | NA          |
+----------------+-------------+


================================================================
== Place & Route Resources
================================================================
+-------------------------+-----+----+-----+------+------+-----+--------+------+---------+-----------+----------------------------------+
| Name                    | LUT | FF | DSP | BRAM | URAM | SRL | Pragma | Impl | Latency | Variable  | Source                           |
+-------------------------+-----+----+-----+------+------+-----+--------+------+---------+-----------+----------------------------------+
| inst                    | 206 |    | 2   |      |      |     |        |      |         |           |                                  |
|   (inst)                | 8   |    |     |      |      |     |        |      |         |           |                                  |
|   mul_25s_25s_50_1_1_U1 | 198 |    | 2   |      |      |     |        |      |         |           |                                  |
|     bind_op mul         |     |    |     |      |      |     |        | auto | 0       | mul_ln654 | ../ac_types/include/ac_int.h:654 |
+-------------------------+-----+----+-----+------+------+-----+--------+------+---------+-----------+----------------------------------+


================================================================
== Place & Route Fail Fast
================================================================
+-----------------------------------------------------------+-----------+--------+--------+
| Criteria                                                  | Guideline | Actual | Status |
+-----------------------------------------------------------+-----------+--------+--------+
| LUT                                                       | 70%       | 0.39%  | OK     |
| FD                                                        | 50%       | 0.00%  | OK     |
| LUTRAM+SRL                                                | 25%       | 0.00%  | OK     |
| MUXF7                                                     | 15%       | 0.16%  | OK     |
| DSP                                                       | 80%       | 0.91%  | OK     |
| RAMB/FIFO                                                 | 80%       | 0.00%  | OK     |
| DSP+RAMB+URAM (Avg)                                       | 70%       | 0.91%  | OK     |
| BUFGCE* + BUFGCTRL                                        | 24        | 0      | OK     |
| DONT_TOUCH (cells/nets)                                   | 0         | 0      | OK     |
| MARK_DEBUG (nets)                                         | 0         | 0      | OK     |
| Control Sets                                              | 998       | 0      | OK     |
| Average Fanout for modules > 100k cells                   | 4         | 0      | OK     |
| Non-FD high fanout nets > 10k loads                       | 0         | 0      | OK     |
+-----------------------------------------------------------+-----------+--------+--------+
| TIMING-6 (No common primary clock between related clocks) | 0         | 0      | OK     |
| TIMING-7 (No common node between related clocks)          | 0         | 0      | OK     |
| TIMING-8 (No common period between related clocks)        | 0         | 0      | OK     |
| TIMING-14 (LUT on the clock tree)                         | 0         | 0      | OK     |
| TIMING-35 (No common node in paths with the same clock)   | 0         | 0      | OK     |
+-----------------------------------------------------------+-----------+--------+--------+
| Number of paths above max LUT budgeting (0.575ns)         | 0         | 0      | OK     |
| Number of paths above max Net budgeting (0.403ns)         | 0         | 0      | OK     |
+-----------------------------------------------------------+-----------+--------+--------+


================================================================
== Place & Route Timing Paths
================================================================
* Timing was not available
+-------+--------+----------------+--------------+--------------+------------+----------------+----------------+--------------+
| Path  |  SLACK | STARTPOINT PIN | ENDPOINT PIN | LOGIC LEVELS | MAX FANOUT | DATAPATH DELAY | DATAPATH LOGIC | DATAPATH NET |
|       |        |                |              |              |            |                |          DELAY |        DELAY |
+-------+--------+----------------+--------------+--------------+------------+----------------+----------------+--------------+
| Path1 | 35.625 | b[24]          | res[20]      |           10 |         48 |         14.375 |          6.636 |        7.739 |
| Path2 | 35.797 | b[24]          | res[11]      |           10 |         48 |         14.203 |          6.639 |        7.564 |
| Path3 | 36.052 | b[24]          | res[17]      |           10 |         48 |         13.948 |          6.636 |        7.312 |
| Path4 | 36.251 | b[24]          | res[12]      |           10 |         48 |         13.749 |          6.667 |        7.082 |
| Path5 | 36.368 | b[24]          | res[8]       |            9 |         48 |         13.632 |          6.515 |        7.117 |
+-------+--------+----------------+--------------+--------------+------------+----------------+----------------+--------------+

    +-------------------------------------------+--------------------+
    | Path1 Cells                               | Primitive Type     |
    +-------------------------------------------+--------------------+
    | mul_25s_25s_50_1_1_U1/dout                | MULT.dsp.DSP48E1   |
    | mul_25s_25s_50_1_1_U1/dout__0             | MULT.dsp.DSP48E1   |
    | mul_25s_25s_50_1_1_U1/res[71]_INST_0_i_13 | LUT.others.LUT6    |
    | mul_25s_25s_50_1_1_U1/res[71]_INST_0_i_12 | LUT.others.LUT6    |
    | mul_25s_25s_50_1_1_U1/res[71]_INST_0_i_11 | LUT.others.LUT6    |
    | mul_25s_25s_50_1_1_U1/res[71]_INST_0_i_5  | LUT.others.LUT6    |
    | mul_25s_25s_50_1_1_U1/res[23]_INST_0_i_4  | LUT.others.LUT5    |
    | mul_25s_25s_50_1_1_U1/res[20]_INST_0_i_4  | LUT.others.LUT6    |
    | mul_25s_25s_50_1_1_U1/res[20]_INST_0_i_2  | LUT.others.LUT6    |
    | mul_25s_25s_50_1_1_U1/res[20]_INST_0      | MUXFX.others.MUXF7 |
    +-------------------------------------------+--------------------+

    +-------------------------------------------+--------------------+
    | Path2 Cells                               | Primitive Type     |
    +-------------------------------------------+--------------------+
    | mul_25s_25s_50_1_1_U1/dout                | MULT.dsp.DSP48E1   |
    | mul_25s_25s_50_1_1_U1/dout__0             | MULT.dsp.DSP48E1   |
    | mul_25s_25s_50_1_1_U1/res[71]_INST_0_i_13 | LUT.others.LUT6    |
    | mul_25s_25s_50_1_1_U1/res[71]_INST_0_i_12 | LUT.others.LUT6    |
    | mul_25s_25s_50_1_1_U1/res[71]_INST_0_i_11 | LUT.others.LUT6    |
    | mul_25s_25s_50_1_1_U1/res[71]_INST_0_i_5  | LUT.others.LUT6    |
    | mul_25s_25s_50_1_1_U1/res[23]_INST_0_i_4  | LUT.others.LUT5    |
    | mul_25s_25s_50_1_1_U1/res[11]_INST_0_i_4  | LUT.others.LUT6    |
    | mul_25s_25s_50_1_1_U1/res[11]_INST_0_i_2  | LUT.others.LUT6    |
    | mul_25s_25s_50_1_1_U1/res[11]_INST_0      | MUXFX.others.MUXF7 |
    +-------------------------------------------+--------------------+

    +-------------------------------------------+--------------------+
    | Path3 Cells                               | Primitive Type     |
    +-------------------------------------------+--------------------+
    | mul_25s_25s_50_1_1_U1/dout                | MULT.dsp.DSP48E1   |
    | mul_25s_25s_50_1_1_U1/dout__0             | MULT.dsp.DSP48E1   |
    | mul_25s_25s_50_1_1_U1/res[71]_INST_0_i_13 | LUT.others.LUT6    |
    | mul_25s_25s_50_1_1_U1/res[71]_INST_0_i_12 | LUT.others.LUT6    |
    | mul_25s_25s_50_1_1_U1/res[71]_INST_0_i_11 | LUT.others.LUT6    |
    | mul_25s_25s_50_1_1_U1/res[71]_INST_0_i_5  | LUT.others.LUT6    |
    | mul_25s_25s_50_1_1_U1/res[23]_INST_0_i_4  | LUT.others.LUT5    |
    | mul_25s_25s_50_1_1_U1/res[17]_INST_0_i_4  | LUT.others.LUT6    |
    | mul_25s_25s_50_1_1_U1/res[17]_INST_0_i_2  | LUT.others.LUT6    |
    | mul_25s_25s_50_1_1_U1/res[17]_INST_0      | MUXFX.others.MUXF7 |
    +-------------------------------------------+--------------------+

    +-------------------------------------------+--------------------+
    | Path4 Cells                               | Primitive Type     |
    +-------------------------------------------+--------------------+
    | mul_25s_25s_50_1_1_U1/dout                | MULT.dsp.DSP48E1   |
    | mul_25s_25s_50_1_1_U1/dout__0             | MULT.dsp.DSP48E1   |
    | mul_25s_25s_50_1_1_U1/res[71]_INST_0_i_13 | LUT.others.LUT6    |
    | mul_25s_25s_50_1_1_U1/res[71]_INST_0_i_12 | LUT.others.LUT6    |
    | mul_25s_25s_50_1_1_U1/res[71]_INST_0_i_11 | LUT.others.LUT6    |
    | mul_25s_25s_50_1_1_U1/res[71]_INST_0_i_5  | LUT.others.LUT6    |
    | mul_25s_25s_50_1_1_U1/res[23]_INST_0_i_4  | LUT.others.LUT5    |
    | mul_25s_25s_50_1_1_U1/res[12]_INST_0_i_4  | LUT.others.LUT6    |
    | mul_25s_25s_50_1_1_U1/res[12]_INST_0_i_2  | LUT.others.LUT6    |
    | mul_25s_25s_50_1_1_U1/res[12]_INST_0      | MUXFX.others.MUXF7 |
    +-------------------------------------------+--------------------+

    +-------------------------------------------+--------------------+
    | Path5 Cells                               | Primitive Type     |
    +-------------------------------------------+--------------------+
    | mul_25s_25s_50_1_1_U1/dout                | MULT.dsp.DSP48E1   |
    | mul_25s_25s_50_1_1_U1/dout__0             | MULT.dsp.DSP48E1   |
    | mul_25s_25s_50_1_1_U1/res[71]_INST_0_i_13 | LUT.others.LUT6    |
    | mul_25s_25s_50_1_1_U1/res[71]_INST_0_i_12 | LUT.others.LUT6    |
    | mul_25s_25s_50_1_1_U1/res[71]_INST_0_i_11 | LUT.others.LUT6    |
    | mul_25s_25s_50_1_1_U1/res[71]_INST_0_i_5  | LUT.others.LUT6    |
    | mul_25s_25s_50_1_1_U1/res[23]_INST_0_i_4  | LUT.others.LUT5    |
    | mul_25s_25s_50_1_1_U1/res[8]_INST_0_i_2   | LUT.others.LUT6    |
    | mul_25s_25s_50_1_1_U1/res[8]_INST_0       | MUXFX.others.MUXF7 |
    +-------------------------------------------+--------------------+


================================================================
== Place & Route Vivado Reports
================================================================
+--------------------------+-----------------------------------------------------------------------+
| Report Type              | Report Location                                                       |
+--------------------------+-----------------------------------------------------------------------+
| design_analysis          | impl/verilog/report/mul_float_top_design_analysis_routed.rpt          |
| failfast                 | impl/verilog/report/mul_float_top_failfast_routed.rpt                 |
| status                   | impl/verilog/report/mul_float_top_status_routed.rpt                   |
| timing                   | impl/verilog/report/mul_float_top_timing_routed.rpt                   |
| timing_paths             | impl/verilog/report/mul_float_top_timing_paths_routed.rpt             |
| utilization              | impl/verilog/report/mul_float_top_utilization_routed.rpt              |
| utilization_hierarchical | impl/verilog/report/mul_float_top_utilization_hierarchical_routed.rpt |
+--------------------------+-----------------------------------------------------------------------+


