

Implementation tool: Xilinx Vivado v.2022.2
Project:             mul_float_xilinx
Solution:            mul_float_xilinx_solution
Device target:       xc7z020-clg400-1
Report date:         Tue Mar 28 15:14:30 CEST 2023

#=== Post-Implementation Resource usage ===
SLICE:           59
LUT:            206
FF:               0
DSP:              2
BRAM:             0
URAM:             0
LATCH:            0
SRL:              0
CLB:              0

#=== Final timing ===
CP required:                     50.000
CP achieved post-synthesis:      NA
CP achieved post-implementation: NA
No Sequential Path
